[0.036s] Invoking command in '/home/razanhmede/session9_turtlebot3_razan/session9_turtlebot3_assignmentcpp/build/navigation_robot_custom_interfaces': CMAKE_PREFIX_PATH=${CMAKE_PREFIX_PATH}:/opt/ros/humble /usr/bin/cmake --build /home/razanhmede/session9_turtlebot3_razan/session9_turtlebot3_assignmentcpp/build/navigation_robot_custom_interfaces -- -j4 -l4
[0.252s] [  2%] Built target navigation_robot_custom_interfaces__cpp
[0.378s] [  2%] Built target ament_cmake_python_symlink_navigation_robot_custom_interfaces
[0.454s] [ 12%] Built target navigation_robot_custom_interfaces__rosidl_typesupport_fastrtps_cpp
[0.569s] [ 23%] Built target navigation_robot_custom_interfaces__rosidl_typesupport_introspection_cpp
[1.684s] running egg_info
[1.686s] writing navigation_robot_custom_interfaces.egg-info/PKG-INFO
[1.686s] writing dependency_links to navigation_robot_custom_interfaces.egg-info/dependency_links.txt
[1.687s] writing top-level names to navigation_robot_custom_interfaces.egg-info/top_level.txt
[1.697s] reading manifest file 'navigation_robot_custom_interfaces.egg-info/SOURCES.txt'
[1.702s] writing manifest file 'navigation_robot_custom_interfaces.egg-info/SOURCES.txt'
[1.820s] [ 23%] Built target ament_cmake_python_build_navigation_robot_custom_interfaces_egg
[1.975s] [ 33%] Built target navigation_robot_custom_interfaces__rosidl_typesupport_cpp
[2.087s] [ 43%] Built target navigation_robot_custom_interfaces__rosidl_generator_c
[2.238s] [ 53%] Built target navigation_robot_custom_interfaces__rosidl_typesupport_fastrtps_c
[2.407s] [ 64%] Built target navigation_robot_custom_interfaces__rosidl_typesupport_c
[2.579s] [ 74%] Built target navigation_robot_custom_interfaces__rosidl_typesupport_introspection_c
[2.708s] [ 74%] Built target navigation_robot_custom_interfaces
[2.865s] [ 76%] Built target navigation_robot_custom_interfaces__py
[3.008s] [ 84%] Built target navigation_robot_custom_interfaces__rosidl_generator_py
[3.160s] [ 89%] Built target navigation_robot_custom_interfaces__rosidl_typesupport_fastrtps_c__pyext
[3.270s] [ 94%] Built target navigation_robot_custom_interfaces__rosidl_typesupport_c__pyext
[3.388s] [100%] Built target navigation_robot_custom_interfaces__rosidl_typesupport_introspection_c__pyext
[3.462s] Invoked command in '/home/razanhmede/session9_turtlebot3_razan/session9_turtlebot3_assignmentcpp/build/navigation_robot_custom_interfaces' returned '0': CMAKE_PREFIX_PATH=${CMAKE_PREFIX_PATH}:/opt/ros/humble /usr/bin/cmake --build /home/razanhmede/session9_turtlebot3_razan/session9_turtlebot3_assignmentcpp/build/navigation_robot_custom_interfaces -- -j4 -l4
[4.078s] Invoking command in '/home/razanhmede/session9_turtlebot3_razan/session9_turtlebot3_assignmentcpp/build/navigation_robot_custom_interfaces': CMAKE_PREFIX_PATH=${CMAKE_PREFIX_PATH}:/opt/ros/humble /usr/bin/cmake --install /home/razanhmede/session9_turtlebot3_razan/session9_turtlebot3_assignmentcpp/build/navigation_robot_custom_interfaces
[4.100s] -- Install configuration: ""
[4.105s] -- Execute custom install script
[4.112s] -- Up-to-date symlink: /home/razanhmede/session9_turtlebot3_razan/session9_turtlebot3_assignmentcpp/install/navigation_robot_custom_interfaces/share/ament_index/resource_index/rosidl_interfaces/navigation_robot_custom_interfaces
[4.112s] -- Up-to-date symlink: /home/razanhmede/session9_turtlebot3_razan/session9_turtlebot3_assignmentcpp/install/navigation_robot_custom_interfaces/include/navigation_robot_custom_interfaces/navigation_robot_custom_interfaces/action/detail/measure_lap_time__functions.h
[4.112s] -- Up-to-date symlink: /home/razanhmede/session9_turtlebot3_razan/session9_turtlebot3_assignmentcpp/install/navigation_robot_custom_interfaces/include/navigation_robot_custom_interfaces/navigation_robot_custom_interfaces/action/detail/measure_lap_time__struct.h
[4.112s] -- Up-to-date symlink: /home/razanhmede/session9_turtlebot3_razan/session9_turtlebot3_assignmentcpp/install/navigation_robot_custom_interfaces/include/navigation_robot_custom_interfaces/navigation_robot_custom_interfaces/action/detail/measure_lap_time__type_support.h
[4.113s] -- Up-to-date symlink: /home/razanhmede/session9_turtlebot3_razan/session9_turtlebot3_assignmentcpp/install/navigation_robot_custom_interfaces/include/navigation_robot_custom_interfaces/navigation_robot_custom_interfaces/action/measure_lap_time.h
[4.113s] -- Up-to-date symlink: /home/razanhmede/session9_turtlebot3_razan/session9_turtlebot3_assignmentcpp/install/navigation_robot_custom_interfaces/include/navigation_robot_custom_interfaces/navigation_robot_custom_interfaces/msg/rosidl_generator_c__visibility_control.h
[4.113s] -- Up-to-date symlink: /home/razanhmede/session9_turtlebot3_razan/session9_turtlebot3_assignmentcpp/install/navigation_robot_custom_interfaces/include/navigation_robot_custom_interfaces/navigation_robot_custom_interfaces/srv/detail/find_closest_wall__functions.h
[4.113s] -- Up-to-date symlink: /home/razanhmede/session9_turtlebot3_razan/session9_turtlebot3_assignmentcpp/install/navigation_robot_custom_interfaces/include/navigation_robot_custom_interfaces/navigation_robot_custom_interfaces/srv/detail/find_closest_wall__struct.h
[4.113s] -- Up-to-date symlink: /home/razanhmede/session9_turtlebot3_razan/session9_turtlebot3_assignmentcpp/install/navigation_robot_custom_interfaces/include/navigation_robot_custom_interfaces/navigation_robot_custom_interfaces/srv/detail/find_closest_wall__type_support.h
[4.113s] -- Up-to-date symlink: /home/razanhmede/session9_turtlebot3_razan/session9_turtlebot3_assignmentcpp/install/navigation_robot_custom_interfaces/include/navigation_robot_custom_interfaces/navigation_robot_custom_interfaces/srv/find_closest_wall.h
[4.114s] -- Up-to-date symlink: /home/razanhmede/session9_turtlebot3_razan/session9_turtlebot3_assignmentcpp/install/navigation_robot_custom_interfaces/share/navigation_robot_custom_interfaces/environment/library_path.sh
[4.114s] -- Up-to-date symlink: /home/razanhmede/session9_turtlebot3_razan/session9_turtlebot3_assignmentcpp/install/navigation_robot_custom_interfaces/share/navigation_robot_custom_interfaces/environment/library_path.dsv
[4.115s] -- Up-to-date symlink: /home/razanhmede/session9_turtlebot3_razan/session9_turtlebot3_assignmentcpp/install/navigation_robot_custom_interfaces/include/navigation_robot_custom_interfaces/navigation_robot_custom_interfaces/action/detail/measure_lap_time__rosidl_typesupport_fastrtps_c.h
[4.116s] -- Up-to-date symlink: /home/razanhmede/session9_turtlebot3_razan/session9_turtlebot3_assignmentcpp/install/navigation_robot_custom_interfaces/include/navigation_robot_custom_interfaces/navigation_robot_custom_interfaces/msg/rosidl_typesupport_fastrtps_c__visibility_control.h
[4.117s] -- Up-to-date symlink: /home/razanhmede/session9_turtlebot3_razan/session9_turtlebot3_assignmentcpp/install/navigation_robot_custom_interfaces/include/navigation_robot_custom_interfaces/navigation_robot_custom_interfaces/srv/detail/find_closest_wall__rosidl_typesupport_fastrtps_c.h
[4.118s] -- Up-to-date symlink: /home/razanhmede/session9_turtlebot3_razan/session9_turtlebot3_assignmentcpp/install/navigation_robot_custom_interfaces/include/navigation_robot_custom_interfaces/navigation_robot_custom_interfaces/action/detail/measure_lap_time__builder.hpp
[4.119s] -- Up-to-date symlink: /home/razanhmede/session9_turtlebot3_razan/session9_turtlebot3_assignmentcpp/install/navigation_robot_custom_interfaces/include/navigation_robot_custom_interfaces/navigation_robot_custom_interfaces/action/detail/measure_lap_time__struct.hpp
[4.120s] -- Up-to-date symlink: /home/razanhmede/session9_turtlebot3_razan/session9_turtlebot3_assignmentcpp/install/navigation_robot_custom_interfaces/include/navigation_robot_custom_interfaces/navigation_robot_custom_interfaces/action/detail/measure_lap_time__traits.hpp
[4.121s] -- Up-to-date symlink: /home/razanhmede/session9_turtlebot3_razan/session9_turtlebot3_assignmentcpp/install/navigation_robot_custom_interfaces/include/navigation_robot_custom_interfaces/navigation_robot_custom_interfaces/action/measure_lap_time.hpp
[4.122s] -- Up-to-date symlink: /home/razanhmede/session9_turtlebot3_razan/session9_turtlebot3_assignmentcpp/install/navigation_robot_custom_interfaces/include/navigation_robot_custom_interfaces/navigation_robot_custom_interfaces/srv/detail/find_closest_wall__builder.hpp
[4.122s] -- Up-to-date symlink: /home/razanhmede/session9_turtlebot3_razan/session9_turtlebot3_assignmentcpp/install/navigation_robot_custom_interfaces/include/navigation_robot_custom_interfaces/navigation_robot_custom_interfaces/srv/detail/find_closest_wall__struct.hpp
[4.122s] -- Up-to-date symlink: /home/razanhmede/session9_turtlebot3_razan/session9_turtlebot3_assignmentcpp/install/navigation_robot_custom_interfaces/include/navigation_robot_custom_interfaces/navigation_robot_custom_interfaces/srv/detail/find_closest_wall__traits.hpp
[4.123s] -- Up-to-date symlink: /home/razanhmede/session9_turtlebot3_razan/session9_turtlebot3_assignmentcpp/install/navigation_robot_custom_interfaces/include/navigation_robot_custom_interfaces/navigation_robot_custom_interfaces/srv/find_closest_wall.hpp
[4.124s] -- Up-to-date symlink: /home/razanhmede/session9_turtlebot3_razan/session9_turtlebot3_assignmentcpp/install/navigation_robot_custom_interfaces/include/navigation_robot_custom_interfaces/navigation_robot_custom_interfaces/action/detail/measure_lap_time__rosidl_typesupport_fastrtps_cpp.hpp
[4.125s] -- Up-to-date symlink: /home/razanhmede/session9_turtlebot3_razan/session9_turtlebot3_assignmentcpp/install/navigation_robot_custom_interfaces/include/navigation_robot_custom_interfaces/navigation_robot_custom_interfaces/msg/rosidl_typesupport_fastrtps_cpp__visibility_control.h
[4.125s] -- Up-to-date symlink: /home/razanhmede/session9_turtlebot3_razan/session9_turtlebot3_assignmentcpp/install/navigation_robot_custom_interfaces/include/navigation_robot_custom_interfaces/navigation_robot_custom_interfaces/srv/detail/find_closest_wall__rosidl_typesupport_fastrtps_cpp.hpp
[4.126s] -- Up-to-date symlink: /home/razanhmede/session9_turtlebot3_razan/session9_turtlebot3_assignmentcpp/install/navigation_robot_custom_interfaces/include/navigation_robot_custom_interfaces/navigation_robot_custom_interfaces/action/detail/measure_lap_time__rosidl_typesupport_introspection_c.h
[4.126s] -- Up-to-date symlink: /home/razanhmede/session9_turtlebot3_razan/session9_turtlebot3_assignmentcpp/install/navigation_robot_custom_interfaces/include/navigation_robot_custom_interfaces/navigation_robot_custom_interfaces/msg/rosidl_typesupport_introspection_c__visibility_control.h
[4.127s] -- Up-to-date symlink: /home/razanhmede/session9_turtlebot3_razan/session9_turtlebot3_assignmentcpp/install/navigation_robot_custom_interfaces/include/navigation_robot_custom_interfaces/navigation_robot_custom_interfaces/srv/detail/find_closest_wall__rosidl_typesupport_introspection_c.h
[4.127s] -- Up-to-date symlink: /home/razanhmede/session9_turtlebot3_razan/session9_turtlebot3_assignmentcpp/install/navigation_robot_custom_interfaces/include/navigation_robot_custom_interfaces/navigation_robot_custom_interfaces/action/detail/measure_lap_time__rosidl_typesupport_introspection_cpp.hpp
[4.128s] -- Up-to-date symlink: /home/razanhmede/session9_turtlebot3_razan/session9_turtlebot3_assignmentcpp/install/navigation_robot_custom_interfaces/include/navigation_robot_custom_interfaces/navigation_robot_custom_interfaces/srv/detail/find_closest_wall__rosidl_typesupport_introspection_cpp.hpp
[4.128s] -- Up-to-date symlink: /home/razanhmede/session9_turtlebot3_razan/session9_turtlebot3_assignmentcpp/install/navigation_robot_custom_interfaces/share/navigation_robot_custom_interfaces/environment/pythonpath.sh
[4.129s] -- Up-to-date symlink: /home/razanhmede/session9_turtlebot3_razan/session9_turtlebot3_assignmentcpp/install/navigation_robot_custom_interfaces/share/navigation_robot_custom_interfaces/environment/pythonpath.dsv
[4.130s] -- Up-to-date symlink: /home/razanhmede/session9_turtlebot3_razan/session9_turtlebot3_assignmentcpp/install/navigation_robot_custom_interfaces/local/lib/python3.10/dist-packages/navigation_robot_custom_interfaces-0.0.0-py3.10.egg-info/PKG-INFO
[4.130s] -- Up-to-date symlink: /home/razanhmede/session9_turtlebot3_razan/session9_turtlebot3_assignmentcpp/install/navigation_robot_custom_interfaces/local/lib/python3.10/dist-packages/navigation_robot_custom_interfaces-0.0.0-py3.10.egg-info/SOURCES.txt
[4.131s] -- Up-to-date symlink: /home/razanhmede/session9_turtlebot3_razan/session9_turtlebot3_assignmentcpp/install/navigation_robot_custom_interfaces/local/lib/python3.10/dist-packages/navigation_robot_custom_interfaces-0.0.0-py3.10.egg-info/dependency_links.txt
[4.131s] -- Up-to-date symlink: /home/razanhmede/session9_turtlebot3_razan/session9_turtlebot3_assignmentcpp/install/navigation_robot_custom_interfaces/local/lib/python3.10/dist-packages/navigation_robot_custom_interfaces-0.0.0-py3.10.egg-info/top_level.txt
[4.132s] -- Up-to-date symlink: /home/razanhmede/session9_turtlebot3_razan/session9_turtlebot3_assignmentcpp/install/navigation_robot_custom_interfaces/local/lib/python3.10/dist-packages/navigation_robot_custom_interfaces/__init__.py
[4.133s] -- Up-to-date symlink: /home/razanhmede/session9_turtlebot3_razan/session9_turtlebot3_assignmentcpp/install/navigation_robot_custom_interfaces/local/lib/python3.10/dist-packages/navigation_robot_custom_interfaces/_navigation_robot_custom_interfaces_s.ep.rosidl_typesupport_c.c
[4.133s] -- Up-to-date symlink: /home/razanhmede/session9_turtlebot3_razan/session9_turtlebot3_assignmentcpp/install/navigation_robot_custom_interfaces/local/lib/python3.10/dist-packages/navigation_robot_custom_interfaces/_navigation_robot_custom_interfaces_s.ep.rosidl_typesupport_fastrtps_c.c
[4.133s] -- Up-to-date symlink: /home/razanhmede/session9_turtlebot3_razan/session9_turtlebot3_assignmentcpp/install/navigation_robot_custom_interfaces/local/lib/python3.10/dist-packages/navigation_robot_custom_interfaces/_navigation_robot_custom_interfaces_s.ep.rosidl_typesupport_introspection_c.c
[4.137s] -- Up-to-date symlink: /home/razanhmede/session9_turtlebot3_razan/session9_turtlebot3_assignmentcpp/install/navigation_robot_custom_interfaces/local/lib/python3.10/dist-packages/navigation_robot_custom_interfaces/action/__init__.py
[4.137s] -- Up-to-date symlink: /home/razanhmede/session9_turtlebot3_razan/session9_turtlebot3_assignmentcpp/install/navigation_robot_custom_interfaces/local/lib/python3.10/dist-packages/navigation_robot_custom_interfaces/action/_measure_lap_time.py
[4.138s] -- Up-to-date symlink: /home/razanhmede/session9_turtlebot3_razan/session9_turtlebot3_assignmentcpp/install/navigation_robot_custom_interfaces/local/lib/python3.10/dist-packages/navigation_robot_custom_interfaces/action/_measure_lap_time_s.c
[4.142s] -- Up-to-date symlink: /home/razanhmede/session9_turtlebot3_razan/session9_turtlebot3_assignmentcpp/install/navigation_robot_custom_interfaces/local/lib/python3.10/dist-packages/navigation_robot_custom_interfaces/libnavigation_robot_custom_interfaces__rosidl_generator_py.so
[4.142s] -- Up-to-date symlink: /home/razanhmede/session9_turtlebot3_razan/session9_turtlebot3_assignmentcpp/install/navigation_robot_custom_interfaces/local/lib/python3.10/dist-packages/navigation_robot_custom_interfaces/navigation_robot_custom_interfaces_s__rosidl_typesupport_c.cpython-310-x86_64-linux-gnu.so
[4.142s] -- Up-to-date symlink: /home/razanhmede/session9_turtlebot3_razan/session9_turtlebot3_assignmentcpp/install/navigation_robot_custom_interfaces/local/lib/python3.10/dist-packages/navigation_robot_custom_interfaces/navigation_robot_custom_interfaces_s__rosidl_typesupport_fastrtps_c.cpython-310-x86_64-linux-gnu.so
[4.143s] -- Up-to-date symlink: /home/razanhmede/session9_turtlebot3_razan/session9_turtlebot3_assignmentcpp/install/navigation_robot_custom_interfaces/local/lib/python3.10/dist-packages/navigation_robot_custom_interfaces/navigation_robot_custom_interfaces_s__rosidl_typesupport_introspection_c.cpython-310-x86_64-linux-gnu.so
[4.143s] -- Up-to-date symlink: /home/razanhmede/session9_turtlebot3_razan/session9_turtlebot3_assignmentcpp/install/navigation_robot_custom_interfaces/local/lib/python3.10/dist-packages/navigation_robot_custom_interfaces/srv/__init__.py
[4.143s] -- Up-to-date symlink: /home/razanhmede/session9_turtlebot3_razan/session9_turtlebot3_assignmentcpp/install/navigation_robot_custom_interfaces/local/lib/python3.10/dist-packages/navigation_robot_custom_interfaces/srv/_find_closest_wall.py
[4.143s] -- Up-to-date symlink: /home/razanhmede/session9_turtlebot3_razan/session9_turtlebot3_assignmentcpp/install/navigation_robot_custom_interfaces/local/lib/python3.10/dist-packages/navigation_robot_custom_interfaces/srv/_find_closest_wall_s.c
[4.143s] -- Up-to-date symlink: /home/razanhmede/session9_turtlebot3_razan/session9_turtlebot3_assignmentcpp/install/navigation_robot_custom_interfaces/local/lib/python3.10/dist-packages/navigation_robot_custom_interfaces/navigation_robot_custom_interfaces_s__rosidl_typesupport_fastrtps_c.cpython-310-x86_64-linux-gnu.so
[4.143s] -- Up-to-date symlink: /home/razanhmede/session9_turtlebot3_razan/session9_turtlebot3_assignmentcpp/install/navigation_robot_custom_interfaces/local/lib/python3.10/dist-packages/navigation_robot_custom_interfaces/navigation_robot_custom_interfaces_s__rosidl_typesupport_introspection_c.cpython-310-x86_64-linux-gnu.so
[4.149s] -- Up-to-date symlink: /home/razanhmede/session9_turtlebot3_razan/session9_turtlebot3_assignmentcpp/install/navigation_robot_custom_interfaces/local/lib/python3.10/dist-packages/navigation_robot_custom_interfaces/navigation_robot_custom_interfaces_s__rosidl_typesupport_c.cpython-310-x86_64-linux-gnu.so
[4.149s] -- Up-to-date symlink: /home/razanhmede/session9_turtlebot3_razan/session9_turtlebot3_assignmentcpp/install/navigation_robot_custom_interfaces/share/navigation_robot_custom_interfaces/srv/FindClosestWall.idl
[4.150s] -- Up-to-date symlink: /home/razanhmede/session9_turtlebot3_razan/session9_turtlebot3_assignmentcpp/install/navigation_robot_custom_interfaces/share/navigation_robot_custom_interfaces/action/MeasureLapTime.idl
[4.151s] -- Up-to-date symlink: /home/razanhmede/session9_turtlebot3_razan/session9_turtlebot3_assignmentcpp/install/navigation_robot_custom_interfaces/share/navigation_robot_custom_interfaces/srv/FindClosestWall.srv
[4.151s] -- Up-to-date symlink: /home/razanhmede/session9_turtlebot3_razan/session9_turtlebot3_assignmentcpp/install/navigation_robot_custom_interfaces/share/navigation_robot_custom_interfaces/srv/FindClosestWall_Request.msg
[4.152s] -- Up-to-date symlink: /home/razanhmede/session9_turtlebot3_razan/session9_turtlebot3_assignmentcpp/install/navigation_robot_custom_interfaces/share/navigation_robot_custom_interfaces/srv/FindClosestWall_Response.msg
[4.153s] -- Up-to-date symlink: /home/razanhmede/session9_turtlebot3_razan/session9_turtlebot3_assignmentcpp/install/navigation_robot_custom_interfaces/share/navigation_robot_custom_interfaces/action/MeasureLapTime.action
[4.154s] -- Up-to-date symlink: /home/razanhmede/session9_turtlebot3_razan/session9_turtlebot3_assignmentcpp/install/navigation_robot_custom_interfaces/share/ament_index/resource_index/package_run_dependencies/navigation_robot_custom_interfaces
[4.160s] -- Up-to-date symlink: /home/razanhmede/session9_turtlebot3_razan/session9_turtlebot3_assignmentcpp/install/navigation_robot_custom_interfaces/share/ament_index/resource_index/parent_prefix_path/navigation_robot_custom_interfaces
[4.160s] -- Up-to-date symlink: /home/razanhmede/session9_turtlebot3_razan/session9_turtlebot3_assignmentcpp/install/navigation_robot_custom_interfaces/share/navigation_robot_custom_interfaces/environment/ament_prefix_path.sh
[4.161s] -- Up-to-date symlink: /home/razanhmede/session9_turtlebot3_razan/session9_turtlebot3_assignmentcpp/install/navigation_robot_custom_interfaces/share/navigation_robot_custom_interfaces/environment/ament_prefix_path.dsv
[4.161s] -- Up-to-date symlink: /home/razanhmede/session9_turtlebot3_razan/session9_turtlebot3_assignmentcpp/install/navigation_robot_custom_interfaces/share/navigation_robot_custom_interfaces/environment/path.sh
[4.161s] -- Up-to-date symlink: /home/razanhmede/session9_turtlebot3_razan/session9_turtlebot3_assignmentcpp/install/navigation_robot_custom_interfaces/share/navigation_robot_custom_interfaces/environment/path.dsv
[4.161s] -- Up-to-date symlink: /home/razanhmede/session9_turtlebot3_razan/session9_turtlebot3_assignmentcpp/install/navigation_robot_custom_interfaces/share/navigation_robot_custom_interfaces/local_setup.bash
[4.161s] -- Up-to-date symlink: /home/razanhmede/session9_turtlebot3_razan/session9_turtlebot3_assignmentcpp/install/navigation_robot_custom_interfaces/share/navigation_robot_custom_interfaces/local_setup.sh
[4.162s] -- Up-to-date symlink: /home/razanhmede/session9_turtlebot3_razan/session9_turtlebot3_assignmentcpp/install/navigation_robot_custom_interfaces/share/navigation_robot_custom_interfaces/local_setup.zsh
[4.162s] -- Up-to-date symlink: /home/razanhmede/session9_turtlebot3_razan/session9_turtlebot3_assignmentcpp/install/navigation_robot_custom_interfaces/share/navigation_robot_custom_interfaces/local_setup.dsv
[4.162s] -- Symlinking: /home/razanhmede/session9_turtlebot3_razan/session9_turtlebot3_assignmentcpp/install/navigation_robot_custom_interfaces/share/navigation_robot_custom_interfaces/package.dsv
[4.183s] -- Up-to-date symlink: /home/razanhmede/session9_turtlebot3_razan/session9_turtlebot3_assignmentcpp/install/navigation_robot_custom_interfaces/share/ament_index/resource_index/packages/navigation_robot_custom_interfaces
[4.183s] -- Up-to-date symlink: /home/razanhmede/session9_turtlebot3_razan/session9_turtlebot3_assignmentcpp/install/navigation_robot_custom_interfaces/share/navigation_robot_custom_interfaces/cmake/rosidl_cmake-extras.cmake
[4.183s] -- Up-to-date symlink: /home/razanhmede/session9_turtlebot3_razan/session9_turtlebot3_assignmentcpp/install/navigation_robot_custom_interfaces/share/navigation_robot_custom_interfaces/cmake/ament_cmake_export_dependencies-extras.cmake
[4.184s] -- Up-to-date symlink: /home/razanhmede/session9_turtlebot3_razan/session9_turtlebot3_assignmentcpp/install/navigation_robot_custom_interfaces/share/navigation_robot_custom_interfaces/cmake/ament_cmake_export_include_directories-extras.cmake
[4.184s] -- Up-to-date symlink: /home/razanhmede/session9_turtlebot3_razan/session9_turtlebot3_assignmentcpp/install/navigation_robot_custom_interfaces/share/navigation_robot_custom_interfaces/cmake/ament_cmake_export_libraries-extras.cmake
[4.184s] -- Up-to-date symlink: /home/razanhmede/session9_turtlebot3_razan/session9_turtlebot3_assignmentcpp/install/navigation_robot_custom_interfaces/share/navigation_robot_custom_interfaces/cmake/ament_cmake_export_targets-extras.cmake
[4.185s] -- Up-to-date symlink: /home/razanhmede/session9_turtlebot3_razan/session9_turtlebot3_assignmentcpp/install/navigation_robot_custom_interfaces/share/navigation_robot_custom_interfaces/cmake/rosidl_cmake_export_typesupport_targets-extras.cmake
[4.185s] -- Up-to-date symlink: /home/razanhmede/session9_turtlebot3_razan/session9_turtlebot3_assignmentcpp/install/navigation_robot_custom_interfaces/share/navigation_robot_custom_interfaces/cmake/rosidl_cmake_export_typesupport_libraries-extras.cmake
[4.185s] -- Up-to-date symlink: /home/razanhmede/session9_turtlebot3_razan/session9_turtlebot3_assignmentcpp/install/navigation_robot_custom_interfaces/share/navigation_robot_custom_interfaces/cmake/navigation_robot_custom_interfacesConfig.cmake
[4.185s] -- Up-to-date symlink: /home/razanhmede/session9_turtlebot3_razan/session9_turtlebot3_assignmentcpp/install/navigation_robot_custom_interfaces/share/navigation_robot_custom_interfaces/cmake/navigation_robot_custom_interfacesConfig-version.cmake
[4.186s] -- Up-to-date symlink: /home/razanhmede/session9_turtlebot3_razan/session9_turtlebot3_assignmentcpp/install/navigation_robot_custom_interfaces/share/navigation_robot_custom_interfaces/package.xml
[4.187s] -- Up-to-date: /home/razanhmede/session9_turtlebot3_razan/session9_turtlebot3_assignmentcpp/install/navigation_robot_custom_interfaces/lib/libnavigation_robot_custom_interfaces__rosidl_generator_c.so
[4.187s] -- Up-to-date: /home/razanhmede/session9_turtlebot3_razan/session9_turtlebot3_assignmentcpp/install/navigation_robot_custom_interfaces/lib/libnavigation_robot_custom_interfaces__rosidl_typesupport_fastrtps_c.so
[4.188s] -- Up-to-date: /home/razanhmede/session9_turtlebot3_razan/session9_turtlebot3_assignmentcpp/install/navigation_robot_custom_interfaces/lib/libnavigation_robot_custom_interfaces__rosidl_typesupport_fastrtps_cpp.so
[4.189s] -- Up-to-date: /home/razanhmede/session9_turtlebot3_razan/session9_turtlebot3_assignmentcpp/install/navigation_robot_custom_interfaces/lib/libnavigation_robot_custom_interfaces__rosidl_typesupport_introspection_c.so
[4.190s] -- Up-to-date: /home/razanhmede/session9_turtlebot3_razan/session9_turtlebot3_assignmentcpp/install/navigation_robot_custom_interfaces/lib/libnavigation_robot_custom_interfaces__rosidl_typesupport_c.so
[4.191s] -- Up-to-date: /home/razanhmede/session9_turtlebot3_razan/session9_turtlebot3_assignmentcpp/install/navigation_robot_custom_interfaces/lib/libnavigation_robot_custom_interfaces__rosidl_typesupport_introspection_cpp.so
[4.191s] -- Up-to-date: /home/razanhmede/session9_turtlebot3_razan/session9_turtlebot3_assignmentcpp/install/navigation_robot_custom_interfaces/lib/libnavigation_robot_custom_interfaces__rosidl_typesupport_cpp.so
[4.364s] Listing '/home/razanhmede/session9_turtlebot3_razan/session9_turtlebot3_assignmentcpp/install/navigation_robot_custom_interfaces/local/lib/python3.10/dist-packages/navigation_robot_custom_interfaces'...
[4.364s] Listing '/home/razanhmede/session9_turtlebot3_razan/session9_turtlebot3_assignmentcpp/install/navigation_robot_custom_interfaces/local/lib/python3.10/dist-packages/navigation_robot_custom_interfaces/action'...
[4.364s] Listing '/home/razanhmede/session9_turtlebot3_razan/session9_turtlebot3_assignmentcpp/install/navigation_robot_custom_interfaces/local/lib/python3.10/dist-packages/navigation_robot_custom_interfaces/srv'...
[4.398s] -- Up-to-date: /home/razanhmede/session9_turtlebot3_razan/session9_turtlebot3_assignmentcpp/install/navigation_robot_custom_interfaces/lib/libnavigation_robot_custom_interfaces__rosidl_generator_py.so
[4.398s] -- Up-to-date: /home/razanhmede/session9_turtlebot3_razan/session9_turtlebot3_assignmentcpp/install/navigation_robot_custom_interfaces/share/navigation_robot_custom_interfaces/cmake/export_navigation_robot_custom_interfaces__rosidl_generator_cExport.cmake
[4.398s] -- Up-to-date: /home/razanhmede/session9_turtlebot3_razan/session9_turtlebot3_assignmentcpp/install/navigation_robot_custom_interfaces/share/navigation_robot_custom_interfaces/cmake/export_navigation_robot_custom_interfaces__rosidl_generator_cExport-noconfig.cmake
[4.398s] -- Up-to-date: /home/razanhmede/session9_turtlebot3_razan/session9_turtlebot3_assignmentcpp/install/navigation_robot_custom_interfaces/share/navigation_robot_custom_interfaces/cmake/export_navigation_robot_custom_interfaces__rosidl_typesupport_fastrtps_cExport.cmake
[4.399s] -- Up-to-date: /home/razanhmede/session9_turtlebot3_razan/session9_turtlebot3_assignmentcpp/install/navigation_robot_custom_interfaces/share/navigation_robot_custom_interfaces/cmake/export_navigation_robot_custom_interfaces__rosidl_typesupport_fastrtps_cExport-noconfig.cmake
[4.399s] -- Up-to-date: /home/razanhmede/session9_turtlebot3_razan/session9_turtlebot3_assignmentcpp/install/navigation_robot_custom_interfaces/share/navigation_robot_custom_interfaces/cmake/export_navigation_robot_custom_interfaces__rosidl_generator_cppExport.cmake
[4.399s] -- Up-to-date: /home/razanhmede/session9_turtlebot3_razan/session9_turtlebot3_assignmentcpp/install/navigation_robot_custom_interfaces/share/navigation_robot_custom_interfaces/cmake/export_navigation_robot_custom_interfaces__rosidl_typesupport_fastrtps_cppExport.cmake
[4.400s] -- Up-to-date: /home/razanhmede/session9_turtlebot3_razan/session9_turtlebot3_assignmentcpp/install/navigation_robot_custom_interfaces/share/navigation_robot_custom_interfaces/cmake/export_navigation_robot_custom_interfaces__rosidl_typesupport_fastrtps_cppExport-noconfig.cmake
[4.400s] -- Up-to-date: /home/razanhmede/session9_turtlebot3_razan/session9_turtlebot3_assignmentcpp/install/navigation_robot_custom_interfaces/share/navigation_robot_custom_interfaces/cmake/navigation_robot_custom_interfaces__rosidl_typesupport_introspection_cExport.cmake
[4.401s] -- Up-to-date: /home/razanhmede/session9_turtlebot3_razan/session9_turtlebot3_assignmentcpp/install/navigation_robot_custom_interfaces/share/navigation_robot_custom_interfaces/cmake/navigation_robot_custom_interfaces__rosidl_typesupport_introspection_cExport-noconfig.cmake
[4.401s] -- Up-to-date: /home/razanhmede/session9_turtlebot3_razan/session9_turtlebot3_assignmentcpp/install/navigation_robot_custom_interfaces/share/navigation_robot_custom_interfaces/cmake/navigation_robot_custom_interfaces__rosidl_typesupport_cExport.cmake
[4.401s] -- Up-to-date: /home/razanhmede/session9_turtlebot3_razan/session9_turtlebot3_assignmentcpp/install/navigation_robot_custom_interfaces/share/navigation_robot_custom_interfaces/cmake/navigation_robot_custom_interfaces__rosidl_typesupport_cExport-noconfig.cmake
[4.401s] -- Up-to-date: /home/razanhmede/session9_turtlebot3_razan/session9_turtlebot3_assignmentcpp/install/navigation_robot_custom_interfaces/share/navigation_robot_custom_interfaces/cmake/navigation_robot_custom_interfaces__rosidl_typesupport_introspection_cppExport.cmake
[4.402s] -- Up-to-date: /home/razanhmede/session9_turtlebot3_razan/session9_turtlebot3_assignmentcpp/install/navigation_robot_custom_interfaces/share/navigation_robot_custom_interfaces/cmake/navigation_robot_custom_interfaces__rosidl_typesupport_introspection_cppExport-noconfig.cmake
[4.402s] -- Up-to-date: /home/razanhmede/session9_turtlebot3_razan/session9_turtlebot3_assignmentcpp/install/navigation_robot_custom_interfaces/share/navigation_robot_custom_interfaces/cmake/navigation_robot_custom_interfaces__rosidl_typesupport_cppExport.cmake
[4.402s] -- Up-to-date: /home/razanhmede/session9_turtlebot3_razan/session9_turtlebot3_assignmentcpp/install/navigation_robot_custom_interfaces/share/navigation_robot_custom_interfaces/cmake/navigation_robot_custom_interfaces__rosidl_typesupport_cppExport-noconfig.cmake
[4.402s] -- Up-to-date: /home/razanhmede/session9_turtlebot3_razan/session9_turtlebot3_assignmentcpp/install/navigation_robot_custom_interfaces/share/navigation_robot_custom_interfaces/cmake/export_navigation_robot_custom_interfaces__rosidl_generator_pyExport.cmake
[4.403s] -- Up-to-date: /home/razanhmede/session9_turtlebot3_razan/session9_turtlebot3_assignmentcpp/install/navigation_robot_custom_interfaces/share/navigation_robot_custom_interfaces/cmake/export_navigation_robot_custom_interfaces__rosidl_generator_pyExport-noconfig.cmake
[4.412s] Invoked command in '/home/razanhmede/session9_turtlebot3_razan/session9_turtlebot3_assignmentcpp/build/navigation_robot_custom_interfaces' returned '0': CMAKE_PREFIX_PATH=${CMAKE_PREFIX_PATH}:/opt/ros/humble /usr/bin/cmake --install /home/razanhmede/session9_turtlebot3_razan/session9_turtlebot3_assignmentcpp/build/navigation_robot_custom_interfaces
