[01m[K/home/razanhmede/session9_turtlebot3_razan/session9_turtlebot3_assignmentcpp/src/turtlebot3robotcpp/src/robot_driver_node.cpp:[m[K In member function ‘[01m[Kvoid RobotDriver::callFindClosestWall()[m[K’:
[01m[K/home/razanhmede/session9_turtlebot3_razan/session9_turtlebot3_assignmentcpp/src/turtlebot3robotcpp/src/robot_driver_node.cpp:60:53:[m[K [01;31m[Kerror: [m[Kno matching function for call to ‘[01m[Kspin_until_future_complete(RobotDriver*, rclcpp::Client<navigation_robot_custom_interfaces::srv::FindClosestWall>::FutureAndRequestId&)[m[K’
   60 |     auto result = [01;31m[Krclcpp::spin_until_future_complete(this, future)[m[K;
      |                   [01;31m[K~~~~~~~~~~~~~~~~~~~~~~~~~~~~~~~~~~^~~~~~~~~~~~~~[m[K
In file included from [01m[K/opt/ros/humble/include/rclcpp/rclcpp/rclcpp.hpp:155[m[K,
                 from [01m[K/home/razanhmede/session9_turtlebot3_razan/session9_turtlebot3_assignmentcpp/src/turtlebot3robotcpp/include/turtlebot3robotcpp/robot_driver_node.hpp:4[m[K,
                 from [01m[K/home/razanhmede/session9_turtlebot3_razan/session9_turtlebot3_assignmentcpp/src/turtlebot3robotcpp/src/robot_driver_node.cpp:1[m[K:
[01m[K/opt/ros/humble/include/rclcpp/rclcpp/executors.hpp:105:1:[m[K [01;36m[Knote: [m[Kcandidate: ‘[01m[Ktemplate<class FutureT, class TimeRepT, class TimeT> rclcpp::FutureReturnCode rclcpp::spin_until_future_complete(rclcpp::node_interfaces::NodeBaseInterface::SharedPtr, const FutureT&, std::chrono::duration<_Rep, _Period>)[m[K’
  105 | [01;36m[Kspin_until_future_complete[m[K(
      | [01;36m[K^~~~~~~~~~~~~~~~~~~~~~~~~~[m[K
[01m[K/opt/ros/humble/include/rclcpp/rclcpp/executors.hpp:105:1:[m[K [01;36m[Knote: [m[K  template argument deduction/substitution failed:
[01m[K/home/razanhmede/session9_turtlebot3_razan/session9_turtlebot3_assignmentcpp/src/turtlebot3robotcpp/src/robot_driver_node.cpp:60:54:[m[K [01;36m[Knote: [m[K  cannot convert ‘[01m[K(RobotDriver*)this[m[K’ (type ‘[01m[KRobotDriver*[m[K’) to type ‘[01m[Krclcpp::node_interfaces::NodeBaseInterface::SharedPtr[m[K’ {aka ‘[01m[Kstd::shared_ptr<rclcpp::node_interfaces::NodeBaseInterface>[m[K’}
   60 |     auto result = rclcpp::spin_until_future_complete([01;36m[Kthis[m[K, future);
      |                                                      [01;36m[K^~~~[m[K
In file included from [01m[K/opt/ros/humble/include/rclcpp/rclcpp/rclcpp.hpp:155[m[K,
                 from [01m[K/home/razanhmede/session9_turtlebot3_razan/session9_turtlebot3_assignmentcpp/src/turtlebot3robotcpp/include/turtlebot3robotcpp/robot_driver_node.hpp:4[m[K,
                 from [01m[K/home/razanhmede/session9_turtlebot3_razan/session9_turtlebot3_assignmentcpp/src/turtlebot3robotcpp/src/robot_driver_node.cpp:1[m[K:
[01m[K/opt/ros/humble/include/rclcpp/rclcpp/executors.hpp:117:1:[m[K [01;36m[Knote: [m[Kcandidate: ‘[01m[Ktemplate<class NodeT, class FutureT, class TimeRepT, class TimeT> rclcpp::FutureReturnCode rclcpp::spin_until_future_complete(std::shared_ptr<_Tp>, const FutureT&, std::chrono::duration<_Rep2, _Period2>)[m[K’
  117 | [01;36m[Kspin_until_future_complete[m[K(
      | [01;36m[K^~~~~~~~~~~~~~~~~~~~~~~~~~[m[K
[01m[K/opt/ros/humble/include/rclcpp/rclcpp/executors.hpp:117:1:[m[K [01;36m[Knote: [m[K  template argument deduction/substitution failed:
[01m[K/home/razanhmede/session9_turtlebot3_razan/session9_turtlebot3_assignmentcpp/src/turtlebot3robotcpp/src/robot_driver_node.cpp:60:53:[m[K [01;36m[Knote: [m[K  mismatched types ‘[01m[Kstd::shared_ptr<_Tp>[m[K’ and ‘[01m[KRobotDriver*[m[K’
   60 |     auto result = [01;36m[Krclcpp::spin_until_future_complete(this, future)[m[K;
      |                   [01;36m[K~~~~~~~~~~~~~~~~~~~~~~~~~~~~~~~~~~^~~~~~~~~~~~~~[m[K
gmake[2]: *** [CMakeFiles/robot_driver_node.dir/build.make:76: CMakeFiles/robot_driver_node.dir/src/robot_driver_node.cpp.o] Error 1
gmake[1]: *** [CMakeFiles/Makefile2:137: CMakeFiles/robot_driver_node.dir/all] Error 2
gmake: *** [Makefile:146: all] Error 2
