[ 25%] Built target robot_driver_node
[ 50%] Built target lap_time_client
[35m[1mConsolidate compiler generated dependencies of target lap_time_server[0m
[ 62%] [32mBuilding CXX object CMakeFiles/lap_time_server.dir/src/lap_time_server.cpp.o[0m
[01m[K/home/razanhmede/session9_turtlebot3_razan/session9_turtlebot3_assignmentcpp/src/turtlebot3robotcpp/src/lap_time_server.cpp:[m[K In constructor ‘[01m[KLapTimeServer::LapTimeServer()[m[K’:
[01m[K/home/razanhmede/session9_turtlebot3_razan/session9_turtlebot3_assignmentcpp/src/turtlebot3robotcpp/src/lap_time_server.cpp:25:48:[m[K [01;31m[Kerror: [m[K‘[01m[KDefaultOptions[m[K’ is not a member of ‘[01m[Krclcpp_action::Server<navigation_robot_custom_interfaces::action::MeasureLapTime>[m[K’
   25 |         rclcpp_action::Server<MeasureLapTime>::[01;31m[KDefaultOptions[m[K(),
      |                                                [01;31m[K^~~~~~~~~~~~~~[m[K
[01m[K/home/razanhmede/session9_turtlebot3_razan/session9_turtlebot3_assignmentcpp/src/turtlebot3robotcpp/src/lap_time_server.cpp:[m[K In member function ‘[01m[Kvoid LapTimeServer::execute(std::shared_ptr<rclcpp_action::ServerGoalHandle<navigation_robot_custom_interfaces::action::MeasureLapTime> >)[m[K’:
[01m[K/home/razanhmede/session9_turtlebot3_razan/session9_turtlebot3_assignmentcpp/src/turtlebot3robotcpp/src/lap_time_server.cpp:109:38:[m[K [01;31m[Kerror: [m[K‘[01m[Kusing element_type = class rclcpp_action::ServerGoalHandle<navigation_robot_custom_interfaces::action::MeasureLapTime>[m[K’ {aka ‘[01m[Kclass rclcpp_action::ServerGoalHandle<navigation_robot_custom_interfaces::action::MeasureLapTime>[m[K’} has no member named ‘[01m[Kget_goal_status[m[K’
  109 |                     if (goal_handle->[01;31m[Kget_goal_status[m[K().status == rclcpp_action::GoalStatus::SUCCEEDED ||
      |                                      [01;31m[K^~~~~~~~~~~~~~~[m[K
[01m[K/home/razanhmede/session9_turtlebot3_razan/session9_turtlebot3_assignmentcpp/src/turtlebot3robotcpp/src/lap_time_server.cpp:109:93:[m[K [01;31m[Kerror: [m[K‘[01m[KSUCCEEDED[m[K’ is not a member of ‘[01m[Krclcpp_action::GoalStatus[m[K’ {aka ‘[01m[Kaction_msgs::msg::GoalStatus_<std::allocator<void> >[m[K’}
  109 |                     if (goal_handle->get_goal_status().status == rclcpp_action::GoalStatus::[01;31m[KSUCCEEDED[m[K ||
      |                                                                                             [01;31m[K^~~~~~~~~[m[K
[01m[K/home/razanhmede/session9_turtlebot3_razan/session9_turtlebot3_assignmentcpp/src/turtlebot3robotcpp/src/lap_time_server.cpp:110:38:[m[K [01;31m[Kerror: [m[K‘[01m[Kusing element_type = class rclcpp_action::ServerGoalHandle<navigation_robot_custom_interfaces::action::MeasureLapTime>[m[K’ {aka ‘[01m[Kclass rclcpp_action::ServerGoalHandle<navigation_robot_custom_interfaces::action::MeasureLapTime>[m[K’} has no member named ‘[01m[Kget_goal_status[m[K’
  110 |                         goal_handle->[01;31m[Kget_goal_status[m[K().status == rclcpp_action::GoalStatus::CANCELED) {
      |                                      [01;31m[K^~~~~~~~~~~~~~~[m[K
[01m[K/home/razanhmede/session9_turtlebot3_razan/session9_turtlebot3_assignmentcpp/src/turtlebot3robotcpp/src/lap_time_server.cpp:110:93:[m[K [01;31m[Kerror: [m[K‘[01m[KCANCELED[m[K’ is not a member of ‘[01m[Krclcpp_action::GoalStatus[m[K’ {aka ‘[01m[Kaction_msgs::msg::GoalStatus_<std::allocator<void> >[m[K’}
  110 |                         goal_handle->get_goal_status().status == rclcpp_action::GoalStatus::[01;31m[KCANCELED[m[K) {
      |                                                                                             [01;31m[K^~~~~~~~[m[K
[01m[K/home/razanhmede/session9_turtlebot3_razan/session9_turtlebot3_assignmentcpp/src/turtlebot3robotcpp/src/lap_time_server.cpp:128:30:[m[K [01;31m[Kerror: [m[K‘[01m[Kusing element_type = class rclcpp_action::ServerGoalHandle<navigation_robot_custom_interfaces::action::MeasureLapTime>[m[K’ {aka ‘[01m[Kclass rclcpp_action::ServerGoalHandle<navigation_robot_custom_interfaces::action::MeasureLapTime>[m[K’} has no member named ‘[01m[Kget_goal_status[m[K’
  128 |             if (goal_handle->[01;31m[Kget_goal_status[m[K().status == rclcpp_action::GoalStatus::ACTIVE) {
      |                              [01;31m[K^~~~~~~~~~~~~~~[m[K
[01m[K/home/razanhmede/session9_turtlebot3_razan/session9_turtlebot3_assignmentcpp/src/turtlebot3robotcpp/src/lap_time_server.cpp:128:85:[m[K [01;31m[Kerror: [m[K‘[01m[KACTIVE[m[K’ is not a member of ‘[01m[Krclcpp_action::GoalStatus[m[K’ {aka ‘[01m[Kaction_msgs::msg::GoalStatus_<std::allocator<void> >[m[K’}
  128 |             if (goal_handle->get_goal_status().status == rclcpp_action::GoalStatus::[01;31m[KACTIVE[m[K) {
      |                                                                                     [01;31m[K^~~~~~[m[K
[01m[K/home/razanhmede/session9_turtlebot3_razan/session9_turtlebot3_assignmentcpp/src/turtlebot3robotcpp/src/lap_time_server.cpp:142:26:[m[K [01;31m[Kerror: [m[K‘[01m[Kusing element_type = class rclcpp_action::ServerGoalHandle<navigation_robot_custom_interfaces::action::MeasureLapTime>[m[K’ {aka ‘[01m[Kclass rclcpp_action::ServerGoalHandle<navigation_robot_custom_interfaces::action::MeasureLapTime>[m[K’} has no member named ‘[01m[Kget_goal_status[m[K’
  142 |         if (goal_handle->[01;31m[Kget_goal_status[m[K().status == rclcpp_action::GoalStatus::ACTIVE) {
      |                          [01;31m[K^~~~~~~~~~~~~~~[m[K
[01m[K/home/razanhmede/session9_turtlebot3_razan/session9_turtlebot3_assignmentcpp/src/turtlebot3robotcpp/src/lap_time_server.cpp:142:81:[m[K [01;31m[Kerror: [m[K‘[01m[KACTIVE[m[K’ is not a member of ‘[01m[Krclcpp_action::GoalStatus[m[K’ {aka ‘[01m[Kaction_msgs::msg::GoalStatus_<std::allocator<void> >[m[K’}
  142 |         if (goal_handle->get_goal_status().status == rclcpp_action::GoalStatus::[01;31m[KACTIVE[m[K) {
      |                                                                                 [01;31m[K^~~~~~[m[K
gmake[2]: *** [CMakeFiles/lap_time_server.dir/build.make:76: CMakeFiles/lap_time_server.dir/src/lap_time_server.cpp.o] Error 1
gmake[1]: *** [CMakeFiles/Makefile2:195: CMakeFiles/lap_time_server.dir/all] Error 2
gmake: *** [Makefile:146: all] Error 2
