[0.015s] Invoking command in '/home/razanhmede/session9_turtlebot3_razan/session9_turtlebot3_assignmentcpp/build/turtlebot3robotcpp': CMAKE_PREFIX_PATH=/home/razanhmede/session9_turtlebot3_razan/session9_turtlebot3_assignmentcpp/install/navigation_robot_custom_interfaces:/home/razanhmede/session9_turtlebot3_razan/session9_turtlebot3_assignmentcpp/install/turtlebot3robotcpp:/opt/ros/humble /usr/bin/cmake --build /home/razanhmede/session9_turtlebot3_razan/session9_turtlebot3_assignmentcpp/build/turtlebot3robotcpp -- -j4 -l4
[0.068s] [35m[1mConsolidate compiler generated dependencies of target lap_time_server[0m
[0.075s] [ 25%] Built target robot_driver_node
[0.090s] [ 50%] Built target wall_finder_server
[0.103s] [ 75%] Built target lap_time_client
[0.105s] [ 87%] [32mBuilding CXX object CMakeFiles/lap_time_server.dir/src/lap_time_server.cpp.o[0m
[10.117s] [100%] [32m[1mLinking CXX executable lap_time_server[0m
[10.771s] [100%] Built target lap_time_server
[10.786s] Invoked command in '/home/razanhmede/session9_turtlebot3_razan/session9_turtlebot3_assignmentcpp/build/turtlebot3robotcpp' returned '0': CMAKE_PREFIX_PATH=/home/razanhmede/session9_turtlebot3_razan/session9_turtlebot3_assignmentcpp/install/navigation_robot_custom_interfaces:/home/razanhmede/session9_turtlebot3_razan/session9_turtlebot3_assignmentcpp/install/turtlebot3robotcpp:/opt/ros/humble /usr/bin/cmake --build /home/razanhmede/session9_turtlebot3_razan/session9_turtlebot3_assignmentcpp/build/turtlebot3robotcpp -- -j4 -l4
[10.824s] Invoking command in '/home/razanhmede/session9_turtlebot3_razan/session9_turtlebot3_assignmentcpp/build/turtlebot3robotcpp': CMAKE_PREFIX_PATH=/home/razanhmede/session9_turtlebot3_razan/session9_turtlebot3_assignmentcpp/install/navigation_robot_custom_interfaces:/home/razanhmede/session9_turtlebot3_razan/session9_turtlebot3_assignmentcpp/install/turtlebot3robotcpp:/opt/ros/humble /usr/bin/cmake --install /home/razanhmede/session9_turtlebot3_razan/session9_turtlebot3_assignmentcpp/build/turtlebot3robotcpp
[10.831s] -- Install configuration: ""
[10.831s] -- Up-to-date: /home/razanhmede/session9_turtlebot3_razan/session9_turtlebot3_assignmentcpp/install/turtlebot3robotcpp/lib/turtlebot3robotcpp/robot_driver_node
[10.831s] -- Up-to-date: /home/razanhmede/session9_turtlebot3_razan/session9_turtlebot3_assignmentcpp/install/turtlebot3robotcpp/lib/turtlebot3robotcpp/wall_finder_server
[10.832s] -- Installing: /home/razanhmede/session9_turtlebot3_razan/session9_turtlebot3_assignmentcpp/install/turtlebot3robotcpp/lib/turtlebot3robotcpp/lap_time_server
[10.837s] -- Set runtime path of "/home/razanhmede/session9_turtlebot3_razan/session9_turtlebot3_assignmentcpp/install/turtlebot3robotcpp/lib/turtlebot3robotcpp/lap_time_server" to ""
[10.837s] -- Up-to-date: /home/razanhmede/session9_turtlebot3_razan/session9_turtlebot3_assignmentcpp/install/turtlebot3robotcpp/lib/turtlebot3robotcpp/lap_time_client
[10.837s] -- Up-to-date: /home/razanhmede/session9_turtlebot3_razan/session9_turtlebot3_assignmentcpp/install/turtlebot3robotcpp/turtlebot3robotcpp/include/turtlebot3robotcpp
[10.837s] -- Up-to-date: /home/razanhmede/session9_turtlebot3_razan/session9_turtlebot3_assignmentcpp/install/turtlebot3robotcpp/turtlebot3robotcpp/include/turtlebot3robotcpp/turtlebot3robotcpp
[10.837s] -- Up-to-date: /home/razanhmede/session9_turtlebot3_razan/session9_turtlebot3_assignmentcpp/install/turtlebot3robotcpp/turtlebot3robotcpp/include/turtlebot3robotcpp/turtlebot3robotcpp/robot_driver_node.hpp
[10.837s] -- Up-to-date: /home/razanhmede/session9_turtlebot3_razan/session9_turtlebot3_assignmentcpp/install/turtlebot3robotcpp/turtlebot3robotcpp/include/turtlebot3robotcpp/turtlebot3robotcpp/wall_finder_server.hpp
[10.837s] -- Up-to-date: /home/razanhmede/session9_turtlebot3_razan/session9_turtlebot3_assignmentcpp/install/turtlebot3robotcpp/turtlebot3robotcpp/include/turtlebot3robotcpp/turtlebot3robotcpp/lap_time_server.hpp
[10.837s] -- Up-to-date: /home/razanhmede/session9_turtlebot3_razan/session9_turtlebot3_assignmentcpp/install/turtlebot3robotcpp/turtlebot3robotcpp/include/turtlebot3robotcpp/turtlebot3robotcpp/lap_time_client.hpp
[10.840s] -- Up-to-date: /home/razanhmede/session9_turtlebot3_razan/session9_turtlebot3_assignmentcpp/install/turtlebot3robotcpp/share/turtlebot3robotcpp/launch
[10.840s] -- Up-to-date: /home/razanhmede/session9_turtlebot3_razan/session9_turtlebot3_assignmentcpp/install/turtlebot3robotcpp/share/turtlebot3robotcpp/launch/navigator_robot_launch.py
[10.840s] -- Up-to-date: /home/razanhmede/session9_turtlebot3_razan/session9_turtlebot3_assignmentcpp/install/turtlebot3robotcpp/share/ament_index/resource_index/package_run_dependencies/turtlebot3robotcpp
[10.841s] -- Up-to-date: /home/razanhmede/session9_turtlebot3_razan/session9_turtlebot3_assignmentcpp/install/turtlebot3robotcpp/share/ament_index/resource_index/parent_prefix_path/turtlebot3robotcpp
[10.841s] -- Up-to-date: /home/razanhmede/session9_turtlebot3_razan/session9_turtlebot3_assignmentcpp/install/turtlebot3robotcpp/share/turtlebot3robotcpp/environment/ament_prefix_path.sh
[10.841s] -- Up-to-date: /home/razanhmede/session9_turtlebot3_razan/session9_turtlebot3_assignmentcpp/install/turtlebot3robotcpp/share/turtlebot3robotcpp/environment/ament_prefix_path.dsv
[10.841s] -- Up-to-date: /home/razanhmede/session9_turtlebot3_razan/session9_turtlebot3_assignmentcpp/install/turtlebot3robotcpp/share/turtlebot3robotcpp/environment/path.sh
[10.841s] -- Up-to-date: /home/razanhmede/session9_turtlebot3_razan/session9_turtlebot3_assignmentcpp/install/turtlebot3robotcpp/share/turtlebot3robotcpp/environment/path.dsv
[10.841s] -- Up-to-date: /home/razanhmede/session9_turtlebot3_razan/session9_turtlebot3_assignmentcpp/install/turtlebot3robotcpp/share/turtlebot3robotcpp/local_setup.bash
[10.841s] -- Up-to-date: /home/razanhmede/session9_turtlebot3_razan/session9_turtlebot3_assignmentcpp/install/turtlebot3robotcpp/share/turtlebot3robotcpp/local_setup.sh
[10.842s] -- Up-to-date: /home/razanhmede/session9_turtlebot3_razan/session9_turtlebot3_assignmentcpp/install/turtlebot3robotcpp/share/turtlebot3robotcpp/local_setup.zsh
[10.842s] -- Up-to-date: /home/razanhmede/session9_turtlebot3_razan/session9_turtlebot3_assignmentcpp/install/turtlebot3robotcpp/share/turtlebot3robotcpp/local_setup.dsv
[10.842s] -- Installing: /home/razanhmede/session9_turtlebot3_razan/session9_turtlebot3_assignmentcpp/install/turtlebot3robotcpp/share/turtlebot3robotcpp/package.dsv
[10.842s] -- Up-to-date: /home/razanhmede/session9_turtlebot3_razan/session9_turtlebot3_assignmentcpp/install/turtlebot3robotcpp/share/ament_index/resource_index/packages/turtlebot3robotcpp
[10.842s] -- Up-to-date: /home/razanhmede/session9_turtlebot3_razan/session9_turtlebot3_assignmentcpp/install/turtlebot3robotcpp/share/turtlebot3robotcpp/cmake/turtlebot3robotcppConfig.cmake
[10.842s] -- Up-to-date: /home/razanhmede/session9_turtlebot3_razan/session9_turtlebot3_assignmentcpp/install/turtlebot3robotcpp/share/turtlebot3robotcpp/cmake/turtlebot3robotcppConfig-version.cmake
[10.842s] -- Up-to-date: /home/razanhmede/session9_turtlebot3_razan/session9_turtlebot3_assignmentcpp/install/turtlebot3robotcpp/share/turtlebot3robotcpp/package.xml
[10.848s] Invoked command in '/home/razanhmede/session9_turtlebot3_razan/session9_turtlebot3_assignmentcpp/build/turtlebot3robotcpp' returned '0': CMAKE_PREFIX_PATH=/home/razanhmede/session9_turtlebot3_razan/session9_turtlebot3_assignmentcpp/install/navigation_robot_custom_interfaces:/home/razanhmede/session9_turtlebot3_razan/session9_turtlebot3_assignmentcpp/install/turtlebot3robotcpp:/opt/ros/humble /usr/bin/cmake --install /home/razanhmede/session9_turtlebot3_razan/session9_turtlebot3_assignmentcpp/build/turtlebot3robotcpp
