[01m[K/home/razanhmede/session9_turtlebot3_razan/session9_turtlebot3_assignmentcpp/src/turtlebot3robotcpp/src/lap_time_client.cpp:13:6:[m[K [01;31m[Kerror: [m[Kno declaration matches ‘[01m[Kvoid LapTimeClient::sendGoal()[m[K’
   13 | void [01;31m[KLapTimeClient[m[K::sendGoal() {
      |      [01;31m[K^~~~~~~~~~~~~[m[K
[01m[K/home/razanhmede/session9_turtlebot3_razan/session9_turtlebot3_assignmentcpp/src/turtlebot3robotcpp/src/lap_time_client.cpp:13:6:[m[K [01;36m[Knote: [m[Kno functions named ‘[01m[Kvoid LapTimeClient::sendGoal()[m[K’
In file included from [01m[K/home/razanhmede/session9_turtlebot3_razan/session9_turtlebot3_assignmentcpp/src/turtlebot3robotcpp/src/lap_time_client.cpp:1[m[K:
[01m[K/home/razanhmede/session9_turtlebot3_razan/session9_turtlebot3_assignmentcpp/src/turtlebot3robotcpp/include/turtlebot3robotcpp/lap_time_client.hpp:9:7:[m[K [01;36m[Knote: [m[K‘[01m[Kclass LapTimeClient[m[K’ defined here
    9 | class [01;36m[KLapTimeClient[m[K : public rclcpp::Node
      |       [01;36m[K^~~~~~~~~~~~~[m[K
[01m[K/home/razanhmede/session9_turtlebot3_razan/session9_turtlebot3_assignmentcpp/src/turtlebot3robotcpp/src/lap_time_client.cpp:36:6:[m[K [01;31m[Kerror: [m[Kno declaration matches ‘[01m[Kvoid LapTimeClient::onGoalResponse(const SharedPtr&)[m[K’
   36 | void [01;31m[KLapTimeClient[m[K::onGoalResponse(const MeasureLapTimeGoalHandle::SharedPtr & goal_handle) {
      |      [01;31m[K^~~~~~~~~~~~~[m[K
[01m[K/home/razanhmede/session9_turtlebot3_razan/session9_turtlebot3_assignmentcpp/src/turtlebot3robotcpp/src/lap_time_client.cpp:36:6:[m[K [01;36m[Knote: [m[Kno functions named ‘[01m[Kvoid LapTimeClient::onGoalResponse(const SharedPtr&)[m[K’
In file included from [01m[K/home/razanhmede/session9_turtlebot3_razan/session9_turtlebot3_assignmentcpp/src/turtlebot3robotcpp/src/lap_time_client.cpp:1[m[K:
[01m[K/home/razanhmede/session9_turtlebot3_razan/session9_turtlebot3_assignmentcpp/src/turtlebot3robotcpp/include/turtlebot3robotcpp/lap_time_client.hpp:9:7:[m[K [01;36m[Knote: [m[K‘[01m[Kclass LapTimeClient[m[K’ defined here
    9 | class [01;36m[KLapTimeClient[m[K : public rclcpp::Node
      |       [01;36m[K^~~~~~~~~~~~~[m[K
[01m[K/home/razanhmede/session9_turtlebot3_razan/session9_turtlebot3_assignmentcpp/src/turtlebot3robotcpp/src/lap_time_client.cpp:45:6:[m[K [01;31m[Kerror: [m[Kno declaration matches ‘[01m[Kvoid LapTimeClient::onFeedback(rclcpp_action::ClientGoalHandle<navigation_robot_custom_interfaces::action::MeasureLapTime>::SharedPtr, std::shared_ptr<const navigation_robot_custom_interfaces::action::MeasureLapTime_Feedback_<std::allocator<void> > >)[m[K’
   45 | void [01;31m[KLapTimeClient[m[K::onFeedback(
      |      [01;31m[K^~~~~~~~~~~~~[m[K
[01m[K/home/razanhmede/session9_turtlebot3_razan/session9_turtlebot3_assignmentcpp/src/turtlebot3robotcpp/src/lap_time_client.cpp:45:6:[m[K [01;36m[Knote: [m[Kno functions named ‘[01m[Kvoid LapTimeClient::onFeedback(rclcpp_action::ClientGoalHandle<navigation_robot_custom_interfaces::action::MeasureLapTime>::SharedPtr, std::shared_ptr<const navigation_robot_custom_interfaces::action::MeasureLapTime_Feedback_<std::allocator<void> > >)[m[K’
In file included from [01m[K/home/razanhmede/session9_turtlebot3_razan/session9_turtlebot3_assignmentcpp/src/turtlebot3robotcpp/src/lap_time_client.cpp:1[m[K:
[01m[K/home/razanhmede/session9_turtlebot3_razan/session9_turtlebot3_assignmentcpp/src/turtlebot3robotcpp/include/turtlebot3robotcpp/lap_time_client.hpp:9:7:[m[K [01;36m[Knote: [m[K‘[01m[Kclass LapTimeClient[m[K’ defined here
    9 | class [01;36m[KLapTimeClient[m[K : public rclcpp::Node
      |       [01;36m[K^~~~~~~~~~~~~[m[K
[01m[K/home/razanhmede/session9_turtlebot3_razan/session9_turtlebot3_assignmentcpp/src/turtlebot3robotcpp/src/lap_time_client.cpp:47:16:[m[K [01;31m[Kerror: [m[K‘[01m[Kusing MeasureLapTime = navigation_robot_custom_interfaces::action::MeasureLapTime[m[K’ is private within this context
   47 |     const std::[01;31m[Kshared_ptr<const MeasureLapTime::Feedback>[m[K feedback
      |                [01;31m[K^~~~~~~~~~~~~~~~~~~~~~~~~~~~~~~~~~~~~~~~~~[m[K
In file included from [01m[K/home/razanhmede/session9_turtlebot3_razan/session9_turtlebot3_assignmentcpp/src/turtlebot3robotcpp/src/lap_time_client.cpp:1[m[K:
[01m[K/home/razanhmede/session9_turtlebot3_razan/session9_turtlebot3_assignmentcpp/src/turtlebot3robotcpp/include/turtlebot3robotcpp/lap_time_client.hpp:17:11:[m[K [01;36m[Knote: [m[Kdeclared private here
   17 |     using [01;36m[KMeasureLapTime[m[K = navigation_robot_custom_interfaces::action::MeasureLapTime;
      |           [01;36m[K^~~~~~~~~~~~~~[m[K
[01m[K/home/razanhmede/session9_turtlebot3_razan/session9_turtlebot3_assignmentcpp/src/turtlebot3robotcpp/src/lap_time_client.cpp:55:6:[m[K [01;31m[Kerror: [m[Kno declaration matches ‘[01m[Kvoid LapTimeClient::onResult(const rclcpp_action::ClientGoalHandle<navigation_robot_custom_interfaces::action::MeasureLapTime>::WrappedResult&)[m[K’
   55 | void [01;31m[KLapTimeClient[m[K::onResult(const MeasureLapTimeGoalHandle::WrappedResult & result) {
      |      [01;31m[K^~~~~~~~~~~~~[m[K
[01m[K/home/razanhmede/session9_turtlebot3_razan/session9_turtlebot3_assignmentcpp/src/turtlebot3robotcpp/src/lap_time_client.cpp:55:6:[m[K [01;36m[Knote: [m[Kno functions named ‘[01m[Kvoid LapTimeClient::onResult(const rclcpp_action::ClientGoalHandle<navigation_robot_custom_interfaces::action::MeasureLapTime>::WrappedResult&)[m[K’
In file included from [01m[K/home/razanhmede/session9_turtlebot3_razan/session9_turtlebot3_assignmentcpp/src/turtlebot3robotcpp/src/lap_time_client.cpp:1[m[K:
[01m[K/home/razanhmede/session9_turtlebot3_razan/session9_turtlebot3_assignmentcpp/src/turtlebot3robotcpp/include/turtlebot3robotcpp/lap_time_client.hpp:9:7:[m[K [01;36m[Knote: [m[K‘[01m[Kclass LapTimeClient[m[K’ defined here
    9 | class [01;36m[KLapTimeClient[m[K : public rclcpp::Node
      |       [01;36m[K^~~~~~~~~~~~~[m[K
[01m[K/home/razanhmede/session9_turtlebot3_razan/session9_turtlebot3_assignmentcpp/src/turtlebot3robotcpp/src/lap_time_client.cpp:[m[K In function ‘[01m[Kint main(int, char**)[m[K’:
[01m[K/home/razanhmede/session9_turtlebot3_razan/session9_turtlebot3_assignmentcpp/src/turtlebot3robotcpp/src/lap_time_client.cpp:79:18:[m[K [01;31m[Kerror: [m[K‘[01m[Kusing element_type = class LapTimeClient[m[K’ {aka ‘[01m[Kclass LapTimeClient[m[K’} has no member named ‘[01m[KsendGoal[m[K’; did you mean ‘[01m[Ksend_goal[m[K’?
   79 |     client_node->[01;31m[KsendGoal[m[K();
      |                  [01;31m[K^~~~~~~~[m[K
      |                  [32m[Ksend_goal[m[K
gmake[2]: *** [CMakeFiles/lap_time_client.dir/build.make:76: CMakeFiles/lap_time_client.dir/src/lap_time_client.cpp.o] Error 1
gmake[1]: *** [CMakeFiles/Makefile2:221: CMakeFiles/lap_time_client.dir/all] Error 2
gmake[1]: *** Waiting for unfinished jobs....
gmake: *** [Makefile:146: all] Error 2
