[0.432s] DEBUG:colcon:Command line arguments: ['/usr/bin/colcon', 'build']
[0.432s] DEBUG:colcon:Parsed command line arguments: Namespace(log_base=None, log_level=None, verb_name='build', build_base='build', install_base='install', merge_install=False, symlink_install=False, test_result_base=None, continue_on_error=False, executor='parallel', parallel_workers=4, event_handlers=None, ignore_user_meta=False, metas=['./colcon.meta'], base_paths=['.'], packages_ignore=None, packages_ignore_regex=None, paths=None, packages_up_to=None, packages_up_to_regex=None, packages_above=None, packages_above_and_dependencies=None, packages_above_depth=None, packages_select_by_dep=None, packages_skip_by_dep=None, packages_skip_up_to=None, packages_select_build_failed=False, packages_skip_build_finished=False, packages_select_test_failures=False, packages_skip_test_passed=False, packages_select=None, packages_skip=None, packages_select_regex=None, packages_skip_regex=None, packages_start=None, packages_end=None, allow_overriding=[], cmake_args=None, cmake_target=None, cmake_target_skip_unavailable=False, cmake_clean_cache=False, cmake_clean_first=False, cmake_force_configure=False, ament_cmake_args=None, catkin_cmake_args=None, catkin_skip_building_tests=False, mixin_files=None, mixin=None, verb_parser=<colcon_mixin.mixin.mixin_argument.MixinArgumentDecorator object at 0x72ed0e43e4a0>, verb_extension=<colcon_core.verb.build.BuildVerb object at 0x72ed0e5bbd00>, main=<bound method BuildVerb.main of <colcon_core.verb.build.BuildVerb object at 0x72ed0e5bbd00>>, mixin_verb=('build',))
[1.328s] Level 1:colcon.colcon_core.package_discovery:discover_packages(colcon_meta) check parameters
[1.330s] Level 1:colcon.colcon_core.package_discovery:discover_packages(recursive) check parameters
[1.331s] Level 1:colcon.colcon_core.package_discovery:discover_packages(ignore) check parameters
[1.331s] Level 1:colcon.colcon_core.package_discovery:discover_packages(path) check parameters
[1.331s] Level 1:colcon.colcon_core.package_discovery:discover_packages(colcon_meta) discover
[1.331s] Level 1:colcon.colcon_core.package_discovery:discover_packages(recursive) discover
[1.331s] INFO:colcon.colcon_core.package_discovery:Crawling recursively for packages in '/home/razanhmede/session9_turtlebot3_razan/session9_turtlebot3_assignmentcpp'
[1.331s] Level 1:colcon.colcon_core.package_identification:_identify(.) by extensions ['ignore', 'ignore_ament_install']
[1.331s] Level 1:colcon.colcon_core.package_identification:_identify(.) by extension 'ignore'
[1.331s] Level 1:colcon.colcon_core.package_identification:_identify(.) by extension 'ignore_ament_install'
[1.331s] Level 1:colcon.colcon_core.package_identification:_identify(.) by extensions ['colcon_pkg']
[1.331s] Level 1:colcon.colcon_core.package_identification:_identify(.) by extension 'colcon_pkg'
[1.332s] Level 1:colcon.colcon_core.package_identification:_identify(.) by extensions ['colcon_meta']
[1.332s] Level 1:colcon.colcon_core.package_identification:_identify(.) by extension 'colcon_meta'
[1.332s] Level 1:colcon.colcon_core.package_identification:_identify(.) by extensions ['ros']
[1.332s] Level 1:colcon.colcon_core.package_identification:_identify(.) by extension 'ros'
[1.399s] Level 1:colcon.colcon_core.package_identification:_identify(.) by extensions ['cmake', 'python']
[1.399s] Level 1:colcon.colcon_core.package_identification:_identify(.) by extension 'cmake'
[1.400s] Level 1:colcon.colcon_core.package_identification:_identify(.) by extension 'python'
[1.400s] Level 1:colcon.colcon_core.package_identification:_identify(.) by extensions ['python_setup_py']
[1.400s] Level 1:colcon.colcon_core.package_identification:_identify(.) by extension 'python_setup_py'
[1.401s] Level 1:colcon.colcon_core.package_identification:_identify(build) by extensions ['ignore', 'ignore_ament_install']
[1.403s] Level 1:colcon.colcon_core.package_identification:_identify(build) by extension 'ignore'
[1.403s] Level 1:colcon.colcon_core.package_identification:_identify(build) ignored
[1.404s] Level 1:colcon.colcon_core.package_identification:_identify(install) by extensions ['ignore', 'ignore_ament_install']
[1.404s] Level 1:colcon.colcon_core.package_identification:_identify(install) by extension 'ignore'
[1.404s] Level 1:colcon.colcon_core.package_identification:_identify(install) ignored
[1.404s] Level 1:colcon.colcon_core.package_identification:_identify(log) by extensions ['ignore', 'ignore_ament_install']
[1.404s] Level 1:colcon.colcon_core.package_identification:_identify(log) by extension 'ignore'
[1.404s] Level 1:colcon.colcon_core.package_identification:_identify(log) ignored
[1.404s] Level 1:colcon.colcon_core.package_identification:_identify(src) by extensions ['ignore', 'ignore_ament_install']
[1.404s] Level 1:colcon.colcon_core.package_identification:_identify(src) by extension 'ignore'
[1.405s] Level 1:colcon.colcon_core.package_identification:_identify(src) by extension 'ignore_ament_install'
[1.405s] Level 1:colcon.colcon_core.package_identification:_identify(src) by extensions ['colcon_pkg']
[1.405s] Level 1:colcon.colcon_core.package_identification:_identify(src) by extension 'colcon_pkg'
[1.405s] Level 1:colcon.colcon_core.package_identification:_identify(src) by extensions ['colcon_meta']
[1.405s] Level 1:colcon.colcon_core.package_identification:_identify(src) by extension 'colcon_meta'
[1.405s] Level 1:colcon.colcon_core.package_identification:_identify(src) by extensions ['ros']
[1.405s] Level 1:colcon.colcon_core.package_identification:_identify(src) by extension 'ros'
[1.405s] Level 1:colcon.colcon_core.package_identification:_identify(src) by extensions ['cmake', 'python']
[1.405s] Level 1:colcon.colcon_core.package_identification:_identify(src) by extension 'cmake'
[1.405s] Level 1:colcon.colcon_core.package_identification:_identify(src) by extension 'python'
[1.405s] Level 1:colcon.colcon_core.package_identification:_identify(src) by extensions ['python_setup_py']
[1.405s] Level 1:colcon.colcon_core.package_identification:_identify(src) by extension 'python_setup_py'
[1.405s] Level 1:colcon.colcon_core.package_identification:_identify(src/navigation_robot_custom_interfaces) by extensions ['ignore', 'ignore_ament_install']
[1.405s] Level 1:colcon.colcon_core.package_identification:_identify(src/navigation_robot_custom_interfaces) by extension 'ignore'
[1.406s] Level 1:colcon.colcon_core.package_identification:_identify(src/navigation_robot_custom_interfaces) by extension 'ignore_ament_install'
[1.406s] Level 1:colcon.colcon_core.package_identification:_identify(src/navigation_robot_custom_interfaces) by extensions ['colcon_pkg']
[1.406s] Level 1:colcon.colcon_core.package_identification:_identify(src/navigation_robot_custom_interfaces) by extension 'colcon_pkg'
[1.406s] Level 1:colcon.colcon_core.package_identification:_identify(src/navigation_robot_custom_interfaces) by extensions ['colcon_meta']
[1.406s] Level 1:colcon.colcon_core.package_identification:_identify(src/navigation_robot_custom_interfaces) by extension 'colcon_meta'
[1.406s] Level 1:colcon.colcon_core.package_identification:_identify(src/navigation_robot_custom_interfaces) by extensions ['ros']
[1.413s] Level 1:colcon.colcon_core.package_identification:_identify(src/navigation_robot_custom_interfaces) by extension 'ros'
[1.423s] DEBUG:colcon.colcon_core.package_identification:Package 'src/navigation_robot_custom_interfaces' with type 'ros.ament_cmake' and name 'navigation_robot_custom_interfaces'
[1.424s] Level 1:colcon.colcon_core.package_identification:_identify(src/turtlebot3robotcpp) by extensions ['ignore', 'ignore_ament_install']
[1.424s] Level 1:colcon.colcon_core.package_identification:_identify(src/turtlebot3robotcpp) by extension 'ignore'
[1.424s] Level 1:colcon.colcon_core.package_identification:_identify(src/turtlebot3robotcpp) by extension 'ignore_ament_install'
[1.424s] Level 1:colcon.colcon_core.package_identification:_identify(src/turtlebot3robotcpp) by extensions ['colcon_pkg']
[1.424s] Level 1:colcon.colcon_core.package_identification:_identify(src/turtlebot3robotcpp) by extension 'colcon_pkg'
[1.424s] Level 1:colcon.colcon_core.package_identification:_identify(src/turtlebot3robotcpp) by extensions ['colcon_meta']
[1.424s] Level 1:colcon.colcon_core.package_identification:_identify(src/turtlebot3robotcpp) by extension 'colcon_meta'
[1.424s] Level 1:colcon.colcon_core.package_identification:_identify(src/turtlebot3robotcpp) by extensions ['ros']
[1.424s] Level 1:colcon.colcon_core.package_identification:_identify(src/turtlebot3robotcpp) by extension 'ros'
[1.426s] DEBUG:colcon.colcon_core.package_identification:Package 'src/turtlebot3robotcpp' with type 'ros.ament_cmake' and name 'turtlebot3robotcpp'
[1.426s] Level 1:colcon.colcon_core.package_discovery:discover_packages(recursive) using defaults
[1.426s] Level 1:colcon.colcon_core.package_discovery:discover_packages(ignore) discover
[1.426s] Level 1:colcon.colcon_core.package_discovery:discover_packages(ignore) using defaults
[1.426s] Level 1:colcon.colcon_core.package_discovery:discover_packages(path) discover
[1.426s] Level 1:colcon.colcon_core.package_discovery:discover_packages(path) using defaults
[1.568s] Level 1:colcon.colcon_core.package_discovery:discover_packages(prefix_path) check parameters
[1.568s] Level 1:colcon.colcon_core.package_discovery:discover_packages(prefix_path) discover
[1.576s] DEBUG:colcon.colcon_installed_package_information.package_discovery:Found 2 installed packages in /home/razanhmede/session9_turtlebot3_razan/session9_turtlebot3_assignmentcpp/install
[1.590s] DEBUG:colcon.colcon_installed_package_information.package_discovery:Found 353 installed packages in /opt/ros/humble
[1.657s] Level 1:colcon.colcon_core.package_discovery:discover_packages(prefix_path) using defaults
[1.858s] Level 5:colcon.colcon_core.verb:set package 'navigation_robot_custom_interfaces' build argument 'cmake_args' from command line to 'None'
[1.859s] Level 5:colcon.colcon_core.verb:set package 'navigation_robot_custom_interfaces' build argument 'cmake_target' from command line to 'None'
[1.859s] Level 5:colcon.colcon_core.verb:set package 'navigation_robot_custom_interfaces' build argument 'cmake_target_skip_unavailable' from command line to 'False'
[1.859s] Level 5:colcon.colcon_core.verb:set package 'navigation_robot_custom_interfaces' build argument 'cmake_clean_cache' from command line to 'False'
[1.859s] Level 5:colcon.colcon_core.verb:set package 'navigation_robot_custom_interfaces' build argument 'cmake_clean_first' from command line to 'False'
[1.859s] Level 5:colcon.colcon_core.verb:set package 'navigation_robot_custom_interfaces' build argument 'cmake_force_configure' from command line to 'False'
[1.859s] Level 5:colcon.colcon_core.verb:set package 'navigation_robot_custom_interfaces' build argument 'ament_cmake_args' from command line to 'None'
[1.859s] Level 5:colcon.colcon_core.verb:set package 'navigation_robot_custom_interfaces' build argument 'catkin_cmake_args' from command line to 'None'
[1.859s] Level 5:colcon.colcon_core.verb:set package 'navigation_robot_custom_interfaces' build argument 'catkin_skip_building_tests' from command line to 'False'
[1.859s] DEBUG:colcon.colcon_core.verb:Building package 'navigation_robot_custom_interfaces' with the following arguments: {'ament_cmake_args': None, 'build_base': '/home/razanhmede/session9_turtlebot3_razan/session9_turtlebot3_assignmentcpp/build/navigation_robot_custom_interfaces', 'catkin_cmake_args': None, 'catkin_skip_building_tests': False, 'cmake_args': None, 'cmake_clean_cache': False, 'cmake_clean_first': False, 'cmake_force_configure': False, 'cmake_target': None, 'cmake_target_skip_unavailable': False, 'install_base': '/home/razanhmede/session9_turtlebot3_razan/session9_turtlebot3_assignmentcpp/install/navigation_robot_custom_interfaces', 'merge_install': False, 'path': '/home/razanhmede/session9_turtlebot3_razan/session9_turtlebot3_assignmentcpp/src/navigation_robot_custom_interfaces', 'symlink_install': False, 'test_result_base': None}
[1.860s] Level 5:colcon.colcon_core.verb:set package 'turtlebot3robotcpp' build argument 'cmake_args' from command line to 'None'
[1.860s] Level 5:colcon.colcon_core.verb:set package 'turtlebot3robotcpp' build argument 'cmake_target' from command line to 'None'
[1.860s] Level 5:colcon.colcon_core.verb:set package 'turtlebot3robotcpp' build argument 'cmake_target_skip_unavailable' from command line to 'False'
[1.860s] Level 5:colcon.colcon_core.verb:set package 'turtlebot3robotcpp' build argument 'cmake_clean_cache' from command line to 'False'
[1.860s] Level 5:colcon.colcon_core.verb:set package 'turtlebot3robotcpp' build argument 'cmake_clean_first' from command line to 'False'
[1.860s] Level 5:colcon.colcon_core.verb:set package 'turtlebot3robotcpp' build argument 'cmake_force_configure' from command line to 'False'
[1.860s] Level 5:colcon.colcon_core.verb:set package 'turtlebot3robotcpp' build argument 'ament_cmake_args' from command line to 'None'
[1.860s] Level 5:colcon.colcon_core.verb:set package 'turtlebot3robotcpp' build argument 'catkin_cmake_args' from command line to 'None'
[1.860s] Level 5:colcon.colcon_core.verb:set package 'turtlebot3robotcpp' build argument 'catkin_skip_building_tests' from command line to 'False'
[1.860s] DEBUG:colcon.colcon_core.verb:Building package 'turtlebot3robotcpp' with the following arguments: {'ament_cmake_args': None, 'build_base': '/home/razanhmede/session9_turtlebot3_razan/session9_turtlebot3_assignmentcpp/build/turtlebot3robotcpp', 'catkin_cmake_args': None, 'catkin_skip_building_tests': False, 'cmake_args': None, 'cmake_clean_cache': False, 'cmake_clean_first': False, 'cmake_force_configure': False, 'cmake_target': None, 'cmake_target_skip_unavailable': False, 'install_base': '/home/razanhmede/session9_turtlebot3_razan/session9_turtlebot3_assignmentcpp/install/turtlebot3robotcpp', 'merge_install': False, 'path': '/home/razanhmede/session9_turtlebot3_razan/session9_turtlebot3_assignmentcpp/src/turtlebot3robotcpp', 'symlink_install': False, 'test_result_base': None}
[1.860s] INFO:colcon.colcon_core.executor:Executing jobs using 'parallel' executor
[1.864s] DEBUG:colcon.colcon_parallel_executor.executor.parallel:run_until_complete
[1.865s] INFO:colcon.colcon_ros.task.ament_cmake.build:Building ROS package in '/home/razanhmede/session9_turtlebot3_razan/session9_turtlebot3_assignmentcpp/src/navigation_robot_custom_interfaces' with build type 'ament_cmake'
[1.866s] INFO:colcon.colcon_cmake.task.cmake.build:Building CMake package in '/home/razanhmede/session9_turtlebot3_razan/session9_turtlebot3_assignmentcpp/src/navigation_robot_custom_interfaces'
[1.872s] INFO:colcon.colcon_core.plugin_system:Skipping extension 'colcon_core.shell.bat': Not used on non-Windows systems
[1.873s] INFO:colcon.colcon_core.shell:Skip shell extension 'powershell' for command environment: Not usable outside of PowerShell
[1.873s] DEBUG:colcon.colcon_core.shell:Skip shell extension 'dsv' for command environment
[1.905s] DEBUG:colcon.colcon_core.event_handler.log_command:Invoking command in '/home/razanhmede/session9_turtlebot3_razan/session9_turtlebot3_assignmentcpp/build/navigation_robot_custom_interfaces': CMAKE_PREFIX_PATH=${CMAKE_PREFIX_PATH}:/opt/ros/humble /usr/bin/cmake --build /home/razanhmede/session9_turtlebot3_razan/session9_turtlebot3_assignmentcpp/build/navigation_robot_custom_interfaces -- -j4 -l4
[5.898s] DEBUG:colcon.colcon_core.event_handler.log_command:Invoked command in '/home/razanhmede/session9_turtlebot3_razan/session9_turtlebot3_assignmentcpp/build/navigation_robot_custom_interfaces' returned '0': CMAKE_PREFIX_PATH=${CMAKE_PREFIX_PATH}:/opt/ros/humble /usr/bin/cmake --build /home/razanhmede/session9_turtlebot3_razan/session9_turtlebot3_assignmentcpp/build/navigation_robot_custom_interfaces -- -j4 -l4
[6.641s] DEBUG:colcon.colcon_core.event_handler.log_command:Invoking command in '/home/razanhmede/session9_turtlebot3_razan/session9_turtlebot3_assignmentcpp/build/navigation_robot_custom_interfaces': CMAKE_PREFIX_PATH=${CMAKE_PREFIX_PATH}:/opt/ros/humble /usr/bin/cmake --install /home/razanhmede/session9_turtlebot3_razan/session9_turtlebot3_assignmentcpp/build/navigation_robot_custom_interfaces
[7.502s] Level 1:colcon.colcon_core.environment:create_environment_scripts_only(navigation_robot_custom_interfaces)
[7.514s] DEBUG:colcon.colcon_core.event_handler.log_command:Invoked command in '/home/razanhmede/session9_turtlebot3_razan/session9_turtlebot3_assignmentcpp/build/navigation_robot_custom_interfaces' returned '0': CMAKE_PREFIX_PATH=${CMAKE_PREFIX_PATH}:/opt/ros/humble /usr/bin/cmake --install /home/razanhmede/session9_turtlebot3_razan/session9_turtlebot3_assignmentcpp/build/navigation_robot_custom_interfaces
[7.519s] Level 1:colcon.colcon_core.environment:checking '/home/razanhmede/session9_turtlebot3_razan/session9_turtlebot3_assignmentcpp/install/navigation_robot_custom_interfaces' for CMake module files
[7.540s] Level 1:colcon.colcon_core.environment:checking '/home/razanhmede/session9_turtlebot3_razan/session9_turtlebot3_assignmentcpp/install/navigation_robot_custom_interfaces' for CMake config files
[7.541s] Level 1:colcon.colcon_core.shell:create_environment_hook('navigation_robot_custom_interfaces', 'cmake_prefix_path')
[7.546s] INFO:colcon.colcon_core.shell:Creating environment hook '/home/razanhmede/session9_turtlebot3_razan/session9_turtlebot3_assignmentcpp/install/navigation_robot_custom_interfaces/share/navigation_robot_custom_interfaces/hook/cmake_prefix_path.ps1'
[7.552s] INFO:colcon.colcon_core.shell:Creating environment descriptor '/home/razanhmede/session9_turtlebot3_razan/session9_turtlebot3_assignmentcpp/install/navigation_robot_custom_interfaces/share/navigation_robot_custom_interfaces/hook/cmake_prefix_path.dsv'
[7.568s] INFO:colcon.colcon_core.shell:Creating environment hook '/home/razanhmede/session9_turtlebot3_razan/session9_turtlebot3_assignmentcpp/install/navigation_robot_custom_interfaces/share/navigation_robot_custom_interfaces/hook/cmake_prefix_path.sh'
[7.570s] Level 1:colcon.colcon_core.environment:checking '/home/razanhmede/session9_turtlebot3_razan/session9_turtlebot3_assignmentcpp/install/navigation_robot_custom_interfaces/lib'
[7.576s] Level 1:colcon.colcon_core.shell:create_environment_hook('navigation_robot_custom_interfaces', 'ld_library_path_lib')
[7.576s] INFO:colcon.colcon_core.shell:Creating environment hook '/home/razanhmede/session9_turtlebot3_razan/session9_turtlebot3_assignmentcpp/install/navigation_robot_custom_interfaces/share/navigation_robot_custom_interfaces/hook/ld_library_path_lib.ps1'
[7.577s] INFO:colcon.colcon_core.shell:Creating environment descriptor '/home/razanhmede/session9_turtlebot3_razan/session9_turtlebot3_assignmentcpp/install/navigation_robot_custom_interfaces/share/navigation_robot_custom_interfaces/hook/ld_library_path_lib.dsv'
[7.578s] INFO:colcon.colcon_core.shell:Creating environment hook '/home/razanhmede/session9_turtlebot3_razan/session9_turtlebot3_assignmentcpp/install/navigation_robot_custom_interfaces/share/navigation_robot_custom_interfaces/hook/ld_library_path_lib.sh'
[7.609s] Level 1:colcon.colcon_core.environment:checking '/home/razanhmede/session9_turtlebot3_razan/session9_turtlebot3_assignmentcpp/install/navigation_robot_custom_interfaces/bin'
[7.609s] Level 1:colcon.colcon_core.environment:checking '/home/razanhmede/session9_turtlebot3_razan/session9_turtlebot3_assignmentcpp/install/navigation_robot_custom_interfaces/lib/pkgconfig/navigation_robot_custom_interfaces.pc'
[7.611s] Level 1:colcon.colcon_core.environment:checking '/home/razanhmede/session9_turtlebot3_razan/session9_turtlebot3_assignmentcpp/install/navigation_robot_custom_interfaces/lib/python3.10/site-packages'
[7.612s] Level 1:colcon.colcon_core.environment:checking '/home/razanhmede/session9_turtlebot3_razan/session9_turtlebot3_assignmentcpp/install/navigation_robot_custom_interfaces/bin'
[7.613s] INFO:colcon.colcon_core.shell:Creating package script '/home/razanhmede/session9_turtlebot3_razan/session9_turtlebot3_assignmentcpp/install/navigation_robot_custom_interfaces/share/navigation_robot_custom_interfaces/package.ps1'
[7.615s] INFO:colcon.colcon_core.shell:Creating package descriptor '/home/razanhmede/session9_turtlebot3_razan/session9_turtlebot3_assignmentcpp/install/navigation_robot_custom_interfaces/share/navigation_robot_custom_interfaces/package.dsv'
[7.633s] INFO:colcon.colcon_core.shell:Creating package script '/home/razanhmede/session9_turtlebot3_razan/session9_turtlebot3_assignmentcpp/install/navigation_robot_custom_interfaces/share/navigation_robot_custom_interfaces/package.sh'
[7.641s] INFO:colcon.colcon_core.shell:Creating package script '/home/razanhmede/session9_turtlebot3_razan/session9_turtlebot3_assignmentcpp/install/navigation_robot_custom_interfaces/share/navigation_robot_custom_interfaces/package.bash'
[7.643s] INFO:colcon.colcon_core.shell:Creating package script '/home/razanhmede/session9_turtlebot3_razan/session9_turtlebot3_assignmentcpp/install/navigation_robot_custom_interfaces/share/navigation_robot_custom_interfaces/package.zsh'
[7.699s] Level 1:colcon.colcon_core.environment:create_file_with_runtime_dependencies(/home/razanhmede/session9_turtlebot3_razan/session9_turtlebot3_assignmentcpp/install/navigation_robot_custom_interfaces/share/colcon-core/packages/navigation_robot_custom_interfaces)
[8.340s] Level 1:colcon.colcon_core.environment:create_environment_scripts_only(navigation_robot_custom_interfaces)
[8.341s] Level 1:colcon.colcon_core.environment:checking '/home/razanhmede/session9_turtlebot3_razan/session9_turtlebot3_assignmentcpp/install/navigation_robot_custom_interfaces' for CMake module files
[8.342s] Level 1:colcon.colcon_core.environment:checking '/home/razanhmede/session9_turtlebot3_razan/session9_turtlebot3_assignmentcpp/install/navigation_robot_custom_interfaces' for CMake config files
[8.343s] Level 1:colcon.colcon_core.shell:create_environment_hook('navigation_robot_custom_interfaces', 'cmake_prefix_path')
[8.347s] INFO:colcon.colcon_core.shell:Creating environment hook '/home/razanhmede/session9_turtlebot3_razan/session9_turtlebot3_assignmentcpp/install/navigation_robot_custom_interfaces/share/navigation_robot_custom_interfaces/hook/cmake_prefix_path.ps1'
[8.350s] INFO:colcon.colcon_core.shell:Creating environment descriptor '/home/razanhmede/session9_turtlebot3_razan/session9_turtlebot3_assignmentcpp/install/navigation_robot_custom_interfaces/share/navigation_robot_custom_interfaces/hook/cmake_prefix_path.dsv'
[8.351s] INFO:colcon.colcon_core.shell:Creating environment hook '/home/razanhmede/session9_turtlebot3_razan/session9_turtlebot3_assignmentcpp/install/navigation_robot_custom_interfaces/share/navigation_robot_custom_interfaces/hook/cmake_prefix_path.sh'
[8.368s] Level 1:colcon.colcon_core.environment:checking '/home/razanhmede/session9_turtlebot3_razan/session9_turtlebot3_assignmentcpp/install/navigation_robot_custom_interfaces/lib'
[8.368s] Level 1:colcon.colcon_core.shell:create_environment_hook('navigation_robot_custom_interfaces', 'ld_library_path_lib')
[8.369s] INFO:colcon.colcon_core.shell:Creating environment hook '/home/razanhmede/session9_turtlebot3_razan/session9_turtlebot3_assignmentcpp/install/navigation_robot_custom_interfaces/share/navigation_robot_custom_interfaces/hook/ld_library_path_lib.ps1'
[8.370s] INFO:colcon.colcon_core.shell:Creating environment descriptor '/home/razanhmede/session9_turtlebot3_razan/session9_turtlebot3_assignmentcpp/install/navigation_robot_custom_interfaces/share/navigation_robot_custom_interfaces/hook/ld_library_path_lib.dsv'
[8.371s] INFO:colcon.colcon_core.shell:Creating environment hook '/home/razanhmede/session9_turtlebot3_razan/session9_turtlebot3_assignmentcpp/install/navigation_robot_custom_interfaces/share/navigation_robot_custom_interfaces/hook/ld_library_path_lib.sh'
[8.372s] Level 1:colcon.colcon_core.environment:checking '/home/razanhmede/session9_turtlebot3_razan/session9_turtlebot3_assignmentcpp/install/navigation_robot_custom_interfaces/bin'
[8.372s] Level 1:colcon.colcon_core.environment:checking '/home/razanhmede/session9_turtlebot3_razan/session9_turtlebot3_assignmentcpp/install/navigation_robot_custom_interfaces/lib/pkgconfig/navigation_robot_custom_interfaces.pc'
[8.373s] Level 1:colcon.colcon_core.environment:checking '/home/razanhmede/session9_turtlebot3_razan/session9_turtlebot3_assignmentcpp/install/navigation_robot_custom_interfaces/lib/python3.10/site-packages'
[8.373s] Level 1:colcon.colcon_core.environment:checking '/home/razanhmede/session9_turtlebot3_razan/session9_turtlebot3_assignmentcpp/install/navigation_robot_custom_interfaces/bin'
[8.374s] INFO:colcon.colcon_core.shell:Creating package script '/home/razanhmede/session9_turtlebot3_razan/session9_turtlebot3_assignmentcpp/install/navigation_robot_custom_interfaces/share/navigation_robot_custom_interfaces/package.ps1'
[8.375s] INFO:colcon.colcon_core.shell:Creating package descriptor '/home/razanhmede/session9_turtlebot3_razan/session9_turtlebot3_assignmentcpp/install/navigation_robot_custom_interfaces/share/navigation_robot_custom_interfaces/package.dsv'
[8.376s] INFO:colcon.colcon_core.shell:Creating package script '/home/razanhmede/session9_turtlebot3_razan/session9_turtlebot3_assignmentcpp/install/navigation_robot_custom_interfaces/share/navigation_robot_custom_interfaces/package.sh'
[8.407s] INFO:colcon.colcon_core.shell:Creating package script '/home/razanhmede/session9_turtlebot3_razan/session9_turtlebot3_assignmentcpp/install/navigation_robot_custom_interfaces/share/navigation_robot_custom_interfaces/package.bash'
[8.408s] INFO:colcon.colcon_core.shell:Creating package script '/home/razanhmede/session9_turtlebot3_razan/session9_turtlebot3_assignmentcpp/install/navigation_robot_custom_interfaces/share/navigation_robot_custom_interfaces/package.zsh'
[8.409s] Level 1:colcon.colcon_core.environment:create_file_with_runtime_dependencies(/home/razanhmede/session9_turtlebot3_razan/session9_turtlebot3_assignmentcpp/install/navigation_robot_custom_interfaces/share/colcon-core/packages/navigation_robot_custom_interfaces)
[8.410s] INFO:colcon.colcon_ros.task.ament_cmake.build:Building ROS package in '/home/razanhmede/session9_turtlebot3_razan/session9_turtlebot3_assignmentcpp/src/turtlebot3robotcpp' with build type 'ament_cmake'
[8.411s] INFO:colcon.colcon_cmake.task.cmake.build:Building CMake package in '/home/razanhmede/session9_turtlebot3_razan/session9_turtlebot3_assignmentcpp/src/turtlebot3robotcpp'
[8.412s] INFO:colcon.colcon_core.shell:Skip shell extension 'powershell' for command environment: Not usable outside of PowerShell
[8.412s] DEBUG:colcon.colcon_core.shell:Skip shell extension 'dsv' for command environment
[8.573s] DEBUG:colcon.colcon_core.event_handler.log_command:Invoking command in '/home/razanhmede/session9_turtlebot3_razan/session9_turtlebot3_assignmentcpp/build/turtlebot3robotcpp': CMAKE_PREFIX_PATH=/home/razanhmede/session9_turtlebot3_razan/session9_turtlebot3_assignmentcpp/install/navigation_robot_custom_interfaces:/home/razanhmede/session9_turtlebot3_razan/session9_turtlebot3_assignmentcpp/install/turtlebot3robotcpp:/opt/ros/humble /usr/bin/cmake --build /home/razanhmede/session9_turtlebot3_razan/session9_turtlebot3_assignmentcpp/build/turtlebot3robotcpp -- -j4 -l4
[59.120s] DEBUG:colcon.colcon_core.event_handler.log_command:Invoked command in '/home/razanhmede/session9_turtlebot3_razan/session9_turtlebot3_assignmentcpp/build/turtlebot3robotcpp' returned '0': CMAKE_PREFIX_PATH=/home/razanhmede/session9_turtlebot3_razan/session9_turtlebot3_assignmentcpp/install/navigation_robot_custom_interfaces:/home/razanhmede/session9_turtlebot3_razan/session9_turtlebot3_assignmentcpp/install/turtlebot3robotcpp:/opt/ros/humble /usr/bin/cmake --build /home/razanhmede/session9_turtlebot3_razan/session9_turtlebot3_assignmentcpp/build/turtlebot3robotcpp -- -j4 -l4
[59.312s] DEBUG:colcon.colcon_core.event_handler.log_command:Invoking command in '/home/razanhmede/session9_turtlebot3_razan/session9_turtlebot3_assignmentcpp/build/turtlebot3robotcpp': CMAKE_PREFIX_PATH=/home/razanhmede/session9_turtlebot3_razan/session9_turtlebot3_assignmentcpp/install/navigation_robot_custom_interfaces:/home/razanhmede/session9_turtlebot3_razan/session9_turtlebot3_assignmentcpp/install/turtlebot3robotcpp:/opt/ros/humble /usr/bin/cmake --install /home/razanhmede/session9_turtlebot3_razan/session9_turtlebot3_assignmentcpp/build/turtlebot3robotcpp
[59.533s] Level 1:colcon.colcon_core.environment:create_environment_scripts_only(turtlebot3robotcpp)
[59.533s] Level 1:colcon.colcon_core.environment:checking '/home/razanhmede/session9_turtlebot3_razan/session9_turtlebot3_assignmentcpp/install/turtlebot3robotcpp' for CMake module files
[59.534s] Level 1:colcon.colcon_core.environment:checking '/home/razanhmede/session9_turtlebot3_razan/session9_turtlebot3_assignmentcpp/install/turtlebot3robotcpp' for CMake config files
[59.534s] Level 1:colcon.colcon_core.shell:create_environment_hook('turtlebot3robotcpp', 'cmake_prefix_path')
[59.535s] INFO:colcon.colcon_core.shell:Creating environment hook '/home/razanhmede/session9_turtlebot3_razan/session9_turtlebot3_assignmentcpp/install/turtlebot3robotcpp/share/turtlebot3robotcpp/hook/cmake_prefix_path.ps1'
[59.536s] INFO:colcon.colcon_core.shell:Creating environment descriptor '/home/razanhmede/session9_turtlebot3_razan/session9_turtlebot3_assignmentcpp/install/turtlebot3robotcpp/share/turtlebot3robotcpp/hook/cmake_prefix_path.dsv'
[59.537s] DEBUG:colcon.colcon_core.event_handler.log_command:Invoked command in '/home/razanhmede/session9_turtlebot3_razan/session9_turtlebot3_assignmentcpp/build/turtlebot3robotcpp' returned '0': CMAKE_PREFIX_PATH=/home/razanhmede/session9_turtlebot3_razan/session9_turtlebot3_assignmentcpp/install/navigation_robot_custom_interfaces:/home/razanhmede/session9_turtlebot3_razan/session9_turtlebot3_assignmentcpp/install/turtlebot3robotcpp:/opt/ros/humble /usr/bin/cmake --install /home/razanhmede/session9_turtlebot3_razan/session9_turtlebot3_assignmentcpp/build/turtlebot3robotcpp
[59.537s] INFO:colcon.colcon_core.shell:Creating environment hook '/home/razanhmede/session9_turtlebot3_razan/session9_turtlebot3_assignmentcpp/install/turtlebot3robotcpp/share/turtlebot3robotcpp/hook/cmake_prefix_path.sh'
[59.538s] Level 1:colcon.colcon_core.environment:checking '/home/razanhmede/session9_turtlebot3_razan/session9_turtlebot3_assignmentcpp/install/turtlebot3robotcpp/lib'
[59.539s] Level 1:colcon.colcon_core.environment:checking '/home/razanhmede/session9_turtlebot3_razan/session9_turtlebot3_assignmentcpp/install/turtlebot3robotcpp/bin'
[59.539s] Level 1:colcon.colcon_core.environment:checking '/home/razanhmede/session9_turtlebot3_razan/session9_turtlebot3_assignmentcpp/install/turtlebot3robotcpp/lib/pkgconfig/turtlebot3robotcpp.pc'
[59.539s] Level 1:colcon.colcon_core.environment:checking '/home/razanhmede/session9_turtlebot3_razan/session9_turtlebot3_assignmentcpp/install/turtlebot3robotcpp/lib/python3.10/site-packages'
[59.539s] Level 1:colcon.colcon_core.environment:checking '/home/razanhmede/session9_turtlebot3_razan/session9_turtlebot3_assignmentcpp/install/turtlebot3robotcpp/bin'
[59.540s] INFO:colcon.colcon_core.shell:Creating package script '/home/razanhmede/session9_turtlebot3_razan/session9_turtlebot3_assignmentcpp/install/turtlebot3robotcpp/share/turtlebot3robotcpp/package.ps1'
[59.541s] INFO:colcon.colcon_core.shell:Creating package descriptor '/home/razanhmede/session9_turtlebot3_razan/session9_turtlebot3_assignmentcpp/install/turtlebot3robotcpp/share/turtlebot3robotcpp/package.dsv'
[59.541s] INFO:colcon.colcon_core.shell:Creating package script '/home/razanhmede/session9_turtlebot3_razan/session9_turtlebot3_assignmentcpp/install/turtlebot3robotcpp/share/turtlebot3robotcpp/package.sh'
[59.542s] INFO:colcon.colcon_core.shell:Creating package script '/home/razanhmede/session9_turtlebot3_razan/session9_turtlebot3_assignmentcpp/install/turtlebot3robotcpp/share/turtlebot3robotcpp/package.bash'
[59.543s] INFO:colcon.colcon_core.shell:Creating package script '/home/razanhmede/session9_turtlebot3_razan/session9_turtlebot3_assignmentcpp/install/turtlebot3robotcpp/share/turtlebot3robotcpp/package.zsh'
[59.545s] Level 1:colcon.colcon_core.environment:create_file_with_runtime_dependencies(/home/razanhmede/session9_turtlebot3_razan/session9_turtlebot3_assignmentcpp/install/turtlebot3robotcpp/share/colcon-core/packages/turtlebot3robotcpp)
[59.700s] Level 1:colcon.colcon_core.environment:create_environment_scripts_only(turtlebot3robotcpp)
[59.701s] Level 1:colcon.colcon_core.environment:checking '/home/razanhmede/session9_turtlebot3_razan/session9_turtlebot3_assignmentcpp/install/turtlebot3robotcpp' for CMake module files
[59.701s] Level 1:colcon.colcon_core.environment:checking '/home/razanhmede/session9_turtlebot3_razan/session9_turtlebot3_assignmentcpp/install/turtlebot3robotcpp' for CMake config files
[59.702s] Level 1:colcon.colcon_core.shell:create_environment_hook('turtlebot3robotcpp', 'cmake_prefix_path')
[59.702s] INFO:colcon.colcon_core.shell:Creating environment hook '/home/razanhmede/session9_turtlebot3_razan/session9_turtlebot3_assignmentcpp/install/turtlebot3robotcpp/share/turtlebot3robotcpp/hook/cmake_prefix_path.ps1'
[59.703s] INFO:colcon.colcon_core.shell:Creating environment descriptor '/home/razanhmede/session9_turtlebot3_razan/session9_turtlebot3_assignmentcpp/install/turtlebot3robotcpp/share/turtlebot3robotcpp/hook/cmake_prefix_path.dsv'
[59.703s] INFO:colcon.colcon_core.shell:Creating environment hook '/home/razanhmede/session9_turtlebot3_razan/session9_turtlebot3_assignmentcpp/install/turtlebot3robotcpp/share/turtlebot3robotcpp/hook/cmake_prefix_path.sh'
[59.704s] Level 1:colcon.colcon_core.environment:checking '/home/razanhmede/session9_turtlebot3_razan/session9_turtlebot3_assignmentcpp/install/turtlebot3robotcpp/lib'
[59.704s] Level 1:colcon.colcon_core.environment:checking '/home/razanhmede/session9_turtlebot3_razan/session9_turtlebot3_assignmentcpp/install/turtlebot3robotcpp/bin'
[59.704s] Level 1:colcon.colcon_core.environment:checking '/home/razanhmede/session9_turtlebot3_razan/session9_turtlebot3_assignmentcpp/install/turtlebot3robotcpp/lib/pkgconfig/turtlebot3robotcpp.pc'
[59.705s] Level 1:colcon.colcon_core.environment:checking '/home/razanhmede/session9_turtlebot3_razan/session9_turtlebot3_assignmentcpp/install/turtlebot3robotcpp/lib/python3.10/site-packages'
[59.705s] Level 1:colcon.colcon_core.environment:checking '/home/razanhmede/session9_turtlebot3_razan/session9_turtlebot3_assignmentcpp/install/turtlebot3robotcpp/bin'
[59.705s] INFO:colcon.colcon_core.shell:Creating package script '/home/razanhmede/session9_turtlebot3_razan/session9_turtlebot3_assignmentcpp/install/turtlebot3robotcpp/share/turtlebot3robotcpp/package.ps1'
[59.706s] INFO:colcon.colcon_core.shell:Creating package descriptor '/home/razanhmede/session9_turtlebot3_razan/session9_turtlebot3_assignmentcpp/install/turtlebot3robotcpp/share/turtlebot3robotcpp/package.dsv'
[59.707s] INFO:colcon.colcon_core.shell:Creating package script '/home/razanhmede/session9_turtlebot3_razan/session9_turtlebot3_assignmentcpp/install/turtlebot3robotcpp/share/turtlebot3robotcpp/package.sh'
[59.708s] INFO:colcon.colcon_core.shell:Creating package script '/home/razanhmede/session9_turtlebot3_razan/session9_turtlebot3_assignmentcpp/install/turtlebot3robotcpp/share/turtlebot3robotcpp/package.bash'
[59.727s] INFO:colcon.colcon_core.shell:Creating package script '/home/razanhmede/session9_turtlebot3_razan/session9_turtlebot3_assignmentcpp/install/turtlebot3robotcpp/share/turtlebot3robotcpp/package.zsh'
[59.729s] Level 1:colcon.colcon_core.environment:create_file_with_runtime_dependencies(/home/razanhmede/session9_turtlebot3_razan/session9_turtlebot3_assignmentcpp/install/turtlebot3robotcpp/share/colcon-core/packages/turtlebot3robotcpp)
[59.738s] DEBUG:colcon.colcon_parallel_executor.executor.parallel:closing loop
[59.739s] DEBUG:colcon.colcon_parallel_executor.executor.parallel:loop closed
[59.740s] DEBUG:colcon.colcon_parallel_executor.executor.parallel:run_until_complete finished with '0'
[59.741s] DEBUG:colcon.colcon_core.event_reactor:joining thread
[59.776s] INFO:colcon.colcon_core.plugin_system:Skipping extension 'colcon_notification.desktop_notification.terminal_notifier': Not used on non-Darwin systems
[59.777s] INFO:colcon.colcon_core.plugin_system:Skipping extension 'colcon_notification.desktop_notification.win32': Not used on non-Windows systems
[59.777s] INFO:colcon.colcon_notification.desktop_notification:Sending desktop notification using 'notify2'
[59.945s] DEBUG:colcon.colcon_core.event_reactor:joined thread
[59.945s] INFO:colcon.colcon_core.shell:Creating prefix script '/home/razanhmede/session9_turtlebot3_razan/session9_turtlebot3_assignmentcpp/install/local_setup.ps1'
[59.947s] INFO:colcon.colcon_core.shell:Creating prefix util module '/home/razanhmede/session9_turtlebot3_razan/session9_turtlebot3_assignmentcpp/install/_local_setup_util_ps1.py'
[59.949s] INFO:colcon.colcon_core.shell:Creating prefix chain script '/home/razanhmede/session9_turtlebot3_razan/session9_turtlebot3_assignmentcpp/install/setup.ps1'
[59.951s] INFO:colcon.colcon_core.shell:Creating prefix script '/home/razanhmede/session9_turtlebot3_razan/session9_turtlebot3_assignmentcpp/install/local_setup.sh'
[59.952s] INFO:colcon.colcon_core.shell:Creating prefix util module '/home/razanhmede/session9_turtlebot3_razan/session9_turtlebot3_assignmentcpp/install/_local_setup_util_sh.py'
[59.952s] INFO:colcon.colcon_core.shell:Creating prefix chain script '/home/razanhmede/session9_turtlebot3_razan/session9_turtlebot3_assignmentcpp/install/setup.sh'
[59.954s] INFO:colcon.colcon_core.shell:Creating prefix script '/home/razanhmede/session9_turtlebot3_razan/session9_turtlebot3_assignmentcpp/install/local_setup.bash'
[59.962s] INFO:colcon.colcon_core.shell:Creating prefix chain script '/home/razanhmede/session9_turtlebot3_razan/session9_turtlebot3_assignmentcpp/install/setup.bash'
[59.964s] INFO:colcon.colcon_core.shell:Creating prefix script '/home/razanhmede/session9_turtlebot3_razan/session9_turtlebot3_assignmentcpp/install/local_setup.zsh'
[59.967s] INFO:colcon.colcon_core.shell:Creating prefix chain script '/home/razanhmede/session9_turtlebot3_razan/session9_turtlebot3_assignmentcpp/install/setup.zsh'
