[0.010s] Invoking command in '/home/razanhmede/session9_turtlebot3_razan/session9_turtlebot3_assignmentcpp/build/turtlebot3robotcpp': CMAKE_PREFIX_PATH=/home/razanhmede/session9_turtlebot3_razan/session9_turtlebot3_assignmentcpp/install/navigation_robot_custom_interfaces:/home/razanhmede/session9_turtlebot3_razan/session9_turtlebot3_assignmentcpp/install/turtlebot3robotcpp:/opt/ros/humble /usr/bin/cmake --build /home/razanhmede/session9_turtlebot3_razan/session9_turtlebot3_assignmentcpp/build/turtlebot3robotcpp -- -j4 -l4
[0.072s] [35m[1mConsolidate compiler generated dependencies of target lap_time_server[0m
[0.076s] [35m[1mConsolidate compiler generated dependencies of target lap_time_client[0m
[0.095s] [ 25%] Built target wall_finder_server
[0.097s] [ 37%] [32mBuilding CXX object CMakeFiles/lap_time_server.dir/src/lap_time_server.cpp.o[0m
[0.103s] [ 50%] [32mBuilding CXX object CMakeFiles/lap_time_client.dir/src/lap_time_client.cpp.o[0m
[0.103s] [ 75%] Built target robot_driver_node
[3.624s] [01m[K/home/razanhmede/session9_turtlebot3_razan/session9_turtlebot3_assignmentcpp/src/turtlebot3robotcpp/src/lap_time_client.cpp:[m[K In constructor ‘[01m[KLapTimeClient::LapTimeClient()[m[K’:
[3.624s] [01m[K/home/razanhmede/session9_turtlebot3_razan/session9_turtlebot3_assignmentcpp/src/turtlebot3robotcpp/src/lap_time_client.cpp:10:5:[m[K [01;31m[Kerror: [m[K‘[01m[Ktimer_[m[K’ was not declared in this scope; did you mean ‘[01m[Ktimer_t[m[K’?
[3.624s]    10 |     [01;31m[Ktimer_[m[K = this->create_wall_timer(
[3.624s]       |     [01;31m[K^~~~~~[m[K
[3.625s]       |     [32m[Ktimer_t[m[K
[3.699s] [01m[K/home/razanhmede/session9_turtlebot3_razan/session9_turtlebot3_assignmentcpp/src/turtlebot3robotcpp/src/lap_time_client.cpp:[m[K In function ‘[01m[Kint main(int, char**)[m[K’:
[3.699s] [01m[K/home/razanhmede/session9_turtlebot3_razan/session9_turtlebot3_assignmentcpp/src/turtlebot3robotcpp/src/lap_time_client.cpp:88:26:[m[K [01;31m[Kerror: [m[K‘[01m[Kvoid LapTimeClient::sendGoal()[m[K’ is private within this context
[3.699s]    88 |     [01;31m[Kclient_node->sendGoal()[m[K;
[3.699s]       |     [01;31m[K~~~~~~~~~~~~~~~~~~~~~^~[m[K
[3.699s] [01m[K/home/razanhmede/session9_turtlebot3_razan/session9_turtlebot3_assignmentcpp/src/turtlebot3robotcpp/src/lap_time_client.cpp:16:6:[m[K [01;36m[Knote: [m[Kdeclared private here
[3.699s]    16 | void [01;36m[KLapTimeClient[m[K::sendGoal() {
[3.699s]       |      [01;36m[K^~~~~~~~~~~~~[m[K
[4.089s] [01m[K/home/razanhmede/session9_turtlebot3_razan/session9_turtlebot3_assignmentcpp/src/turtlebot3robotcpp/src/lap_time_server.cpp:[m[K In member function ‘[01m[Kvoid LapTimeServer::execute(std::shared_ptr<rclcpp_action::ServerGoalHandle<navigation_robot_custom_interfaces::action::MeasureLapTime> >)[m[K’:
[4.089s] [01m[K/home/razanhmede/session9_turtlebot3_razan/session9_turtlebot3_assignmentcpp/src/turtlebot3robotcpp/src/lap_time_server.cpp:76:49:[m[K [01;31m[Kerror: [m[Kno match for ‘[01m[Koperator=[m[K’ (operand types are ‘[01m[Krclcpp::Time[m[K’ and ‘[01m[Kstd::chrono::_V2::steady_clock::time_point[m[K’ {aka ‘[01m[Kstd::chrono::time_point<std::chrono::_V2::steady_clock, std::chrono::duration<long int, std::ratio<1, 1000000000> > >[m[K’})
[4.089s]    76 |     start_time = std::chrono::steady_clock::now([01;31m[K)[m[K;
[4.089s]       |                                                 [01;31m[K^[m[K
[4.089s] In file included from [01m[K/opt/ros/humble/include/rclcpp/rclcpp/clock.hpp:24[m[K,
[4.090s]                  from [01m[K/opt/ros/humble/include/rclcpp/rclcpp/timer.hpp:27[m[K,
[4.090s]                  from [01m[K/opt/ros/humble/include/rclcpp/rclcpp/callback_group.hpp:30[m[K,
[4.090s]                  from [01m[K/opt/ros/humble/include/rclcpp/rclcpp/any_executable.hpp:20[m[K,
[4.090s]                  from [01m[K/opt/ros/humble/include/rclcpp/rclcpp/memory_strategy.hpp:25[m[K,
[4.090s]                  from [01m[K/opt/ros/humble/include/rclcpp/rclcpp/memory_strategies.hpp:18[m[K,
[4.090s]                  from [01m[K/opt/ros/humble/include/rclcpp/rclcpp/executor_options.hpp:20[m[K,
[4.090s]                  from [01m[K/opt/ros/humble/include/rclcpp/rclcpp/executor.hpp:37[m[K,
[4.090s]                  from [01m[K/opt/ros/humble/include/rclcpp/rclcpp/executors/multi_threaded_executor.hpp:25[m[K,
[4.090s]                  from [01m[K/opt/ros/humble/include/rclcpp/rclcpp/executors.hpp:21[m[K,
[4.090s]                  from [01m[K/opt/ros/humble/include/rclcpp/rclcpp/rclcpp.hpp:155[m[K,
[4.090s]                  from [01m[K/home/razanhmede/session9_turtlebot3_razan/session9_turtlebot3_assignmentcpp/src/turtlebot3robotcpp/include/turtlebot3robotcpp/lap_time_server.hpp:4[m[K,
[4.090s]                  from [01m[K/home/razanhmede/session9_turtlebot3_razan/session9_turtlebot3_assignmentcpp/src/turtlebot3robotcpp/src/lap_time_server.cpp:1[m[K:
[4.090s] [01m[K/opt/ros/humble/include/rclcpp/rclcpp/time.hpp:91:3:[m[K [01;36m[Knote: [m[Kcandidate: ‘[01m[Krclcpp::Time& rclcpp::Time::operator=(const rclcpp::Time&)[m[K’
[4.090s]    91 |   [01;36m[Koperator[m[K=(const Time & rhs);
[4.090s]       |   [01;36m[K^~~~~~~~[m[K
[4.091s] [01m[K/opt/ros/humble/include/rclcpp/rclcpp/time.hpp:91:26:[m[K [01;36m[Knote: [m[K  no known conversion for argument 1 from ‘[01m[Kstd::chrono::_V2::steady_clock::time_point[m[K’ {aka ‘[01m[Kstd::chrono::time_point<std::chrono::_V2::steady_clock, std::chrono::duration<long int, std::ratio<1, 1000000000> > >[m[K’} to ‘[01m[Kconst rclcpp::Time&[m[K’
[4.091s]    91 |   operator=([01;36m[Kconst Time & rhs[m[K);
[4.091s]       |             [01;36m[K~~~~~~~~~~~~~^~~[m[K
[4.091s] [01m[K/opt/ros/humble/include/rclcpp/rclcpp/time.hpp:101:3:[m[K [01;36m[Knote: [m[Kcandidate: ‘[01m[Krclcpp::Time& rclcpp::Time::operator=(const Time&)[m[K’
[4.091s]   101 |   [01;36m[Koperator[m[K=(const builtin_interfaces::msg::Time & time_msg);
[4.091s]       |   [01;36m[K^~~~~~~~[m[K
[4.091s] [01m[K/opt/ros/humble/include/rclcpp/rclcpp/time.hpp:101:51:[m[K [01;36m[Knote: [m[K  no known conversion for argument 1 from ‘[01m[Kstd::chrono::_V2::steady_clock::time_point[m[K’ {aka ‘[01m[Kstd::chrono::time_point<std::chrono::_V2::steady_clock, std::chrono::duration<long int, std::ratio<1, 1000000000> > >[m[K’} to ‘[01m[Kconst Time&[m[K’ {aka ‘[01m[Kconst builtin_interfaces::msg::Time_<std::allocator<void> >&[m[K’}
[4.091s]   101 |   operator=([01;36m[Kconst builtin_interfaces::msg::Time & time_msg[m[K);
[4.091s]       |             [01;36m[K~~~~~~~~~~~~~~~~~~~~~~~~~~~~~~~~~~~~~~^~~~~~~~[m[K
[4.091s] In file included from [01m[K/usr/include/c++/11/pstl/glue_algorithm_defs.h:13[m[K,
[4.091s]                  from [01m[K/usr/include/c++/11/algorithm:74[m[K,
[4.091s]                  from [01m[K/opt/ros/humble/include/rclcpp/rclcpp/executor.hpp:18[m[K,
[4.091s]                  from [01m[K/opt/ros/humble/include/rclcpp/rclcpp/executors/multi_threaded_executor.hpp:25[m[K,
[4.091s]                  from [01m[K/opt/ros/humble/include/rclcpp/rclcpp/executors.hpp:21[m[K,
[4.092s]                  from [01m[K/opt/ros/humble/include/rclcpp/rclcpp/rclcpp.hpp:155[m[K,
[4.092s]                  from [01m[K/home/razanhmede/session9_turtlebot3_razan/session9_turtlebot3_assignmentcpp/src/turtlebot3robotcpp/include/turtlebot3robotcpp/lap_time_server.hpp:4[m[K,
[4.092s]                  from [01m[K/home/razanhmede/session9_turtlebot3_razan/session9_turtlebot3_assignmentcpp/src/turtlebot3robotcpp/src/lap_time_server.cpp:1[m[K:
[4.092s] /usr/include/c++/11/functional: In instantiation of ‘[01m[Kstruct std::_Bind_check_arity<void (LapTimeServer::*)(), LapTimeServer*, const std::shared_ptr<rclcpp_action::ServerGoalHandle<navigation_robot_custom_interfaces::action::MeasureLapTime> >&>[m[K’:
[4.092s] [01m[K/usr/include/c++/11/functional:768:12:[m[K   required from ‘[01m[Kstruct std::_Bind_helper<false, void (LapTimeServer::*)(), LapTimeServer*, const std::shared_ptr<rclcpp_action::ServerGoalHandle<navigation_robot_custom_interfaces::action::MeasureLapTime> >&>[m[K’
[4.092s] [01m[K/usr/include/c++/11/functional:789:5:[m[K   required by substitution of ‘[01m[Ktemplate<class _Func, class ... _BoundArgs> typename std::_Bind_helper<std::__is_socketlike<_Func>::value, _Func, _BoundArgs ...>::type std::bind(_Func&&, _BoundArgs&& ...) [with _Func = void (LapTimeServer::*)(); _BoundArgs = {LapTimeServer*, const std::shared_ptr<rclcpp_action::ServerGoalHandle<navigation_robot_custom_interfaces::action::MeasureLapTime> >&}][m[K’
[4.092s] [01m[K/home/razanhmede/session9_turtlebot3_razan/session9_turtlebot3_assignmentcpp/src/turtlebot3robotcpp/src/lap_time_server.cpp:80:18:[m[K   required from here
[4.092s] [01m[K/usr/include/c++/11/functional:756:21:[m[K [01;31m[Kerror: [m[Kstatic assertion failed: Wrong number of arguments for pointer-to-member
[4.092s]   755 |       static_assert(_Varargs::[01;31m[Kvalue[m[K
[4.092s]       |                               [01;31m[K~~~~~[m[K
[4.092s]   756 | [01;31m[K                    ? sizeof...(_BoundArgs) >= _Arity::value + 1[m[K
[4.092s]       |                     [01;31m[K^~~~~~~~~~~~~~~~~~~~~~~~~~~~~~~~~~~~~~~~~~~~[m[K
[4.092s]   757 | [01;31m[K                    : sizeof...(_BoundArgs) == _Arity::value + 1[m[K,
[4.092s]       |                     [01;31m[K~~~~~~~~~~~~~~~~~~~~~~~~~~~~~~~~~~~~~~~~~~~~[m[K
[4.092s] [01m[K/usr/include/c++/11/functional:756:21:[m[K [01;36m[Knote: [m[K‘[01m[K(false ? (2 >= (((long unsigned int)std::integral_constant<long unsigned int, 0>::value) + 1)) : (2 == (((long unsigned int)std::integral_constant<long unsigned int, 0>::value) + 1)))[m[K’ evaluates to false
[4.107s] [01m[K/home/razanhmede/session9_turtlebot3_razan/session9_turtlebot3_assignmentcpp/src/turtlebot3robotcpp/src/lap_time_server.cpp:85:75:[m[K [01;31m[Kerror: [m[Kno match for ‘[01m[Koperator-[m[K’ (operand types are ‘[01m[Kstd::chrono::_V2::steady_clock::time_point[m[K’ {aka ‘[01m[Kstd::chrono::time_point<std::chrono::_V2::steady_clock, std::chrono::duration<long int, std::ratio<1, 1000000000> > >[m[K’} and ‘[01m[Krclcpp::Time[m[K’)
[4.107s]    85 |         if (is_near_start_position() && ([32m[Kstd::chrono::steady_clock::now()[m[K [01;31m[K-[m[K [34m[Kstart_time[m[K) > std::chrono::seconds(1)) {
[4.107s]       |                                          [32m[K~~~~~~~~~~~~~~~~~~~~~~~~~~~~~~~~[m[K [01;31m[K^[m[K [34m[K~~~~~~~~~~[m[K
[4.108s]       |                                                                        [32m[K|[m[K    [34m[K|[m[K
[4.108s]       |                                                                        [32m[K|[m[K    [34m[Krclcpp::Time[m[K
[4.108s]       |                                                                        [32m[Kstd::chrono::_V2::steady_clock::time_point {aka std::chrono::time_point<std::chrono::_V2::steady_clock, std::chrono::duration<long int, std::ratio<1, 1000000000> > >}[m[K
[4.108s] In file included from [01m[K/usr/include/c++/11/bits/stl_algobase.h:67[m[K,
[4.108s]                  from [01m[K/usr/include/c++/11/memory:63[m[K,
[4.108s]                  from [01m[K/opt/ros/humble/include/rclcpp/rclcpp/rclcpp.hpp:153[m[K,
[4.108s]                  from [01m[K/home/razanhmede/session9_turtlebot3_razan/session9_turtlebot3_assignmentcpp/src/turtlebot3robotcpp/include/turtlebot3robotcpp/lap_time_server.hpp:4[m[K,
[4.108s]                  from [01m[K/home/razanhmede/session9_turtlebot3_razan/session9_turtlebot3_assignmentcpp/src/turtlebot3robotcpp/src/lap_time_server.cpp:1[m[K:
[4.109s] [01m[K/usr/include/c++/11/bits/stl_iterator.h:577:5:[m[K [01;36m[Knote: [m[Kcandidate: ‘[01m[Ktemplate<class _IteratorL, class _IteratorR> constexpr decltype ((__y.base() - __x.base())) std::operator-(const std::reverse_iterator<_Iterator>&, const std::reverse_iterator<_IteratorR>&)[m[K’
[4.109s]   577 |     [01;36m[Koperator[m[K-(const reverse_iterator<_IteratorL>& __x,
[4.109s]       |     [01;36m[K^~~~~~~~[m[K
[4.109s] [01m[K/usr/include/c++/11/bits/stl_iterator.h:577:5:[m[K [01;36m[Knote: [m[K  template argument deduction/substitution failed:
[4.109s] [01m[K/home/razanhmede/session9_turtlebot3_razan/session9_turtlebot3_assignmentcpp/src/turtlebot3robotcpp/src/lap_time_server.cpp:85:77:[m[K [01;36m[Knote: [m[K  ‘[01m[Kstd::chrono::_V2::steady_clock::time_point[m[K’ {aka ‘[01m[Kstd::chrono::time_point<std::chrono::_V2::steady_clock, std::chrono::duration<long int, std::ratio<1, 1000000000> > >[m[K’} is not derived from ‘[01m[Kconst std::reverse_iterator<_Iterator>[m[K’
[4.109s]    85 |         if (is_near_start_position() && (std::chrono::steady_clock::now() - [01;36m[Kstart_time[m[K) > std::chrono::seconds(1)) {
[4.109s]       |                                                                             [01;36m[K^~~~~~~~~~[m[K
[4.109s] In file included from [01m[K/usr/include/c++/11/bits/stl_algobase.h:67[m[K,
[4.110s]                  from [01m[K/usr/include/c++/11/memory:63[m[K,
[4.110s]                  from [01m[K/opt/ros/humble/include/rclcpp/rclcpp/rclcpp.hpp:153[m[K,
[4.110s]                  from [01m[K/home/razanhmede/session9_turtlebot3_razan/session9_turtlebot3_assignmentcpp/src/turtlebot3robotcpp/include/turtlebot3robotcpp/lap_time_server.hpp:4[m[K,
[4.110s]                  from [01m[K/home/razanhmede/session9_turtlebot3_razan/session9_turtlebot3_assignmentcpp/src/turtlebot3robotcpp/src/lap_time_server.cpp:1[m[K:
[4.110s] [01m[K/usr/include/c++/11/bits/stl_iterator.h:1693:5:[m[K [01;36m[Knote: [m[Kcandidate: ‘[01m[Ktemplate<class _IteratorL, class _IteratorR> constexpr decltype ((__x.base() - __y.base())) std::operator-(const std::move_iterator<_IteratorL>&, const std::move_iterator<_IteratorR>&)[m[K’
[4.110s]  1693 |     [01;36m[Koperator[m[K-(const move_iterator<_IteratorL>& __x,
[4.110s]       |     [01;36m[K^~~~~~~~[m[K
[4.110s] [01m[K/usr/include/c++/11/bits/stl_iterator.h:1693:5:[m[K [01;36m[Knote: [m[K  template argument deduction/substitution failed:
[4.110s] [01m[K/home/razanhmede/session9_turtlebot3_razan/session9_turtlebot3_assignmentcpp/src/turtlebot3robotcpp/src/lap_time_server.cpp:85:77:[m[K [01;36m[Knote: [m[K  ‘[01m[Kstd::chrono::_V2::steady_clock::time_point[m[K’ {aka ‘[01m[Kstd::chrono::time_point<std::chrono::_V2::steady_clock, std::chrono::duration<long int, std::ratio<1, 1000000000> > >[m[K’} is not derived from ‘[01m[Kconst std::move_iterator<_IteratorL>[m[K’
[4.110s]    85 |         if (is_near_start_position() && (std::chrono::steady_clock::now() - [01;36m[Kstart_time[m[K) > std::chrono::seconds(1)) {
[4.110s]       |                                                                             [01;36m[K^~~~~~~~~~[m[K
[4.110s] In file included from [01m[K/usr/include/c++/11/mutex:39[m[K,
[4.110s]                  from [01m[K/usr/include/c++/11/future:38[m[K,
[4.111s]                  from [01m[K/opt/ros/humble/include/rclcpp/rclcpp/executors.hpp:18[m[K,
[4.111s]                  from [01m[K/opt/ros/humble/include/rclcpp/rclcpp/rclcpp.hpp:155[m[K,
[4.111s]                  from [01m[K/home/razanhmede/session9_turtlebot3_razan/session9_turtlebot3_assignmentcpp/src/turtlebot3robotcpp/include/turtlebot3robotcpp/lap_time_server.hpp:4[m[K,
[4.111s]                  from [01m[K/home/razanhmede/session9_turtlebot3_razan/session9_turtlebot3_assignmentcpp/src/turtlebot3robotcpp/src/lap_time_server.cpp:1[m[K:
[4.111s] [01m[K/usr/include/c++/11/chrono:660:7:[m[K [01;36m[Knote: [m[Kcandidate: ‘[01m[Ktemplate<class _Rep1, class _Period1, class _Rep2, class _Period2> constexpr typename std::common_type<std::chrono::duration<_Rep1, _Period1>, std::chrono::duration<_Rep2, _Period2> >::type std::chrono::operator-(const std::chrono::duration<_Rep1, _Period1>&, const std::chrono::duration<_Rep2, _Period2>&)[m[K’
[4.111s]   660 |       [01;36m[Koperator[m[K-(const duration<_Rep1, _Period1>& __lhs,
[4.111s]       |       [01;36m[K^~~~~~~~[m[K
[4.111s] [01m[K/usr/include/c++/11/chrono:660:7:[m[K [01;36m[Knote: [m[K  template argument deduction/substitution failed:
[4.111s] [01m[K/home/razanhmede/session9_turtlebot3_razan/session9_turtlebot3_assignmentcpp/src/turtlebot3robotcpp/src/lap_time_server.cpp:85:77:[m[K [01;36m[Knote: [m[K  ‘[01m[Kstd::chrono::_V2::steady_clock::time_point[m[K’ {aka ‘[01m[Kstd::chrono::time_point<std::chrono::_V2::steady_clock, std::chrono::duration<long int, std::ratio<1, 1000000000> > >[m[K’} is not derived from ‘[01m[Kconst std::chrono::duration<_Rep1, _Period1>[m[K’
[4.111s]    85 |         if (is_near_start_position() && (std::chrono::steady_clock::now() - [01;36m[Kstart_time[m[K) > std::chrono::seconds(1)) {
[4.111s]       |                                                                             [01;36m[K^~~~~~~~~~[m[K
[4.111s] In file included from [01m[K/usr/include/c++/11/mutex:39[m[K,
[4.111s]                  from [01m[K/usr/include/c++/11/future:38[m[K,
[4.111s]                  from [01m[K/opt/ros/humble/include/rclcpp/rclcpp/executors.hpp:18[m[K,
[4.112s]                  from [01m[K/opt/ros/humble/include/rclcpp/rclcpp/rclcpp.hpp:155[m[K,
[4.112s]                  from [01m[K/home/razanhmede/session9_turtlebot3_razan/session9_turtlebot3_assignmentcpp/src/turtlebot3robotcpp/include/turtlebot3robotcpp/lap_time_server.hpp:4[m[K,
[4.112s]                  from [01m[K/home/razanhmede/session9_turtlebot3_razan/session9_turtlebot3_assignmentcpp/src/turtlebot3robotcpp/src/lap_time_server.cpp:1[m[K:
[4.112s] [01m[K/usr/include/c++/11/chrono:1030:7:[m[K [01;36m[Knote: [m[Kcandidate: ‘[01m[Ktemplate<class _Clock, class _Dur1, class _Rep2, class _Period2> constexpr std::chrono::time_point<_Clock, typename std::common_type<_Dur1, std::chrono::duration<_Rep2, _Period2> >::type> std::chrono::operator-(const std::chrono::time_point<_Clock, _Duration1>&, const std::chrono::duration<_Rep2, _Period2>&)[m[K’
[4.112s]  1030 |       [01;36m[Koperator[m[K-(const time_point<_Clock, _Dur1>& __lhs,
[4.112s]       |       [01;36m[K^~~~~~~~[m[K
[4.112s] [01m[K/usr/include/c++/11/chrono:1030:7:[m[K [01;36m[Knote: [m[K  template argument deduction/substitution failed:
[4.112s] [01m[K/home/razanhmede/session9_turtlebot3_razan/session9_turtlebot3_assignmentcpp/src/turtlebot3robotcpp/src/lap_time_server.cpp:85:77:[m[K [01;36m[Knote: [m[K  ‘[01m[Krclcpp::Time[m[K’ is not derived from ‘[01m[Kconst std::chrono::duration<_Rep2, _Period2>[m[K’
[4.112s]    85 |         if (is_near_start_position() && (std::chrono::steady_clock::now() - [01;36m[Kstart_time[m[K) > std::chrono::seconds(1)) {
[4.112s]       |                                                                             [01;36m[K^~~~~~~~~~[m[K
[4.112s] In file included from [01m[K/usr/include/c++/11/mutex:39[m[K,
[4.112s]                  from [01m[K/usr/include/c++/11/future:38[m[K,
[4.113s]                  from [01m[K/opt/ros/humble/include/rclcpp/rclcpp/executors.hpp:18[m[K,
[4.113s]                  from [01m[K/opt/ros/humble/include/rclcpp/rclcpp/rclcpp.hpp:155[m[K,
[4.113s]                  from [01m[K/home/razanhmede/session9_turtlebot3_razan/session9_turtlebot3_assignmentcpp/src/turtlebot3robotcpp/include/turtlebot3robotcpp/lap_time_server.hpp:4[m[K,
[4.113s]                  from [01m[K/home/razanhmede/session9_turtlebot3_razan/session9_turtlebot3_assignmentcpp/src/turtlebot3robotcpp/src/lap_time_server.cpp:1[m[K:
[4.113s] [01m[K/usr/include/c++/11/chrono:1042:7:[m[K [01;36m[Knote: [m[Kcandidate: ‘[01m[Ktemplate<class _Clock, class _Dur1, class _Dur2> constexpr typename std::common_type<_Duration1, _Duration2>::type std::chrono::operator-(const std::chrono::time_point<_Clock, _Duration1>&, const std::chrono::time_point<_Clock, _Duration2>&)[m[K’
[4.114s]  1042 |       [01;36m[Koperator[m[K-(const time_point<_Clock, _Dur1>& __lhs,
[4.114s]       |       [01;36m[K^~~~~~~~[m[K
[4.114s] [01m[K/usr/include/c++/11/chrono:1042:7:[m[K [01;36m[Knote: [m[K  template argument deduction/substitution failed:
[4.114s] [01m[K/home/razanhmede/session9_turtlebot3_razan/session9_turtlebot3_assignmentcpp/src/turtlebot3robotcpp/src/lap_time_server.cpp:85:77:[m[K [01;36m[Knote: [m[K  ‘[01m[Krclcpp::Time[m[K’ is not derived from ‘[01m[Kconst std::chrono::time_point<_Clock, _Duration2>[m[K’
[4.114s]    85 |         if (is_near_start_position() && (std::chrono::steady_clock::now() - [01;36m[Kstart_time[m[K) > std::chrono::seconds(1)) {
[4.114s]       |                                                                             [01;36m[K^~~~~~~~~~[m[K
[4.114s] [01m[K/home/razanhmede/session9_turtlebot3_razan/session9_turtlebot3_assignmentcpp/src/turtlebot3robotcpp/src/lap_time_server.cpp:87:97:[m[K [01;31m[Kerror: [m[Kno match for ‘[01m[Koperator-[m[K’ (operand types are ‘[01m[Kstd::chrono::_V2::steady_clock::time_point[m[K’ {aka ‘[01m[Kstd::chrono::time_point<std::chrono::_V2::steady_clock, std::chrono::duration<long int, std::ratio<1, 1000000000> > >[m[K’} and ‘[01m[Krclcpp::Time[m[K’)
[4.114s]    87 |             result->total_time = std::chrono::duration<double>([32m[Kstd::chrono::steady_clock::now()[m[K [01;31m[K-[m[K [34m[Kstart_time[m[K).count();
[4.114s]       |                                                                [32m[K~~~~~~~~~~~~~~~~~~~~~~~~~~~~~~~~[m[K [01;31m[K^[m[K [34m[K~~~~~~~~~~[m[K
[4.114s]       |                                                                                              [32m[K|[m[K    [34m[K|[m[K
[4.114s]       |                                                                                              [32m[K|[m[K    [34m[Krclcpp::Time[m[K
[4.114s]       |                                                                                              [32m[Kstd::chrono::_V2::steady_clock::time_point {aka std::chrono::time_point<std::chrono::_V2::steady_clock, std::chrono::duration<long int, std::ratio<1, 1000000000> > >}[m[K
[4.114s] In file included from [01m[K/usr/include/c++/11/bits/stl_algobase.h:67[m[K,
[4.114s]                  from [01m[K/usr/include/c++/11/memory:63[m[K,
[4.115s]                  from [01m[K/opt/ros/humble/include/rclcpp/rclcpp/rclcpp.hpp:153[m[K,
[4.115s]                  from [01m[K/home/razanhmede/session9_turtlebot3_razan/session9_turtlebot3_assignmentcpp/src/turtlebot3robotcpp/include/turtlebot3robotcpp/lap_time_server.hpp:4[m[K,
[4.115s]                  from [01m[K/home/razanhmede/session9_turtlebot3_razan/session9_turtlebot3_assignmentcpp/src/turtlebot3robotcpp/src/lap_time_server.cpp:1[m[K:
[4.115s] [01m[K/usr/include/c++/11/bits/stl_iterator.h:577:5:[m[K [01;36m[Knote: [m[Kcandidate: ‘[01m[Ktemplate<class _IteratorL, class _IteratorR> constexpr decltype ((__y.base() - __x.base())) std::operator-(const std::reverse_iterator<_Iterator>&, const std::reverse_iterator<_IteratorR>&)[m[K’
[4.115s]   577 |     [01;36m[Koperator[m[K-(const reverse_iterator<_IteratorL>& __x,
[4.115s]       |     [01;36m[K^~~~~~~~[m[K
[4.115s] [01m[K/usr/include/c++/11/bits/stl_iterator.h:577:5:[m[K [01;36m[Knote: [m[K  template argument deduction/substitution failed:
[4.115s] [01m[K/home/razanhmede/session9_turtlebot3_razan/session9_turtlebot3_assignmentcpp/src/turtlebot3robotcpp/src/lap_time_server.cpp:87:99:[m[K [01;36m[Knote: [m[K  ‘[01m[Kstd::chrono::_V2::steady_clock::time_point[m[K’ {aka ‘[01m[Kstd::chrono::time_point<std::chrono::_V2::steady_clock, std::chrono::duration<long int, std::ratio<1, 1000000000> > >[m[K’} is not derived from ‘[01m[Kconst std::reverse_iterator<_Iterator>[m[K’
[4.115s]    87 |             result->total_time = std::chrono::duration<double>(std::chrono::steady_clock::now() - [01;36m[Kstart_time[m[K).count();
[4.115s]       |                                                                                                   [01;36m[K^~~~~~~~~~[m[K
[4.115s] In file included from [01m[K/usr/include/c++/11/bits/stl_algobase.h:67[m[K,
[4.115s]                  from [01m[K/usr/include/c++/11/memory:63[m[K,
[4.115s]                  from [01m[K/opt/ros/humble/include/rclcpp/rclcpp/rclcpp.hpp:153[m[K,
[4.116s]                  from [01m[K/home/razanhmede/session9_turtlebot3_razan/session9_turtlebot3_assignmentcpp/src/turtlebot3robotcpp/include/turtlebot3robotcpp/lap_time_server.hpp:4[m[K,
[4.116s]                  from [01m[K/home/razanhmede/session9_turtlebot3_razan/session9_turtlebot3_assignmentcpp/src/turtlebot3robotcpp/src/lap_time_server.cpp:1[m[K:
[4.116s] [01m[K/usr/include/c++/11/bits/stl_iterator.h:1693:5:[m[K [01;36m[Knote: [m[Kcandidate: ‘[01m[Ktemplate<class _IteratorL, class _IteratorR> constexpr decltype ((__x.base() - __y.base())) std::operator-(const std::move_iterator<_IteratorL>&, const std::move_iterator<_IteratorR>&)[m[K’
[4.116s]  1693 |     [01;36m[Koperator[m[K-(const move_iterator<_IteratorL>& __x,
[4.116s]       |     [01;36m[K^~~~~~~~[m[K
[4.116s] [01m[K/usr/include/c++/11/bits/stl_iterator.h:1693:5:[m[K [01;36m[Knote: [m[K  template argument deduction/substitution failed:
[4.116s] [01m[K/home/razanhmede/session9_turtlebot3_razan/session9_turtlebot3_assignmentcpp/src/turtlebot3robotcpp/src/lap_time_server.cpp:87:99:[m[K [01;36m[Knote: [m[K  ‘[01m[Kstd::chrono::_V2::steady_clock::time_point[m[K’ {aka ‘[01m[Kstd::chrono::time_point<std::chrono::_V2::steady_clock, std::chrono::duration<long int, std::ratio<1, 1000000000> > >[m[K’} is not derived from ‘[01m[Kconst std::move_iterator<_IteratorL>[m[K’
[4.117s]    87 |             result->total_time = std::chrono::duration<double>(std::chrono::steady_clock::now() - [01;36m[Kstart_time[m[K).count();
[4.117s]       |                                                                                                   [01;36m[K^~~~~~~~~~[m[K
[4.117s] In file included from [01m[K/usr/include/c++/11/mutex:39[m[K,
[4.117s]                  from [01m[K/usr/include/c++/11/future:38[m[K,
[4.117s]                  from [01m[K/opt/ros/humble/include/rclcpp/rclcpp/executors.hpp:18[m[K,
[4.117s]                  from [01m[K/opt/ros/humble/include/rclcpp/rclcpp/rclcpp.hpp:155[m[K,
[4.117s]                  from [01m[K/home/razanhmede/session9_turtlebot3_razan/session9_turtlebot3_assignmentcpp/src/turtlebot3robotcpp/include/turtlebot3robotcpp/lap_time_server.hpp:4[m[K,
[4.117s]                  from [01m[K/home/razanhmede/session9_turtlebot3_razan/session9_turtlebot3_assignmentcpp/src/turtlebot3robotcpp/src/lap_time_server.cpp:1[m[K:
[4.117s] [01m[K/usr/include/c++/11/chrono:660:7:[m[K [01;36m[Knote: [m[Kcandidate: ‘[01m[Ktemplate<class _Rep1, class _Period1, class _Rep2, class _Period2> constexpr typename std::common_type<std::chrono::duration<_Rep1, _Period1>, std::chrono::duration<_Rep2, _Period2> >::type std::chrono::operator-(const std::chrono::duration<_Rep1, _Period1>&, const std::chrono::duration<_Rep2, _Period2>&)[m[K’
[4.117s]   660 |       [01;36m[Koperator[m[K-(const duration<_Rep1, _Period1>& __lhs,
[4.118s]       |       [01;36m[K^~~~~~~~[m[K
[4.118s] [01m[K/usr/include/c++/11/chrono:660:7:[m[K [01;36m[Knote: [m[K  template argument deduction/substitution failed:
[4.118s] [01m[K/home/razanhmede/session9_turtlebot3_razan/session9_turtlebot3_assignmentcpp/src/turtlebot3robotcpp/src/lap_time_server.cpp:87:99:[m[K [01;36m[Knote: [m[K  ‘[01m[Kstd::chrono::_V2::steady_clock::time_point[m[K’ {aka ‘[01m[Kstd::chrono::time_point<std::chrono::_V2::steady_clock, std::chrono::duration<long int, std::ratio<1, 1000000000> > >[m[K’} is not derived from ‘[01m[Kconst std::chrono::duration<_Rep1, _Period1>[m[K’
[4.118s]    87 |             result->total_time = std::chrono::duration<double>(std::chrono::steady_clock::now() - [01;36m[Kstart_time[m[K).count();
[4.119s]       |                                                                                                   [01;36m[K^~~~~~~~~~[m[K
[4.119s] In file included from [01m[K/usr/include/c++/11/mutex:39[m[K,
[4.119s]                  from [01m[K/usr/include/c++/11/future:38[m[K,
[4.119s]                  from [01m[K/opt/ros/humble/include/rclcpp/rclcpp/executors.hpp:18[m[K,
[4.119s]                  from [01m[K/opt/ros/humble/include/rclcpp/rclcpp/rclcpp.hpp:155[m[K,
[4.119s]                  from [01m[K/home/razanhmede/session9_turtlebot3_razan/session9_turtlebot3_assignmentcpp/src/turtlebot3robotcpp/include/turtlebot3robotcpp/lap_time_server.hpp:4[m[K,
[4.119s]                  from [01m[K/home/razanhmede/session9_turtlebot3_razan/session9_turtlebot3_assignmentcpp/src/turtlebot3robotcpp/src/lap_time_server.cpp:1[m[K:
[4.119s] [01m[K/usr/include/c++/11/chrono:1030:7:[m[K [01;36m[Knote: [m[Kcandidate: ‘[01m[Ktemplate<class _Clock, class _Dur1, class _Rep2, class _Period2> constexpr std::chrono::time_point<_Clock, typename std::common_type<_Dur1, std::chrono::duration<_Rep2, _Period2> >::type> std::chrono::operator-(const std::chrono::time_point<_Clock, _Duration1>&, const std::chrono::duration<_Rep2, _Period2>&)[m[K’
[4.119s]  1030 |       [01;36m[Koperator[m[K-(const time_point<_Clock, _Dur1>& __lhs,
[4.119s]       |       [01;36m[K^~~~~~~~[m[K
[4.119s] [01m[K/usr/include/c++/11/chrono:1030:7:[m[K [01;36m[Knote: [m[K  template argument deduction/substitution failed:
[4.119s] [01m[K/home/razanhmede/session9_turtlebot3_razan/session9_turtlebot3_assignmentcpp/src/turtlebot3robotcpp/src/lap_time_server.cpp:87:99:[m[K [01;36m[Knote: [m[K  ‘[01m[Krclcpp::Time[m[K’ is not derived from ‘[01m[Kconst std::chrono::duration<_Rep2, _Period2>[m[K’
[4.120s]    87 |             result->total_time = std::chrono::duration<double>(std::chrono::steady_clock::now() - [01;36m[Kstart_time[m[K).count();
[4.120s]       |                                                                                                   [01;36m[K^~~~~~~~~~[m[K
[4.120s] In file included from [01m[K/usr/include/c++/11/mutex:39[m[K,
[4.120s]                  from [01m[K/usr/include/c++/11/future:38[m[K,
[4.120s]                  from [01m[K/opt/ros/humble/include/rclcpp/rclcpp/executors.hpp:18[m[K,
[4.120s]                  from [01m[K/opt/ros/humble/include/rclcpp/rclcpp/rclcpp.hpp:155[m[K,
[4.120s]                  from [01m[K/home/razanhmede/session9_turtlebot3_razan/session9_turtlebot3_assignmentcpp/src/turtlebot3robotcpp/include/turtlebot3robotcpp/lap_time_server.hpp:4[m[K,
[4.120s]                  from [01m[K/home/razanhmede/session9_turtlebot3_razan/session9_turtlebot3_assignmentcpp/src/turtlebot3robotcpp/src/lap_time_server.cpp:1[m[K:
[4.120s] [01m[K/usr/include/c++/11/chrono:1042:7:[m[K [01;36m[Knote: [m[Kcandidate: ‘[01m[Ktemplate<class _Clock, class _Dur1, class _Dur2> constexpr typename std::common_type<_Duration1, _Duration2>::type std::chrono::operator-(const std::chrono::time_point<_Clock, _Duration1>&, const std::chrono::time_point<_Clock, _Duration2>&)[m[K’
[4.120s]  1042 |       [01;36m[Koperator[m[K-(const time_point<_Clock, _Dur1>& __lhs,
[4.120s]       |       [01;36m[K^~~~~~~~[m[K
[4.120s] [01m[K/usr/include/c++/11/chrono:1042:7:[m[K [01;36m[Knote: [m[K  template argument deduction/substitution failed:
[4.120s] [01m[K/home/razanhmede/session9_turtlebot3_razan/session9_turtlebot3_assignmentcpp/src/turtlebot3robotcpp/src/lap_time_server.cpp:87:99:[m[K [01;36m[Knote: [m[K  ‘[01m[Krclcpp::Time[m[K’ is not derived from ‘[01m[Kconst std::chrono::time_point<_Clock, _Duration2>[m[K’
[4.121s]    87 |             result->total_time = std::chrono::duration<double>(std::chrono::steady_clock::now() - [01;36m[Kstart_time[m[K).count();
[4.121s]       |                                                                                                   [01;36m[K^~~~~~~~~~[m[K
[4.121s] [01m[K/home/razanhmede/session9_turtlebot3_razan/session9_turtlebot3_assignmentcpp/src/turtlebot3robotcpp/src/lap_time_server.cpp:97:93:[m[K [01;31m[Kerror: [m[Kno match for ‘[01m[Koperator-[m[K’ (operand types are ‘[01m[Kstd::chrono::_V2::steady_clock::time_point[m[K’ {aka ‘[01m[Kstd::chrono::time_point<std::chrono::_V2::steady_clock, std::chrono::duration<long int, std::ratio<1, 1000000000> > >[m[K’} and ‘[01m[Krclcpp::Time[m[K’)
[4.121s]    97 |         result->total_time = std::chrono::duration<double>([32m[Kstd::chrono::steady_clock::now()[m[K [01;31m[K-[m[K [34m[Kstart_time[m[K).count();
[4.121s]       |                                                            [32m[K~~~~~~~~~~~~~~~~~~~~~~~~~~~~~~~~[m[K [01;31m[K^[m[K [34m[K~~~~~~~~~~[m[K
[4.121s]       |                                                                                          [32m[K|[m[K    [34m[K|[m[K
[4.121s]       |                                                                                          [32m[K|[m[K    [34m[Krclcpp::Time[m[K
[4.121s]       |                                                                                          [32m[Kstd::chrono::_V2::steady_clock::time_point {aka std::chrono::time_point<std::chrono::_V2::steady_clock, std::chrono::duration<long int, std::ratio<1, 1000000000> > >}[m[K
[4.122s] In file included from [01m[K/usr/include/c++/11/bits/stl_algobase.h:67[m[K,
[4.122s]                  from [01m[K/usr/include/c++/11/memory:63[m[K,
[4.122s]                  from [01m[K/opt/ros/humble/include/rclcpp/rclcpp/rclcpp.hpp:153[m[K,
[4.122s]                  from [01m[K/home/razanhmede/session9_turtlebot3_razan/session9_turtlebot3_assignmentcpp/src/turtlebot3robotcpp/include/turtlebot3robotcpp/lap_time_server.hpp:4[m[K,
[4.122s]                  from [01m[K/home/razanhmede/session9_turtlebot3_razan/session9_turtlebot3_assignmentcpp/src/turtlebot3robotcpp/src/lap_time_server.cpp:1[m[K:
[4.122s] [01m[K/usr/include/c++/11/bits/stl_iterator.h:577:5:[m[K [01;36m[Knote: [m[Kcandidate: ‘[01m[Ktemplate<class _IteratorL, class _IteratorR> constexpr decltype ((__y.base() - __x.base())) std::operator-(const std::reverse_iterator<_Iterator>&, const std::reverse_iterator<_IteratorR>&)[m[K’
[4.122s]   577 |     [01;36m[Koperator[m[K-(const reverse_iterator<_IteratorL>& __x,
[4.122s]       |     [01;36m[K^~~~~~~~[m[K
[4.122s] [01m[K/usr/include/c++/11/bits/stl_iterator.h:577:5:[m[K [01;36m[Knote: [m[K  template argument deduction/substitution failed:
[4.122s] [01m[K/home/razanhmede/session9_turtlebot3_razan/session9_turtlebot3_assignmentcpp/src/turtlebot3robotcpp/src/lap_time_server.cpp:97:95:[m[K [01;36m[Knote: [m[K  ‘[01m[Kstd::chrono::_V2::steady_clock::time_point[m[K’ {aka ‘[01m[Kstd::chrono::time_point<std::chrono::_V2::steady_clock, std::chrono::duration<long int, std::ratio<1, 1000000000> > >[m[K’} is not derived from ‘[01m[Kconst std::reverse_iterator<_Iterator>[m[K’
[4.122s]    97 |         result->total_time = std::chrono::duration<double>(std::chrono::steady_clock::now() - [01;36m[Kstart_time[m[K).count();
[4.122s]       |                                                                                               [01;36m[K^~~~~~~~~~[m[K
[4.123s] In file included from [01m[K/usr/include/c++/11/bits/stl_algobase.h:67[m[K,
[4.123s]                  from [01m[K/usr/include/c++/11/memory:63[m[K,
[4.123s]                  from [01m[K/opt/ros/humble/include/rclcpp/rclcpp/rclcpp.hpp:153[m[K,
[4.123s]                  from [01m[K/home/razanhmede/session9_turtlebot3_razan/session9_turtlebot3_assignmentcpp/src/turtlebot3robotcpp/include/turtlebot3robotcpp/lap_time_server.hpp:4[m[K,
[4.123s]                  from [01m[K/home/razanhmede/session9_turtlebot3_razan/session9_turtlebot3_assignmentcpp/src/turtlebot3robotcpp/src/lap_time_server.cpp:1[m[K:
[4.123s] [01m[K/usr/include/c++/11/bits/stl_iterator.h:1693:5:[m[K [01;36m[Knote: [m[Kcandidate: ‘[01m[Ktemplate<class _IteratorL, class _IteratorR> constexpr decltype ((__x.base() - __y.base())) std::operator-(const std::move_iterator<_IteratorL>&, const std::move_iterator<_IteratorR>&)[m[K’
[4.123s]  1693 |     [01;36m[Koperator[m[K-(const move_iterator<_IteratorL>& __x,
[4.123s]       |     [01;36m[K^~~~~~~~[m[K
[4.123s] [01m[K/usr/include/c++/11/bits/stl_iterator.h:1693:5:[m[K [01;36m[Knote: [m[K  template argument deduction/substitution failed:
[4.123s] [01m[K/home/razanhmede/session9_turtlebot3_razan/session9_turtlebot3_assignmentcpp/src/turtlebot3robotcpp/src/lap_time_server.cpp:97:95:[m[K [01;36m[Knote: [m[K  ‘[01m[Kstd::chrono::_V2::steady_clock::time_point[m[K’ {aka ‘[01m[Kstd::chrono::time_point<std::chrono::_V2::steady_clock, std::chrono::duration<long int, std::ratio<1, 1000000000> > >[m[K’} is not derived from ‘[01m[Kconst std::move_iterator<_IteratorL>[m[K’
[4.123s]    97 |         result->total_time = std::chrono::duration<double>(std::chrono::steady_clock::now() - [01;36m[Kstart_time[m[K).count();
[4.123s]       |                                                                                               [01;36m[K^~~~~~~~~~[m[K
[4.123s] In file included from [01m[K/usr/include/c++/11/mutex:39[m[K,
[4.123s]                  from [01m[K/usr/include/c++/11/future:38[m[K,
[4.124s]                  from [01m[K/opt/ros/humble/include/rclcpp/rclcpp/executors.hpp:18[m[K,
[4.124s]                  from [01m[K/opt/ros/humble/include/rclcpp/rclcpp/rclcpp.hpp:155[m[K,
[4.124s]                  from [01m[K/home/razanhmede/session9_turtlebot3_razan/session9_turtlebot3_assignmentcpp/src/turtlebot3robotcpp/include/turtlebot3robotcpp/lap_time_server.hpp:4[m[K,
[4.124s]                  from [01m[K/home/razanhmede/session9_turtlebot3_razan/session9_turtlebot3_assignmentcpp/src/turtlebot3robotcpp/src/lap_time_server.cpp:1[m[K:
[4.124s] [01m[K/usr/include/c++/11/chrono:660:7:[m[K [01;36m[Knote: [m[Kcandidate: ‘[01m[Ktemplate<class _Rep1, class _Period1, class _Rep2, class _Period2> constexpr typename std::common_type<std::chrono::duration<_Rep1, _Period1>, std::chrono::duration<_Rep2, _Period2> >::type std::chrono::operator-(const std::chrono::duration<_Rep1, _Period1>&, const std::chrono::duration<_Rep2, _Period2>&)[m[K’
[4.124s]   660 |       [01;36m[Koperator[m[K-(const duration<_Rep1, _Period1>& __lhs,
[4.124s]       |       [01;36m[K^~~~~~~~[m[K
[4.124s] [01m[K/usr/include/c++/11/chrono:660:7:[m[K [01;36m[Knote: [m[K  template argument deduction/substitution failed:
[4.124s] [01m[K/home/razanhmede/session9_turtlebot3_razan/session9_turtlebot3_assignmentcpp/src/turtlebot3robotcpp/src/lap_time_server.cpp:97:95:[m[K [01;36m[Knote: [m[K  ‘[01m[Kstd::chrono::_V2::steady_clock::time_point[m[K’ {aka ‘[01m[Kstd::chrono::time_point<std::chrono::_V2::steady_clock, std::chrono::duration<long int, std::ratio<1, 1000000000> > >[m[K’} is not derived from ‘[01m[Kconst std::chrono::duration<_Rep1, _Period1>[m[K’
[4.124s]    97 |         result->total_time = std::chrono::duration<double>(std::chrono::steady_clock::now() - [01;36m[Kstart_time[m[K).count();
[4.124s]       |                                                                                               [01;36m[K^~~~~~~~~~[m[K
[4.124s] In file included from [01m[K/usr/include/c++/11/mutex:39[m[K,
[4.124s]                  from [01m[K/usr/include/c++/11/future:38[m[K,
[4.124s]                  from [01m[K/opt/ros/humble/include/rclcpp/rclcpp/executors.hpp:18[m[K,
[4.125s]                  from [01m[K/opt/ros/humble/include/rclcpp/rclcpp/rclcpp.hpp:155[m[K,
[4.125s]                  from [01m[K/home/razanhmede/session9_turtlebot3_razan/session9_turtlebot3_assignmentcpp/src/turtlebot3robotcpp/include/turtlebot3robotcpp/lap_time_server.hpp:4[m[K,
[4.125s]                  from [01m[K/home/razanhmede/session9_turtlebot3_razan/session9_turtlebot3_assignmentcpp/src/turtlebot3robotcpp/src/lap_time_server.cpp:1[m[K:
[4.125s] [01m[K/usr/include/c++/11/chrono:1030:7:[m[K [01;36m[Knote: [m[Kcandidate: ‘[01m[Ktemplate<class _Clock, class _Dur1, class _Rep2, class _Period2> constexpr std::chrono::time_point<_Clock, typename std::common_type<_Dur1, std::chrono::duration<_Rep2, _Period2> >::type> std::chrono::operator-(const std::chrono::time_point<_Clock, _Duration1>&, const std::chrono::duration<_Rep2, _Period2>&)[m[K’
[4.125s]  1030 |       [01;36m[Koperator[m[K-(const time_point<_Clock, _Dur1>& __lhs,
[4.125s]       |       [01;36m[K^~~~~~~~[m[K
[4.125s] [01m[K/usr/include/c++/11/chrono:1030:7:[m[K [01;36m[Knote: [m[K  template argument deduction/substitution failed:
[4.125s] [01m[K/home/razanhmede/session9_turtlebot3_razan/session9_turtlebot3_assignmentcpp/src/turtlebot3robotcpp/src/lap_time_server.cpp:97:95:[m[K [01;36m[Knote: [m[K  ‘[01m[Krclcpp::Time[m[K’ is not derived from ‘[01m[Kconst std::chrono::duration<_Rep2, _Period2>[m[K’
[4.125s]    97 |         result->total_time = std::chrono::duration<double>(std::chrono::steady_clock::now() - [01;36m[Kstart_time[m[K).count();
[4.125s]       |                                                                                               [01;36m[K^~~~~~~~~~[m[K
[4.125s] In file included from [01m[K/usr/include/c++/11/mutex:39[m[K,
[4.125s]                  from [01m[K/usr/include/c++/11/future:38[m[K,
[4.125s]                  from [01m[K/opt/ros/humble/include/rclcpp/rclcpp/executors.hpp:18[m[K,
[4.125s]                  from [01m[K/opt/ros/humble/include/rclcpp/rclcpp/rclcpp.hpp:155[m[K,
[4.126s]                  from [01m[K/home/razanhmede/session9_turtlebot3_razan/session9_turtlebot3_assignmentcpp/src/turtlebot3robotcpp/include/turtlebot3robotcpp/lap_time_server.hpp:4[m[K,
[4.126s]                  from [01m[K/home/razanhmede/session9_turtlebot3_razan/session9_turtlebot3_assignmentcpp/src/turtlebot3robotcpp/src/lap_time_server.cpp:1[m[K:
[4.126s] [01m[K/usr/include/c++/11/chrono:1042:7:[m[K [01;36m[Knote: [m[Kcandidate: ‘[01m[Ktemplate<class _Clock, class _Dur1, class _Dur2> constexpr typename std::common_type<_Duration1, _Duration2>::type std::chrono::operator-(const std::chrono::time_point<_Clock, _Duration1>&, const std::chrono::time_point<_Clock, _Duration2>&)[m[K’
[4.126s]  1042 |       [01;36m[Koperator[m[K-(const time_point<_Clock, _Dur1>& __lhs,
[4.126s]       |       [01;36m[K^~~~~~~~[m[K
[4.126s] [01m[K/usr/include/c++/11/chrono:1042:7:[m[K [01;36m[Knote: [m[K  template argument deduction/substitution failed:
[4.126s] [01m[K/home/razanhmede/session9_turtlebot3_razan/session9_turtlebot3_assignmentcpp/src/turtlebot3robotcpp/src/lap_time_server.cpp:97:95:[m[K [01;36m[Knote: [m[K  ‘[01m[Krclcpp::Time[m[K’ is not derived from ‘[01m[Kconst std::chrono::time_point<_Clock, _Duration2>[m[K’
[4.126s]    97 |         result->total_time = std::chrono::duration<double>(std::chrono::steady_clock::now() - [01;36m[Kstart_time[m[K).count();
[4.126s]       |                                                                                               [01;36m[K^~~~~~~~~~[m[K
[4.126s] [01m[K/home/razanhmede/session9_turtlebot3_razan/session9_turtlebot3_assignmentcpp/src/turtlebot3robotcpp/src/lap_time_server.cpp:[m[K At global scope:
[4.126s] [01m[K/home/razanhmede/session9_turtlebot3_razan/session9_turtlebot3_assignmentcpp/src/turtlebot3robotcpp/src/lap_time_server.cpp:103:6:[m[K [01;31m[Kerror: [m[Kno declaration matches ‘[01m[Kvoid LapTimeServer::publish_elapsed_time(std::shared_ptr<rclcpp_action::ServerGoalHandle<navigation_robot_custom_interfaces::action::MeasureLapTime> >)[m[K’
[4.126s]   103 | void [01;31m[KLapTimeServer[m[K::publish_elapsed_time(const std::shared_ptr<GoalHandleMeasureLapTime> goal_handle) {
[4.126s]       |      [01;31m[K^~~~~~~~~~~~~[m[K
[4.126s] In file included from [01m[K/home/razanhmede/session9_turtlebot3_razan/session9_turtlebot3_assignmentcpp/src/turtlebot3robotcpp/src/lap_time_server.cpp:1[m[K:
[4.126s] [01m[K/home/razanhmede/session9_turtlebot3_razan/session9_turtlebot3_assignmentcpp/src/turtlebot3robotcpp/include/turtlebot3robotcpp/lap_time_server.hpp:22:10:[m[K [01;36m[Knote: [m[Kcandidate is: ‘[01m[Kvoid LapTimeServer::publish_elapsed_time()[m[K’
[4.127s]    22 |     void [01;36m[Kpublish_elapsed_time[m[K();
[4.127s]       |          [01;36m[K^~~~~~~~~~~~~~~~~~~~[m[K
[4.127s] In file included from [01m[K/home/razanhmede/session9_turtlebot3_razan/session9_turtlebot3_assignmentcpp/src/turtlebot3robotcpp/src/lap_time_server.cpp:1[m[K:
[4.127s] [01m[K/home/razanhmede/session9_turtlebot3_razan/session9_turtlebot3_assignmentcpp/src/turtlebot3robotcpp/include/turtlebot3robotcpp/lap_time_server.hpp:11:7:[m[K [01;36m[Knote: [m[K‘[01m[Kclass LapTimeServer[m[K’ defined here
[4.127s]    11 | class [01;36m[KLapTimeServer[m[K : public rclcpp::Node
[4.127s]       |       [01;36m[K^~~~~~~~~~~~~[m[K
[4.918s] gmake[2]: *** [CMakeFiles/lap_time_client.dir/build.make:76: CMakeFiles/lap_time_client.dir/src/lap_time_client.cpp.o] Error 1
[4.919s] gmake[1]: *** [CMakeFiles/Makefile2:221: CMakeFiles/lap_time_client.dir/all] Error 2
[4.919s] gmake[1]: *** Waiting for unfinished jobs....
[6.945s] In file included from [01m[K/opt/ros/humble/include/rclcpp/rclcpp/callback_group.hpp:30[m[K,
[6.945s]                  from [01m[K/opt/ros/humble/include/rclcpp/rclcpp/any_executable.hpp:20[m[K,
[6.945s]                  from [01m[K/opt/ros/humble/include/rclcpp/rclcpp/memory_strategy.hpp:25[m[K,
[6.945s]                  from [01m[K/opt/ros/humble/include/rclcpp/rclcpp/memory_strategies.hpp:18[m[K,
[6.945s]                  from [01m[K/opt/ros/humble/include/rclcpp/rclcpp/executor_options.hpp:20[m[K,
[6.945s]                  from [01m[K/opt/ros/humble/include/rclcpp/rclcpp/executor.hpp:37[m[K,
[6.945s]                  from [01m[K/opt/ros/humble/include/rclcpp/rclcpp/executors/multi_threaded_executor.hpp:25[m[K,
[6.945s]                  from [01m[K/opt/ros/humble/include/rclcpp/rclcpp/executors.hpp:21[m[K,
[6.945s]                  from [01m[K/opt/ros/humble/include/rclcpp/rclcpp/rclcpp.hpp:155[m[K,
[6.945s]                  from [01m[K/home/razanhmede/session9_turtlebot3_razan/session9_turtlebot3_assignmentcpp/src/turtlebot3robotcpp/include/turtlebot3robotcpp/lap_time_server.hpp:4[m[K,
[6.945s]                  from [01m[K/home/razanhmede/session9_turtlebot3_razan/session9_turtlebot3_assignmentcpp/src/turtlebot3robotcpp/src/lap_time_server.cpp:1[m[K:
[6.945s] /opt/ros/humble/include/rclcpp/rclcpp/timer.hpp: In instantiation of ‘[01m[Kvoid rclcpp::GenericTimer<FunctorT, <anonymous> >::execute_callback_delegate() [with CallbackT = std::_Bind<void (LapTimeServer::*(LapTimeServer*, std::shared_ptr<rclcpp_action::ServerGoalHandle<navigation_robot_custom_interfaces::action::MeasureLapTime> >))()>; typename std::enable_if<rclcpp::function_traits::same_arguments<CallbackT, std::function<void()> >::value>::type* <anonymous> = 0; FunctorT = std::_Bind<void (LapTimeServer::*(LapTimeServer*, std::shared_ptr<rclcpp_action::ServerGoalHandle<navigation_robot_custom_interfaces::action::MeasureLapTime> >))()>; typename std::enable_if<(rclcpp::function_traits::same_arguments<FunctorT, std::function<void()> >::value || rclcpp::function_traits::same_arguments<FunctorT, std::function<void(rclcpp::TimerBase&)> >::value)>::type* <anonymous> = 0][m[K’:
[6.946s] [01m[K/opt/ros/humble/include/rclcpp/rclcpp/timer.hpp:230:32:[m[K   required from ‘[01m[Kvoid rclcpp::GenericTimer<FunctorT, <anonymous> >::execute_callback() [with FunctorT = std::_Bind<void (LapTimeServer::*(LapTimeServer*, std::shared_ptr<rclcpp_action::ServerGoalHandle<navigation_robot_custom_interfaces::action::MeasureLapTime> >))()>; typename std::enable_if<(rclcpp::function_traits::same_arguments<FunctorT, std::function<void()> >::value || rclcpp::function_traits::same_arguments<FunctorT, std::function<void(rclcpp::TimerBase&)> >::value)>::type* <anonymous> = 0][m[K’
[6.946s] [01m[K/opt/ros/humble/include/rclcpp/rclcpp/timer.hpp:227:3:[m[K   required from here
[6.946s] [01m[K/opt/ros/humble/include/rclcpp/rclcpp/timer.hpp:244:14:[m[K [01;31m[Kerror: [m[Kno match for call to ‘[01m[K(std::_Bind<void (LapTimeServer::*(LapTimeServer*, std::shared_ptr<rclcpp_action::ServerGoalHandle<navigation_robot_custom_interfaces::action::MeasureLapTime> >))()>) ()[m[K’
[6.946s]   244 |     [01;31m[Kcallback_()[m[K;
[6.946s]       |     [01;31m[K~~~~~~~~~^~[m[K
[6.947s] In file included from [01m[K/usr/include/c++/11/pstl/glue_algorithm_defs.h:13[m[K,
[6.947s]                  from [01m[K/usr/include/c++/11/algorithm:74[m[K,
[6.947s]                  from [01m[K/opt/ros/humble/include/rclcpp/rclcpp/executor.hpp:18[m[K,
[6.947s]                  from [01m[K/opt/ros/humble/include/rclcpp/rclcpp/executors/multi_threaded_executor.hpp:25[m[K,
[6.947s]                  from [01m[K/opt/ros/humble/include/rclcpp/rclcpp/executors.hpp:21[m[K,
[6.947s]                  from [01m[K/opt/ros/humble/include/rclcpp/rclcpp/rclcpp.hpp:155[m[K,
[6.947s]                  from [01m[K/home/razanhmede/session9_turtlebot3_razan/session9_turtlebot3_assignmentcpp/src/turtlebot3robotcpp/include/turtlebot3robotcpp/lap_time_server.hpp:4[m[K,
[6.947s]                  from [01m[K/home/razanhmede/session9_turtlebot3_razan/session9_turtlebot3_assignmentcpp/src/turtlebot3robotcpp/src/lap_time_server.cpp:1[m[K:
[6.947s] [01m[K/usr/include/c++/11/functional:501:9:[m[K [01;36m[Knote: [m[Kcandidate: ‘[01m[Ktemplate<class ... _Args, class _Result> _Result std::_Bind<_Functor(_Bound_args ...)>::operator()(_Args&& ...) [with _Args = {_Args ...}; _Result = _Result; _Functor = void (LapTimeServer::*)(); _Bound_args = {LapTimeServer*, std::shared_ptr<rclcpp_action::ServerGoalHandle<navigation_robot_custom_interfaces::action::MeasureLapTime> >}][m[K’
[6.947s]   501 |         [01;36m[Koperator[m[K()(_Args&&... __args)
[6.947s]       |         [01;36m[K^~~~~~~~[m[K
[6.947s] [01m[K/usr/include/c++/11/functional:501:9:[m[K [01;36m[Knote: [m[K  template argument deduction/substitution failed:
[6.947s] /usr/include/c++/11/functional: In substitution of ‘[01m[Ktemplate<class _Functor, class ... _Bound_args> template<class _Fn, class _CallArgs, class ... _BArgs> using _Res_type_impl = typename std::result_of<_Fn&(decltype (std::_Mu<typename std::remove_cv<_BArgs>::type, std::is_bind_expression<typename std::remove_cv<_BArgs>::type>::value, (std::is_placeholder<typename std::remove_cv<_BArgs>::type>::value > 0)>()(declval<_BArgs&>(), declval<_CallArgs&>()))&& ...)>::type [with _Fn = void (LapTimeServer::*)(); _CallArgs = std::tuple<>; _BArgs = {LapTimeServer*, std::shared_ptr<rclcpp_action::ServerGoalHandle<navigation_robot_custom_interfaces::action::MeasureLapTime> >}; _Functor = void (LapTimeServer::*)(); _Bound_args = {LapTimeServer*, std::shared_ptr<rclcpp_action::ServerGoalHandle<navigation_robot_custom_interfaces::action::MeasureLapTime> >}][m[K’:
[6.947s] [01m[K/usr/include/c++/11/functional:468:8:[m[K   required by substitution of ‘[01m[Ktemplate<class _Functor, class ... _Bound_args> template<class _CallArgs> using _Res_type = std::_Bind<_Functor(_Bound_args ...)>::_Res_type_impl<_Functor, _CallArgs, _Bound_args ...> [with _CallArgs = std::tuple<>; _Functor = void (LapTimeServer::*)(); _Bound_args = {LapTimeServer*, std::shared_ptr<rclcpp_action::ServerGoalHandle<navigation_robot_custom_interfaces::action::MeasureLapTime> >}][m[K’
[6.947s] [01m[K/usr/include/c++/11/functional:498:9:[m[K   required from ‘[01m[Kvoid rclcpp::GenericTimer<FunctorT, <anonymous> >::execute_callback_delegate() [with CallbackT = std::_Bind<void (LapTimeServer::*(LapTimeServer*, std::shared_ptr<rclcpp_action::ServerGoalHandle<navigation_robot_custom_interfaces::action::MeasureLapTime> >))()>; typename std::enable_if<rclcpp::function_traits::same_arguments<CallbackT, std::function<void()> >::value>::type* <anonymous> = 0; FunctorT = std::_Bind<void (LapTimeServer::*(LapTimeServer*, std::shared_ptr<rclcpp_action::ServerGoalHandle<navigation_robot_custom_interfaces::action::MeasureLapTime> >))()>; typename std::enable_if<(rclcpp::function_traits::same_arguments<FunctorT, std::function<void()> >::value || rclcpp::function_traits::same_arguments<FunctorT, std::function<void(rclcpp::TimerBase&)> >::value)>::type* <anonymous> = 0][m[K’
[6.947s] [01m[K/opt/ros/humble/include/rclcpp/rclcpp/timer.hpp:230:32:[m[K   required from ‘[01m[Kvoid rclcpp::GenericTimer<FunctorT, <anonymous> >::execute_callback() [with FunctorT = std::_Bind<void (LapTimeServer::*(LapTimeServer*, std::shared_ptr<rclcpp_action::ServerGoalHandle<navigation_robot_custom_interfaces::action::MeasureLapTime> >))()>; typename std::enable_if<(rclcpp::function_traits::same_arguments<FunctorT, std::function<void()> >::value || rclcpp::function_traits::same_arguments<FunctorT, std::function<void(rclcpp::TimerBase&)> >::value)>::type* <anonymous> = 0][m[K’
[6.947s] [01m[K/opt/ros/humble/include/rclcpp/rclcpp/timer.hpp:227:3:[m[K   required from here
[6.948s] [01m[K/usr/include/c++/11/functional:464:15:[m[K [01;31m[Kerror: [m[Kno type named ‘[01m[Ktype[m[K’ in ‘[01m[Kstruct std::result_of<void (LapTimeServer::*&(LapTimeServer*&, std::shared_ptr<rclcpp_action::ServerGoalHandle<navigation_robot_custom_interfaces::action::MeasureLapTime> >&))()>[m[K’
[6.948s]   464 |         using [01;31m[K_Res_type_impl[m[K
[6.948s]       |               [01;31m[K^~~~~~~~~~~~~~[m[K
[6.948s] /opt/ros/humble/include/rclcpp/rclcpp/timer.hpp: In instantiation of ‘[01m[Kvoid rclcpp::GenericTimer<FunctorT, <anonymous> >::execute_callback_delegate() [with CallbackT = std::_Bind<void (LapTimeServer::*(LapTimeServer*, std::shared_ptr<rclcpp_action::ServerGoalHandle<navigation_robot_custom_interfaces::action::MeasureLapTime> >))()>; typename std::enable_if<rclcpp::function_traits::same_arguments<CallbackT, std::function<void()> >::value>::type* <anonymous> = 0; FunctorT = std::_Bind<void (LapTimeServer::*(LapTimeServer*, std::shared_ptr<rclcpp_action::ServerGoalHandle<navigation_robot_custom_interfaces::action::MeasureLapTime> >))()>; typename std::enable_if<(rclcpp::function_traits::same_arguments<FunctorT, std::function<void()> >::value || rclcpp::function_traits::same_arguments<FunctorT, std::function<void(rclcpp::TimerBase&)> >::value)>::type* <anonymous> = 0][m[K’:
[6.948s] [01m[K/opt/ros/humble/include/rclcpp/rclcpp/timer.hpp:230:32:[m[K   required from ‘[01m[Kvoid rclcpp::GenericTimer<FunctorT, <anonymous> >::execute_callback() [with FunctorT = std::_Bind<void (LapTimeServer::*(LapTimeServer*, std::shared_ptr<rclcpp_action::ServerGoalHandle<navigation_robot_custom_interfaces::action::MeasureLapTime> >))()>; typename std::enable_if<(rclcpp::function_traits::same_arguments<FunctorT, std::function<void()> >::value || rclcpp::function_traits::same_arguments<FunctorT, std::function<void(rclcpp::TimerBase&)> >::value)>::type* <anonymous> = 0][m[K’
[6.948s] [01m[K/opt/ros/humble/include/rclcpp/rclcpp/timer.hpp:227:3:[m[K   required from here
[6.948s] [01m[K/usr/include/c++/11/functional:513:9:[m[K [01;36m[Knote: [m[Kcandidate: ‘[01m[Ktemplate<class ... _Args, class _Result> _Result std::_Bind<_Functor(_Bound_args ...)>::operator()(_Args&& ...) const [with _Args = {_Args ...}; _Result = _Result; _Functor = void (LapTimeServer::*)(); _Bound_args = {LapTimeServer*, std::shared_ptr<rclcpp_action::ServerGoalHandle<navigation_robot_custom_interfaces::action::MeasureLapTime> >}][m[K’
[6.948s]   513 |         [01;36m[Koperator[m[K()(_Args&&... __args) const
[6.948s]       |         [01;36m[K^~~~~~~~[m[K
[6.948s] [01m[K/usr/include/c++/11/functional:513:9:[m[K [01;36m[Knote: [m[K  template argument deduction/substitution failed:
[6.948s] /usr/include/c++/11/functional: In substitution of ‘[01m[Ktemplate<class _Functor, class ... _Bound_args> template<class _Fn, class _CallArgs, class ... _BArgs> using _Res_type_impl = typename std::result_of<_Fn&(decltype (std::_Mu<typename std::remove_cv<_BArgs>::type, std::is_bind_expression<typename std::remove_cv<_BArgs>::type>::value, (std::is_placeholder<typename std::remove_cv<_BArgs>::type>::value > 0)>()(declval<_BArgs&>(), declval<_CallArgs&>()))&& ...)>::type [with _Fn = void (LapTimeServer::* const)(); _CallArgs = std::tuple<>; _BArgs = {LapTimeServer* const, const std::shared_ptr<rclcpp_action::ServerGoalHandle<navigation_robot_custom_interfaces::action::MeasureLapTime> >}; _Functor = void (LapTimeServer::*)(); _Bound_args = {LapTimeServer*, std::shared_ptr<rclcpp_action::ServerGoalHandle<navigation_robot_custom_interfaces::action::MeasureLapTime> >}][m[K’:
[6.948s] [01m[K/usr/include/c++/11/functional:475:8:[m[K   required by substitution of ‘[01m[Ktemplate<class _Functor, class ... _Bound_args> template<class _CallArgs, template<class _CallArgs, template<class> class __cv_quals> template<class _Functor, class ... _Bound_args> template<class> class __cv_quals> using _Res_type_cv = std::_Bind<_Functor(_Bound_args ...)>::_Res_type_impl<typename __cv_quals<typename std::enable_if<(bool)((std::tuple_size<_Tuple>::value + 1)), _Functor>::type>::type, _CallArgs, typename __cv_quals<_Bound_args>::type ...> [with _CallArgs = std::tuple<>; __cv_quals = std::add_const; _Functor = void (LapTimeServer::*)(); _Bound_args = {LapTimeServer*, std::shared_ptr<rclcpp_action::ServerGoalHandle<navigation_robot_custom_interfaces::action::MeasureLapTime> >}][m[K’
[6.948s] [01m[K/usr/include/c++/11/functional:510:9:[m[K   required from ‘[01m[Kvoid rclcpp::GenericTimer<FunctorT, <anonymous> >::execute_callback_delegate() [with CallbackT = std::_Bind<void (LapTimeServer::*(LapTimeServer*, std::shared_ptr<rclcpp_action::ServerGoalHandle<navigation_robot_custom_interfaces::action::MeasureLapTime> >))()>; typename std::enable_if<rclcpp::function_traits::same_arguments<CallbackT, std::function<void()> >::value>::type* <anonymous> = 0; FunctorT = std::_Bind<void (LapTimeServer::*(LapTimeServer*, std::shared_ptr<rclcpp_action::ServerGoalHandle<navigation_robot_custom_interfaces::action::MeasureLapTime> >))()>; typename std::enable_if<(rclcpp::function_traits::same_arguments<FunctorT, std::function<void()> >::value || rclcpp::function_traits::same_arguments<FunctorT, std::function<void(rclcpp::TimerBase&)> >::value)>::type* <anonymous> = 0][m[K’
[6.948s] [01m[K/opt/ros/humble/include/rclcpp/rclcpp/timer.hpp:230:32:[m[K   required from ‘[01m[Kvoid rclcpp::GenericTimer<FunctorT, <anonymous> >::execute_callback() [with FunctorT = std::_Bind<void (LapTimeServer::*(LapTimeServer*, std::shared_ptr<rclcpp_action::ServerGoalHandle<navigation_robot_custom_interfaces::action::MeasureLapTime> >))()>; typename std::enable_if<(rclcpp::function_traits::same_arguments<FunctorT, std::function<void()> >::value || rclcpp::function_traits::same_arguments<FunctorT, std::function<void(rclcpp::TimerBase&)> >::value)>::type* <anonymous> = 0][m[K’
[6.949s] [01m[K/opt/ros/humble/include/rclcpp/rclcpp/timer.hpp:227:3:[m[K   required from here
[6.949s] [01m[K/usr/include/c++/11/functional:464:15:[m[K [01;31m[Kerror: [m[Kno type named ‘[01m[Ktype[m[K’ in ‘[01m[Kstruct std::result_of<void (LapTimeServer::* const&(LapTimeServer* const&, const std::shared_ptr<rclcpp_action::ServerGoalHandle<navigation_robot_custom_interfaces::action::MeasureLapTime> >&))()>[m[K’
[6.949s]   464 |         using [01;31m[K_Res_type_impl[m[K
[6.949s]       |               [01;31m[K^~~~~~~~~~~~~~[m[K
[6.949s] /opt/ros/humble/include/rclcpp/rclcpp/timer.hpp: In instantiation of ‘[01m[Kvoid rclcpp::GenericTimer<FunctorT, <anonymous> >::execute_callback_delegate() [with CallbackT = std::_Bind<void (LapTimeServer::*(LapTimeServer*, std::shared_ptr<rclcpp_action::ServerGoalHandle<navigation_robot_custom_interfaces::action::MeasureLapTime> >))()>; typename std::enable_if<rclcpp::function_traits::same_arguments<CallbackT, std::function<void()> >::value>::type* <anonymous> = 0; FunctorT = std::_Bind<void (LapTimeServer::*(LapTimeServer*, std::shared_ptr<rclcpp_action::ServerGoalHandle<navigation_robot_custom_interfaces::action::MeasureLapTime> >))()>; typename std::enable_if<(rclcpp::function_traits::same_arguments<FunctorT, std::function<void()> >::value || rclcpp::function_traits::same_arguments<FunctorT, std::function<void(rclcpp::TimerBase&)> >::value)>::type* <anonymous> = 0][m[K’:
[6.949s] [01m[K/opt/ros/humble/include/rclcpp/rclcpp/timer.hpp:230:32:[m[K   required from ‘[01m[Kvoid rclcpp::GenericTimer<FunctorT, <anonymous> >::execute_callback() [with FunctorT = std::_Bind<void (LapTimeServer::*(LapTimeServer*, std::shared_ptr<rclcpp_action::ServerGoalHandle<navigation_robot_custom_interfaces::action::MeasureLapTime> >))()>; typename std::enable_if<(rclcpp::function_traits::same_arguments<FunctorT, std::function<void()> >::value || rclcpp::function_traits::same_arguments<FunctorT, std::function<void(rclcpp::TimerBase&)> >::value)>::type* <anonymous> = 0][m[K’
[6.949s] [01m[K/opt/ros/humble/include/rclcpp/rclcpp/timer.hpp:227:3:[m[K   required from here
[6.949s] [01m[K/usr/include/c++/11/functional:531:9:[m[K [01;36m[Knote: [m[Kcandidate: ‘[01m[Ktemplate<class ... _Args, class _Result> _Result std::_Bind<_Functor(_Bound_args ...)>::operator()(_Args&& ...) volatile [with _Args = {_Args ...}; _Result = _Result; _Functor = void (LapTimeServer::*)(); _Bound_args = {LapTimeServer*, std::shared_ptr<rclcpp_action::ServerGoalHandle<navigation_robot_custom_interfaces::action::MeasureLapTime> >}][m[K’
[6.949s]   531 |         [01;36m[Koperator[m[K()(_Args&&... __args) volatile
[6.949s]       |         [01;36m[K^~~~~~~~[m[K
[6.949s] [01m[K/usr/include/c++/11/functional:531:9:[m[K [01;36m[Knote: [m[K  template argument deduction/substitution failed:
[6.949s] /usr/include/c++/11/functional: In substitution of ‘[01m[Ktemplate<class _Functor, class ... _Bound_args> template<class _Fn, class _CallArgs, class ... _BArgs> using _Res_type_impl = typename std::result_of<_Fn&(decltype (std::_Mu<typename std::remove_cv<_BArgs>::type, std::is_bind_expression<typename std::remove_cv<_BArgs>::type>::value, (std::is_placeholder<typename std::remove_cv<_BArgs>::type>::value > 0)>()(declval<_BArgs&>(), declval<_CallArgs&>()))&& ...)>::type [with _Fn = void (LapTimeServer::* volatile)(); _CallArgs = std::tuple<>; _BArgs = {LapTimeServer* volatile, volatile std::shared_ptr<rclcpp_action::ServerGoalHandle<navigation_robot_custom_interfaces::action::MeasureLapTime> >}; _Functor = void (LapTimeServer::*)(); _Bound_args = {LapTimeServer*, std::shared_ptr<rclcpp_action::ServerGoalHandle<navigation_robot_custom_interfaces::action::MeasureLapTime> >}][m[K’:
[6.949s] [01m[K/usr/include/c++/11/functional:475:8:[m[K   required by substitution of ‘[01m[Ktemplate<class _Functor, class ... _Bound_args> template<class _CallArgs, template<class _CallArgs, template<class> class __cv_quals> template<class _Functor, class ... _Bound_args> template<class> class __cv_quals> using _Res_type_cv = std::_Bind<_Functor(_Bound_args ...)>::_Res_type_impl<typename __cv_quals<typename std::enable_if<(bool)((std::tuple_size<_Tuple>::value + 1)), _Functor>::type>::type, _CallArgs, typename __cv_quals<_Bound_args>::type ...> [with _CallArgs = std::tuple<>; __cv_quals = std::add_volatile; _Functor = void (LapTimeServer::*)(); _Bound_args = {LapTimeServer*, std::shared_ptr<rclcpp_action::ServerGoalHandle<navigation_robot_custom_interfaces::action::MeasureLapTime> >}][m[K’
[6.949s] [01m[K/usr/include/c++/11/functional:528:9:[m[K   required from ‘[01m[Kvoid rclcpp::GenericTimer<FunctorT, <anonymous> >::execute_callback_delegate() [with CallbackT = std::_Bind<void (LapTimeServer::*(LapTimeServer*, std::shared_ptr<rclcpp_action::ServerGoalHandle<navigation_robot_custom_interfaces::action::MeasureLapTime> >))()>; typename std::enable_if<rclcpp::function_traits::same_arguments<CallbackT, std::function<void()> >::value>::type* <anonymous> = 0; FunctorT = std::_Bind<void (LapTimeServer::*(LapTimeServer*, std::shared_ptr<rclcpp_action::ServerGoalHandle<navigation_robot_custom_interfaces::action::MeasureLapTime> >))()>; typename std::enable_if<(rclcpp::function_traits::same_arguments<FunctorT, std::function<void()> >::value || rclcpp::function_traits::same_arguments<FunctorT, std::function<void(rclcpp::TimerBase&)> >::value)>::type* <anonymous> = 0][m[K’
[6.949s] [01m[K/opt/ros/humble/include/rclcpp/rclcpp/timer.hpp:230:32:[m[K   required from ‘[01m[Kvoid rclcpp::GenericTimer<FunctorT, <anonymous> >::execute_callback() [with FunctorT = std::_Bind<void (LapTimeServer::*(LapTimeServer*, std::shared_ptr<rclcpp_action::ServerGoalHandle<navigation_robot_custom_interfaces::action::MeasureLapTime> >))()>; typename std::enable_if<(rclcpp::function_traits::same_arguments<FunctorT, std::function<void()> >::value || rclcpp::function_traits::same_arguments<FunctorT, std::function<void(rclcpp::TimerBase&)> >::value)>::type* <anonymous> = 0][m[K’
[6.950s] [01m[K/opt/ros/humble/include/rclcpp/rclcpp/timer.hpp:227:3:[m[K   required from here
[6.950s] [01m[K/usr/include/c++/11/functional:464:15:[m[K [01;31m[Kerror: [m[Kno type named ‘[01m[Ktype[m[K’ in ‘[01m[Kstruct std::result_of<void (LapTimeServer::* volatile&(LapTimeServer* volatile&, volatile std::shared_ptr<rclcpp_action::ServerGoalHandle<navigation_robot_custom_interfaces::action::MeasureLapTime> >&))()>[m[K’
[6.950s]   464 |         using [01;31m[K_Res_type_impl[m[K
[6.950s]       |               [01;31m[K^~~~~~~~~~~~~~[m[K
[6.950s] /opt/ros/humble/include/rclcpp/rclcpp/timer.hpp: In instantiation of ‘[01m[Kvoid rclcpp::GenericTimer<FunctorT, <anonymous> >::execute_callback_delegate() [with CallbackT = std::_Bind<void (LapTimeServer::*(LapTimeServer*, std::shared_ptr<rclcpp_action::ServerGoalHandle<navigation_robot_custom_interfaces::action::MeasureLapTime> >))()>; typename std::enable_if<rclcpp::function_traits::same_arguments<CallbackT, std::function<void()> >::value>::type* <anonymous> = 0; FunctorT = std::_Bind<void (LapTimeServer::*(LapTimeServer*, std::shared_ptr<rclcpp_action::ServerGoalHandle<navigation_robot_custom_interfaces::action::MeasureLapTime> >))()>; typename std::enable_if<(rclcpp::function_traits::same_arguments<FunctorT, std::function<void()> >::value || rclcpp::function_traits::same_arguments<FunctorT, std::function<void(rclcpp::TimerBase&)> >::value)>::type* <anonymous> = 0][m[K’:
[6.950s] [01m[K/opt/ros/humble/include/rclcpp/rclcpp/timer.hpp:230:32:[m[K   required from ‘[01m[Kvoid rclcpp::GenericTimer<FunctorT, <anonymous> >::execute_callback() [with FunctorT = std::_Bind<void (LapTimeServer::*(LapTimeServer*, std::shared_ptr<rclcpp_action::ServerGoalHandle<navigation_robot_custom_interfaces::action::MeasureLapTime> >))()>; typename std::enable_if<(rclcpp::function_traits::same_arguments<FunctorT, std::function<void()> >::value || rclcpp::function_traits::same_arguments<FunctorT, std::function<void(rclcpp::TimerBase&)> >::value)>::type* <anonymous> = 0][m[K’
[6.950s] [01m[K/opt/ros/humble/include/rclcpp/rclcpp/timer.hpp:227:3:[m[K   required from here
[6.950s] [01m[K/usr/include/c++/11/functional:543:9:[m[K [01;36m[Knote: [m[Kcandidate: ‘[01m[Ktemplate<class ... _Args, class _Result> _Result std::_Bind<_Functor(_Bound_args ...)>::operator()(_Args&& ...) const volatile [with _Args = {_Args ...}; _Result = _Result; _Functor = void (LapTimeServer::*)(); _Bound_args = {LapTimeServer*, std::shared_ptr<rclcpp_action::ServerGoalHandle<navigation_robot_custom_interfaces::action::MeasureLapTime> >}][m[K’
[6.950s]   543 |         [01;36m[Koperator[m[K()(_Args&&... __args) const volatile
[6.950s]       |         [01;36m[K^~~~~~~~[m[K
[6.950s] [01m[K/usr/include/c++/11/functional:543:9:[m[K [01;36m[Knote: [m[K  template argument deduction/substitution failed:
[6.950s] /usr/include/c++/11/functional: In substitution of ‘[01m[Ktemplate<class _Functor, class ... _Bound_args> template<class _Fn, class _CallArgs, class ... _BArgs> using _Res_type_impl = typename std::result_of<_Fn&(decltype (std::_Mu<typename std::remove_cv<_BArgs>::type, std::is_bind_expression<typename std::remove_cv<_BArgs>::type>::value, (std::is_placeholder<typename std::remove_cv<_BArgs>::type>::value > 0)>()(declval<_BArgs&>(), declval<_CallArgs&>()))&& ...)>::type [with _Fn = void (LapTimeServer::* const volatile)(); _CallArgs = std::tuple<>; _BArgs = {LapTimeServer* const volatile, const volatile std::shared_ptr<rclcpp_action::ServerGoalHandle<navigation_robot_custom_interfaces::action::MeasureLapTime> >}; _Functor = void (LapTimeServer::*)(); _Bound_args = {LapTimeServer*, std::shared_ptr<rclcpp_action::ServerGoalHandle<navigation_robot_custom_interfaces::action::MeasureLapTime> >}][m[K’:
[6.950s] [01m[K/usr/include/c++/11/functional:475:8:[m[K   required by substitution of ‘[01m[Ktemplate<class _Functor, class ... _Bound_args> template<class _CallArgs, template<class _CallArgs, template<class> class __cv_quals> template<class _Functor, class ... _Bound_args> template<class> class __cv_quals> using _Res_type_cv = std::_Bind<_Functor(_Bound_args ...)>::_Res_type_impl<typename __cv_quals<typename std::enable_if<(bool)((std::tuple_size<_Tuple>::value + 1)), _Functor>::type>::type, _CallArgs, typename __cv_quals<_Bound_args>::type ...> [with _CallArgs = std::tuple<>; __cv_quals = std::add_cv; _Functor = void (LapTimeServer::*)(); _Bound_args = {LapTimeServer*, std::shared_ptr<rclcpp_action::ServerGoalHandle<navigation_robot_custom_interfaces::action::MeasureLapTime> >}][m[K’
[6.950s] [01m[K/usr/include/c++/11/functional:540:9:[m[K   required from ‘[01m[Kvoid rclcpp::GenericTimer<FunctorT, <anonymous> >::execute_callback_delegate() [with CallbackT = std::_Bind<void (LapTimeServer::*(LapTimeServer*, std::shared_ptr<rclcpp_action::ServerGoalHandle<navigation_robot_custom_interfaces::action::MeasureLapTime> >))()>; typename std::enable_if<rclcpp::function_traits::same_arguments<CallbackT, std::function<void()> >::value>::type* <anonymous> = 0; FunctorT = std::_Bind<void (LapTimeServer::*(LapTimeServer*, std::shared_ptr<rclcpp_action::ServerGoalHandle<navigation_robot_custom_interfaces::action::MeasureLapTime> >))()>; typename std::enable_if<(rclcpp::function_traits::same_arguments<FunctorT, std::function<void()> >::value || rclcpp::function_traits::same_arguments<FunctorT, std::function<void(rclcpp::TimerBase&)> >::value)>::type* <anonymous> = 0][m[K’
[6.950s] [01m[K/opt/ros/humble/include/rclcpp/rclcpp/timer.hpp:230:32:[m[K   required from ‘[01m[Kvoid rclcpp::GenericTimer<FunctorT, <anonymous> >::execute_callback() [with FunctorT = std::_Bind<void (LapTimeServer::*(LapTimeServer*, std::shared_ptr<rclcpp_action::ServerGoalHandle<navigation_robot_custom_interfaces::action::MeasureLapTime> >))()>; typename std::enable_if<(rclcpp::function_traits::same_arguments<FunctorT, std::function<void()> >::value || rclcpp::function_traits::same_arguments<FunctorT, std::function<void(rclcpp::TimerBase&)> >::value)>::type* <anonymous> = 0][m[K’
[6.950s] [01m[K/opt/ros/humble/include/rclcpp/rclcpp/timer.hpp:227:3:[m[K   required from here
[6.950s] [01m[K/usr/include/c++/11/functional:464:15:[m[K [01;31m[Kerror: [m[Kno type named ‘[01m[Ktype[m[K’ in ‘[01m[Kstruct std::result_of<void (LapTimeServer::* const volatile&(LapTimeServer* const volatile&, const volatile std::shared_ptr<rclcpp_action::ServerGoalHandle<navigation_robot_custom_interfaces::action::MeasureLapTime> >&))()>[m[K’
[6.951s]   464 |         using [01;31m[K_Res_type_impl[m[K
[6.951s]       |               [01;31m[K^~~~~~~~~~~~~~[m[K
[7.597s] gmake[2]: *** [CMakeFiles/lap_time_server.dir/build.make:76: CMakeFiles/lap_time_server.dir/src/lap_time_server.cpp.o] Error 1
[7.597s] gmake[1]: *** [CMakeFiles/Makefile2:195: CMakeFiles/lap_time_server.dir/all] Error 2
[7.598s] gmake: *** [Makefile:146: all] Error 2
[7.601s] Invoked command in '/home/razanhmede/session9_turtlebot3_razan/session9_turtlebot3_assignmentcpp/build/turtlebot3robotcpp' returned '2': CMAKE_PREFIX_PATH=/home/razanhmede/session9_turtlebot3_razan/session9_turtlebot3_assignmentcpp/install/navigation_robot_custom_interfaces:/home/razanhmede/session9_turtlebot3_razan/session9_turtlebot3_assignmentcpp/install/turtlebot3robotcpp:/opt/ros/humble /usr/bin/cmake --build /home/razanhmede/session9_turtlebot3_razan/session9_turtlebot3_assignmentcpp/build/turtlebot3robotcpp -- -j4 -l4
