[0.515s] DEBUG:colcon:Command line arguments: ['/usr/bin/colcon', 'build']
[0.515s] DEBUG:colcon:Parsed command line arguments: Namespace(log_base=None, log_level=None, verb_name='build', build_base='build', install_base='install', merge_install=False, symlink_install=False, test_result_base=None, continue_on_error=False, executor='parallel', parallel_workers=4, event_handlers=None, ignore_user_meta=False, metas=['./colcon.meta'], base_paths=['.'], packages_ignore=None, packages_ignore_regex=None, paths=None, packages_up_to=None, packages_up_to_regex=None, packages_above=None, packages_above_and_dependencies=None, packages_above_depth=None, packages_select_by_dep=None, packages_skip_by_dep=None, packages_skip_up_to=None, packages_select_build_failed=False, packages_skip_build_finished=False, packages_select_test_failures=False, packages_skip_test_passed=False, packages_select=None, packages_skip=None, packages_select_regex=None, packages_skip_regex=None, packages_start=None, packages_end=None, allow_overriding=[], cmake_args=None, cmake_target=None, cmake_target_skip_unavailable=False, cmake_clean_cache=False, cmake_clean_first=False, cmake_force_configure=False, ament_cmake_args=None, catkin_cmake_args=None, catkin_skip_building_tests=False, mixin_files=None, mixin=None, verb_parser=<colcon_mixin.mixin.mixin_argument.MixinArgumentDecorator object at 0x7ad203f3a4a0>, verb_extension=<colcon_core.verb.build.BuildVerb object at 0x7ad2040bbd00>, main=<bound method BuildVerb.main of <colcon_core.verb.build.BuildVerb object at 0x7ad2040bbd00>>, mixin_verb=('build',))
[1.296s] Level 1:colcon.colcon_core.package_discovery:discover_packages(colcon_meta) check parameters
[1.296s] Level 1:colcon.colcon_core.package_discovery:discover_packages(recursive) check parameters
[1.296s] Level 1:colcon.colcon_core.package_discovery:discover_packages(ignore) check parameters
[1.297s] Level 1:colcon.colcon_core.package_discovery:discover_packages(path) check parameters
[1.297s] Level 1:colcon.colcon_core.package_discovery:discover_packages(colcon_meta) discover
[1.297s] Level 1:colcon.colcon_core.package_discovery:discover_packages(recursive) discover
[1.297s] INFO:colcon.colcon_core.package_discovery:Crawling recursively for packages in '/home/razanhmede/session9_turtlebot3_razan/session9_turtlebot3_assignmentcpp'
[1.297s] Level 1:colcon.colcon_core.package_identification:_identify(.) by extensions ['ignore', 'ignore_ament_install']
[1.297s] Level 1:colcon.colcon_core.package_identification:_identify(.) by extension 'ignore'
[1.298s] Level 1:colcon.colcon_core.package_identification:_identify(.) by extension 'ignore_ament_install'
[1.298s] Level 1:colcon.colcon_core.package_identification:_identify(.) by extensions ['colcon_pkg']
[1.298s] Level 1:colcon.colcon_core.package_identification:_identify(.) by extension 'colcon_pkg'
[1.298s] Level 1:colcon.colcon_core.package_identification:_identify(.) by extensions ['colcon_meta']
[1.298s] Level 1:colcon.colcon_core.package_identification:_identify(.) by extension 'colcon_meta'
[1.298s] Level 1:colcon.colcon_core.package_identification:_identify(.) by extensions ['ros']
[1.299s] Level 1:colcon.colcon_core.package_identification:_identify(.) by extension 'ros'
[1.367s] Level 1:colcon.colcon_core.package_identification:_identify(.) by extensions ['cmake', 'python']
[1.367s] Level 1:colcon.colcon_core.package_identification:_identify(.) by extension 'cmake'
[1.367s] Level 1:colcon.colcon_core.package_identification:_identify(.) by extension 'python'
[1.367s] Level 1:colcon.colcon_core.package_identification:_identify(.) by extensions ['python_setup_py']
[1.368s] Level 1:colcon.colcon_core.package_identification:_identify(.) by extension 'python_setup_py'
[1.368s] Level 1:colcon.colcon_core.package_identification:_identify(build) by extensions ['ignore', 'ignore_ament_install']
[1.368s] Level 1:colcon.colcon_core.package_identification:_identify(build) by extension 'ignore'
[1.368s] Level 1:colcon.colcon_core.package_identification:_identify(build) ignored
[1.368s] Level 1:colcon.colcon_core.package_identification:_identify(install) by extensions ['ignore', 'ignore_ament_install']
[1.373s] Level 1:colcon.colcon_core.package_identification:_identify(install) by extension 'ignore'
[1.373s] Level 1:colcon.colcon_core.package_identification:_identify(install) ignored
[1.373s] Level 1:colcon.colcon_core.package_identification:_identify(log) by extensions ['ignore', 'ignore_ament_install']
[1.373s] Level 1:colcon.colcon_core.package_identification:_identify(log) by extension 'ignore'
[1.373s] Level 1:colcon.colcon_core.package_identification:_identify(log) ignored
[1.374s] Level 1:colcon.colcon_core.package_identification:_identify(src) by extensions ['ignore', 'ignore_ament_install']
[1.374s] Level 1:colcon.colcon_core.package_identification:_identify(src) by extension 'ignore'
[1.374s] Level 1:colcon.colcon_core.package_identification:_identify(src) by extension 'ignore_ament_install'
[1.374s] Level 1:colcon.colcon_core.package_identification:_identify(src) by extensions ['colcon_pkg']
[1.374s] Level 1:colcon.colcon_core.package_identification:_identify(src) by extension 'colcon_pkg'
[1.374s] Level 1:colcon.colcon_core.package_identification:_identify(src) by extensions ['colcon_meta']
[1.374s] Level 1:colcon.colcon_core.package_identification:_identify(src) by extension 'colcon_meta'
[1.374s] Level 1:colcon.colcon_core.package_identification:_identify(src) by extensions ['ros']
[1.374s] Level 1:colcon.colcon_core.package_identification:_identify(src) by extension 'ros'
[1.374s] Level 1:colcon.colcon_core.package_identification:_identify(src) by extensions ['cmake', 'python']
[1.375s] Level 1:colcon.colcon_core.package_identification:_identify(src) by extension 'cmake'
[1.375s] Level 1:colcon.colcon_core.package_identification:_identify(src) by extension 'python'
[1.375s] Level 1:colcon.colcon_core.package_identification:_identify(src) by extensions ['python_setup_py']
[1.375s] Level 1:colcon.colcon_core.package_identification:_identify(src) by extension 'python_setup_py'
[1.375s] Level 1:colcon.colcon_core.package_identification:_identify(src/navigation_robot_custom_interfaces) by extensions ['ignore', 'ignore_ament_install']
[1.375s] Level 1:colcon.colcon_core.package_identification:_identify(src/navigation_robot_custom_interfaces) by extension 'ignore'
[1.375s] Level 1:colcon.colcon_core.package_identification:_identify(src/navigation_robot_custom_interfaces) by extension 'ignore_ament_install'
[1.375s] Level 1:colcon.colcon_core.package_identification:_identify(src/navigation_robot_custom_interfaces) by extensions ['colcon_pkg']
[1.375s] Level 1:colcon.colcon_core.package_identification:_identify(src/navigation_robot_custom_interfaces) by extension 'colcon_pkg'
[1.376s] Level 1:colcon.colcon_core.package_identification:_identify(src/navigation_robot_custom_interfaces) by extensions ['colcon_meta']
[1.376s] Level 1:colcon.colcon_core.package_identification:_identify(src/navigation_robot_custom_interfaces) by extension 'colcon_meta'
[1.376s] Level 1:colcon.colcon_core.package_identification:_identify(src/navigation_robot_custom_interfaces) by extensions ['ros']
[1.376s] Level 1:colcon.colcon_core.package_identification:_identify(src/navigation_robot_custom_interfaces) by extension 'ros'
[1.385s] DEBUG:colcon.colcon_core.package_identification:Package 'src/navigation_robot_custom_interfaces' with type 'ros.ament_cmake' and name 'navigation_robot_custom_interfaces'
[1.385s] Level 1:colcon.colcon_core.package_identification:_identify(src/turtlebot3robotcpp) by extensions ['ignore', 'ignore_ament_install']
[1.385s] Level 1:colcon.colcon_core.package_identification:_identify(src/turtlebot3robotcpp) by extension 'ignore'
[1.385s] Level 1:colcon.colcon_core.package_identification:_identify(src/turtlebot3robotcpp) by extension 'ignore_ament_install'
[1.386s] Level 1:colcon.colcon_core.package_identification:_identify(src/turtlebot3robotcpp) by extensions ['colcon_pkg']
[1.386s] Level 1:colcon.colcon_core.package_identification:_identify(src/turtlebot3robotcpp) by extension 'colcon_pkg'
[1.386s] Level 1:colcon.colcon_core.package_identification:_identify(src/turtlebot3robotcpp) by extensions ['colcon_meta']
[1.386s] Level 1:colcon.colcon_core.package_identification:_identify(src/turtlebot3robotcpp) by extension 'colcon_meta'
[1.386s] Level 1:colcon.colcon_core.package_identification:_identify(src/turtlebot3robotcpp) by extensions ['ros']
[1.386s] Level 1:colcon.colcon_core.package_identification:_identify(src/turtlebot3robotcpp) by extension 'ros'
[1.389s] DEBUG:colcon.colcon_core.package_identification:Package 'src/turtlebot3robotcpp' with type 'ros.ament_cmake' and name 'turtlebot3robotcpp'
[1.390s] Level 1:colcon.colcon_core.package_discovery:discover_packages(recursive) using defaults
[1.390s] Level 1:colcon.colcon_core.package_discovery:discover_packages(ignore) discover
[1.390s] Level 1:colcon.colcon_core.package_discovery:discover_packages(ignore) using defaults
[1.390s] Level 1:colcon.colcon_core.package_discovery:discover_packages(path) discover
[1.391s] Level 1:colcon.colcon_core.package_discovery:discover_packages(path) using defaults
[1.459s] Level 1:colcon.colcon_core.package_discovery:discover_packages(prefix_path) check parameters
[1.459s] Level 1:colcon.colcon_core.package_discovery:discover_packages(prefix_path) discover
[1.462s] DEBUG:colcon.colcon_installed_package_information.package_discovery:Found 2 installed packages in /home/razanhmede/session9_turtlebot3_razan/session9_turtlebot3_assignmentcpp/install
[1.466s] DEBUG:colcon.colcon_installed_package_information.package_discovery:Found 353 installed packages in /opt/ros/humble
[1.526s] Level 1:colcon.colcon_core.package_discovery:discover_packages(prefix_path) using defaults
[1.743s] Level 5:colcon.colcon_core.verb:set package 'navigation_robot_custom_interfaces' build argument 'cmake_args' from command line to 'None'
[1.744s] Level 5:colcon.colcon_core.verb:set package 'navigation_robot_custom_interfaces' build argument 'cmake_target' from command line to 'None'
[1.744s] Level 5:colcon.colcon_core.verb:set package 'navigation_robot_custom_interfaces' build argument 'cmake_target_skip_unavailable' from command line to 'False'
[1.744s] Level 5:colcon.colcon_core.verb:set package 'navigation_robot_custom_interfaces' build argument 'cmake_clean_cache' from command line to 'False'
[1.744s] Level 5:colcon.colcon_core.verb:set package 'navigation_robot_custom_interfaces' build argument 'cmake_clean_first' from command line to 'False'
[1.744s] Level 5:colcon.colcon_core.verb:set package 'navigation_robot_custom_interfaces' build argument 'cmake_force_configure' from command line to 'False'
[1.744s] Level 5:colcon.colcon_core.verb:set package 'navigation_robot_custom_interfaces' build argument 'ament_cmake_args' from command line to 'None'
[1.744s] Level 5:colcon.colcon_core.verb:set package 'navigation_robot_custom_interfaces' build argument 'catkin_cmake_args' from command line to 'None'
[1.744s] Level 5:colcon.colcon_core.verb:set package 'navigation_robot_custom_interfaces' build argument 'catkin_skip_building_tests' from command line to 'False'
[1.744s] DEBUG:colcon.colcon_core.verb:Building package 'navigation_robot_custom_interfaces' with the following arguments: {'ament_cmake_args': None, 'build_base': '/home/razanhmede/session9_turtlebot3_razan/session9_turtlebot3_assignmentcpp/build/navigation_robot_custom_interfaces', 'catkin_cmake_args': None, 'catkin_skip_building_tests': False, 'cmake_args': None, 'cmake_clean_cache': False, 'cmake_clean_first': False, 'cmake_force_configure': False, 'cmake_target': None, 'cmake_target_skip_unavailable': False, 'install_base': '/home/razanhmede/session9_turtlebot3_razan/session9_turtlebot3_assignmentcpp/install/navigation_robot_custom_interfaces', 'merge_install': False, 'path': '/home/razanhmede/session9_turtlebot3_razan/session9_turtlebot3_assignmentcpp/src/navigation_robot_custom_interfaces', 'symlink_install': False, 'test_result_base': None}
[1.745s] Level 5:colcon.colcon_core.verb:set package 'turtlebot3robotcpp' build argument 'cmake_args' from command line to 'None'
[1.745s] Level 5:colcon.colcon_core.verb:set package 'turtlebot3robotcpp' build argument 'cmake_target' from command line to 'None'
[1.745s] Level 5:colcon.colcon_core.verb:set package 'turtlebot3robotcpp' build argument 'cmake_target_skip_unavailable' from command line to 'False'
[1.745s] Level 5:colcon.colcon_core.verb:set package 'turtlebot3robotcpp' build argument 'cmake_clean_cache' from command line to 'False'
[1.745s] Level 5:colcon.colcon_core.verb:set package 'turtlebot3robotcpp' build argument 'cmake_clean_first' from command line to 'False'
[1.745s] Level 5:colcon.colcon_core.verb:set package 'turtlebot3robotcpp' build argument 'cmake_force_configure' from command line to 'False'
[1.745s] Level 5:colcon.colcon_core.verb:set package 'turtlebot3robotcpp' build argument 'ament_cmake_args' from command line to 'None'
[1.745s] Level 5:colcon.colcon_core.verb:set package 'turtlebot3robotcpp' build argument 'catkin_cmake_args' from command line to 'None'
[1.746s] Level 5:colcon.colcon_core.verb:set package 'turtlebot3robotcpp' build argument 'catkin_skip_building_tests' from command line to 'False'
[1.746s] DEBUG:colcon.colcon_core.verb:Building package 'turtlebot3robotcpp' with the following arguments: {'ament_cmake_args': None, 'build_base': '/home/razanhmede/session9_turtlebot3_razan/session9_turtlebot3_assignmentcpp/build/turtlebot3robotcpp', 'catkin_cmake_args': None, 'catkin_skip_building_tests': False, 'cmake_args': None, 'cmake_clean_cache': False, 'cmake_clean_first': False, 'cmake_force_configure': False, 'cmake_target': None, 'cmake_target_skip_unavailable': False, 'install_base': '/home/razanhmede/session9_turtlebot3_razan/session9_turtlebot3_assignmentcpp/install/turtlebot3robotcpp', 'merge_install': False, 'path': '/home/razanhmede/session9_turtlebot3_razan/session9_turtlebot3_assignmentcpp/src/turtlebot3robotcpp', 'symlink_install': False, 'test_result_base': None}
[1.746s] INFO:colcon.colcon_core.executor:Executing jobs using 'parallel' executor
[1.772s] DEBUG:colcon.colcon_parallel_executor.executor.parallel:run_until_complete
[1.773s] INFO:colcon.colcon_ros.task.ament_cmake.build:Building ROS package in '/home/razanhmede/session9_turtlebot3_razan/session9_turtlebot3_assignmentcpp/src/navigation_robot_custom_interfaces' with build type 'ament_cmake'
[1.773s] INFO:colcon.colcon_cmake.task.cmake.build:Building CMake package in '/home/razanhmede/session9_turtlebot3_razan/session9_turtlebot3_assignmentcpp/src/navigation_robot_custom_interfaces'
[1.778s] INFO:colcon.colcon_core.plugin_system:Skipping extension 'colcon_core.shell.bat': Not used on non-Windows systems
[1.778s] INFO:colcon.colcon_core.shell:Skip shell extension 'powershell' for command environment: Not usable outside of PowerShell
[1.778s] DEBUG:colcon.colcon_core.shell:Skip shell extension 'dsv' for command environment
[1.818s] DEBUG:colcon.colcon_core.event_handler.log_command:Invoking command in '/home/razanhmede/session9_turtlebot3_razan/session9_turtlebot3_assignmentcpp/build/navigation_robot_custom_interfaces': CMAKE_PREFIX_PATH=${CMAKE_PREFIX_PATH}:/opt/ros/humble /usr/bin/cmake --build /home/razanhmede/session9_turtlebot3_razan/session9_turtlebot3_assignmentcpp/build/navigation_robot_custom_interfaces -- -j4 -l4
[5.986s] DEBUG:colcon.colcon_core.event_handler.log_command:Invoked command in '/home/razanhmede/session9_turtlebot3_razan/session9_turtlebot3_assignmentcpp/build/navigation_robot_custom_interfaces' returned '0': CMAKE_PREFIX_PATH=${CMAKE_PREFIX_PATH}:/opt/ros/humble /usr/bin/cmake --build /home/razanhmede/session9_turtlebot3_razan/session9_turtlebot3_assignmentcpp/build/navigation_robot_custom_interfaces -- -j4 -l4
[6.955s] DEBUG:colcon.colcon_core.event_handler.log_command:Invoking command in '/home/razanhmede/session9_turtlebot3_razan/session9_turtlebot3_assignmentcpp/build/navigation_robot_custom_interfaces': CMAKE_PREFIX_PATH=${CMAKE_PREFIX_PATH}:/opt/ros/humble /usr/bin/cmake --install /home/razanhmede/session9_turtlebot3_razan/session9_turtlebot3_assignmentcpp/build/navigation_robot_custom_interfaces
[7.442s] Level 1:colcon.colcon_core.environment:create_environment_scripts_only(navigation_robot_custom_interfaces)
[7.443s] DEBUG:colcon.colcon_core.event_handler.log_command:Invoked command in '/home/razanhmede/session9_turtlebot3_razan/session9_turtlebot3_assignmentcpp/build/navigation_robot_custom_interfaces' returned '0': CMAKE_PREFIX_PATH=${CMAKE_PREFIX_PATH}:/opt/ros/humble /usr/bin/cmake --install /home/razanhmede/session9_turtlebot3_razan/session9_turtlebot3_assignmentcpp/build/navigation_robot_custom_interfaces
[7.450s] Level 1:colcon.colcon_core.environment:checking '/home/razanhmede/session9_turtlebot3_razan/session9_turtlebot3_assignmentcpp/install/navigation_robot_custom_interfaces' for CMake module files
[7.452s] Level 1:colcon.colcon_core.environment:checking '/home/razanhmede/session9_turtlebot3_razan/session9_turtlebot3_assignmentcpp/install/navigation_robot_custom_interfaces' for CMake config files
[7.455s] Level 1:colcon.colcon_core.shell:create_environment_hook('navigation_robot_custom_interfaces', 'cmake_prefix_path')
[7.457s] INFO:colcon.colcon_core.shell:Creating environment hook '/home/razanhmede/session9_turtlebot3_razan/session9_turtlebot3_assignmentcpp/install/navigation_robot_custom_interfaces/share/navigation_robot_custom_interfaces/hook/cmake_prefix_path.ps1'
[7.461s] INFO:colcon.colcon_core.shell:Creating environment descriptor '/home/razanhmede/session9_turtlebot3_razan/session9_turtlebot3_assignmentcpp/install/navigation_robot_custom_interfaces/share/navigation_robot_custom_interfaces/hook/cmake_prefix_path.dsv'
[7.469s] INFO:colcon.colcon_core.shell:Creating environment hook '/home/razanhmede/session9_turtlebot3_razan/session9_turtlebot3_assignmentcpp/install/navigation_robot_custom_interfaces/share/navigation_robot_custom_interfaces/hook/cmake_prefix_path.sh'
[7.477s] Level 1:colcon.colcon_core.environment:checking '/home/razanhmede/session9_turtlebot3_razan/session9_turtlebot3_assignmentcpp/install/navigation_robot_custom_interfaces/lib'
[7.479s] Level 1:colcon.colcon_core.shell:create_environment_hook('navigation_robot_custom_interfaces', 'ld_library_path_lib')
[7.496s] INFO:colcon.colcon_core.shell:Creating environment hook '/home/razanhmede/session9_turtlebot3_razan/session9_turtlebot3_assignmentcpp/install/navigation_robot_custom_interfaces/share/navigation_robot_custom_interfaces/hook/ld_library_path_lib.ps1'
[7.501s] INFO:colcon.colcon_core.shell:Creating environment descriptor '/home/razanhmede/session9_turtlebot3_razan/session9_turtlebot3_assignmentcpp/install/navigation_robot_custom_interfaces/share/navigation_robot_custom_interfaces/hook/ld_library_path_lib.dsv'
[7.504s] INFO:colcon.colcon_core.shell:Creating environment hook '/home/razanhmede/session9_turtlebot3_razan/session9_turtlebot3_assignmentcpp/install/navigation_robot_custom_interfaces/share/navigation_robot_custom_interfaces/hook/ld_library_path_lib.sh'
[7.512s] Level 1:colcon.colcon_core.environment:checking '/home/razanhmede/session9_turtlebot3_razan/session9_turtlebot3_assignmentcpp/install/navigation_robot_custom_interfaces/bin'
[7.518s] Level 1:colcon.colcon_core.environment:checking '/home/razanhmede/session9_turtlebot3_razan/session9_turtlebot3_assignmentcpp/install/navigation_robot_custom_interfaces/lib/pkgconfig/navigation_robot_custom_interfaces.pc'
[7.519s] Level 1:colcon.colcon_core.environment:checking '/home/razanhmede/session9_turtlebot3_razan/session9_turtlebot3_assignmentcpp/install/navigation_robot_custom_interfaces/lib/python3.10/site-packages'
[7.519s] Level 1:colcon.colcon_core.environment:checking '/home/razanhmede/session9_turtlebot3_razan/session9_turtlebot3_assignmentcpp/install/navigation_robot_custom_interfaces/bin'
[7.523s] INFO:colcon.colcon_core.shell:Creating package script '/home/razanhmede/session9_turtlebot3_razan/session9_turtlebot3_assignmentcpp/install/navigation_robot_custom_interfaces/share/navigation_robot_custom_interfaces/package.ps1'
[7.544s] INFO:colcon.colcon_core.shell:Creating package descriptor '/home/razanhmede/session9_turtlebot3_razan/session9_turtlebot3_assignmentcpp/install/navigation_robot_custom_interfaces/share/navigation_robot_custom_interfaces/package.dsv'
[7.547s] INFO:colcon.colcon_core.shell:Creating package script '/home/razanhmede/session9_turtlebot3_razan/session9_turtlebot3_assignmentcpp/install/navigation_robot_custom_interfaces/share/navigation_robot_custom_interfaces/package.sh'
[7.550s] INFO:colcon.colcon_core.shell:Creating package script '/home/razanhmede/session9_turtlebot3_razan/session9_turtlebot3_assignmentcpp/install/navigation_robot_custom_interfaces/share/navigation_robot_custom_interfaces/package.bash'
[7.554s] INFO:colcon.colcon_core.shell:Creating package script '/home/razanhmede/session9_turtlebot3_razan/session9_turtlebot3_assignmentcpp/install/navigation_robot_custom_interfaces/share/navigation_robot_custom_interfaces/package.zsh'
[7.569s] Level 1:colcon.colcon_core.environment:create_file_with_runtime_dependencies(/home/razanhmede/session9_turtlebot3_razan/session9_turtlebot3_assignmentcpp/install/navigation_robot_custom_interfaces/share/colcon-core/packages/navigation_robot_custom_interfaces)
[8.519s] Level 1:colcon.colcon_core.environment:create_environment_scripts_only(navigation_robot_custom_interfaces)
[8.520s] Level 1:colcon.colcon_core.environment:checking '/home/razanhmede/session9_turtlebot3_razan/session9_turtlebot3_assignmentcpp/install/navigation_robot_custom_interfaces' for CMake module files
[8.521s] Level 1:colcon.colcon_core.environment:checking '/home/razanhmede/session9_turtlebot3_razan/session9_turtlebot3_assignmentcpp/install/navigation_robot_custom_interfaces' for CMake config files
[8.523s] Level 1:colcon.colcon_core.shell:create_environment_hook('navigation_robot_custom_interfaces', 'cmake_prefix_path')
[8.525s] INFO:colcon.colcon_core.shell:Creating environment hook '/home/razanhmede/session9_turtlebot3_razan/session9_turtlebot3_assignmentcpp/install/navigation_robot_custom_interfaces/share/navigation_robot_custom_interfaces/hook/cmake_prefix_path.ps1'
[8.536s] INFO:colcon.colcon_core.shell:Creating environment descriptor '/home/razanhmede/session9_turtlebot3_razan/session9_turtlebot3_assignmentcpp/install/navigation_robot_custom_interfaces/share/navigation_robot_custom_interfaces/hook/cmake_prefix_path.dsv'
[8.538s] INFO:colcon.colcon_core.shell:Creating environment hook '/home/razanhmede/session9_turtlebot3_razan/session9_turtlebot3_assignmentcpp/install/navigation_robot_custom_interfaces/share/navigation_robot_custom_interfaces/hook/cmake_prefix_path.sh'
[8.541s] Level 1:colcon.colcon_core.environment:checking '/home/razanhmede/session9_turtlebot3_razan/session9_turtlebot3_assignmentcpp/install/navigation_robot_custom_interfaces/lib'
[8.541s] Level 1:colcon.colcon_core.shell:create_environment_hook('navigation_robot_custom_interfaces', 'ld_library_path_lib')
[8.549s] INFO:colcon.colcon_core.shell:Creating environment hook '/home/razanhmede/session9_turtlebot3_razan/session9_turtlebot3_assignmentcpp/install/navigation_robot_custom_interfaces/share/navigation_robot_custom_interfaces/hook/ld_library_path_lib.ps1'
[8.551s] INFO:colcon.colcon_core.shell:Creating environment descriptor '/home/razanhmede/session9_turtlebot3_razan/session9_turtlebot3_assignmentcpp/install/navigation_robot_custom_interfaces/share/navigation_robot_custom_interfaces/hook/ld_library_path_lib.dsv'
[8.563s] INFO:colcon.colcon_core.shell:Creating environment hook '/home/razanhmede/session9_turtlebot3_razan/session9_turtlebot3_assignmentcpp/install/navigation_robot_custom_interfaces/share/navigation_robot_custom_interfaces/hook/ld_library_path_lib.sh'
[8.565s] Level 1:colcon.colcon_core.environment:checking '/home/razanhmede/session9_turtlebot3_razan/session9_turtlebot3_assignmentcpp/install/navigation_robot_custom_interfaces/bin'
[8.565s] Level 1:colcon.colcon_core.environment:checking '/home/razanhmede/session9_turtlebot3_razan/session9_turtlebot3_assignmentcpp/install/navigation_robot_custom_interfaces/lib/pkgconfig/navigation_robot_custom_interfaces.pc'
[8.565s] Level 1:colcon.colcon_core.environment:checking '/home/razanhmede/session9_turtlebot3_razan/session9_turtlebot3_assignmentcpp/install/navigation_robot_custom_interfaces/lib/python3.10/site-packages'
[8.566s] Level 1:colcon.colcon_core.environment:checking '/home/razanhmede/session9_turtlebot3_razan/session9_turtlebot3_assignmentcpp/install/navigation_robot_custom_interfaces/bin'
[8.567s] INFO:colcon.colcon_core.shell:Creating package script '/home/razanhmede/session9_turtlebot3_razan/session9_turtlebot3_assignmentcpp/install/navigation_robot_custom_interfaces/share/navigation_robot_custom_interfaces/package.ps1'
[8.569s] INFO:colcon.colcon_core.shell:Creating package descriptor '/home/razanhmede/session9_turtlebot3_razan/session9_turtlebot3_assignmentcpp/install/navigation_robot_custom_interfaces/share/navigation_robot_custom_interfaces/package.dsv'
[8.570s] INFO:colcon.colcon_core.shell:Creating package script '/home/razanhmede/session9_turtlebot3_razan/session9_turtlebot3_assignmentcpp/install/navigation_robot_custom_interfaces/share/navigation_robot_custom_interfaces/package.sh'
[8.571s] INFO:colcon.colcon_core.shell:Creating package script '/home/razanhmede/session9_turtlebot3_razan/session9_turtlebot3_assignmentcpp/install/navigation_robot_custom_interfaces/share/navigation_robot_custom_interfaces/package.bash'
[8.572s] INFO:colcon.colcon_core.shell:Creating package script '/home/razanhmede/session9_turtlebot3_razan/session9_turtlebot3_assignmentcpp/install/navigation_robot_custom_interfaces/share/navigation_robot_custom_interfaces/package.zsh'
[8.573s] Level 1:colcon.colcon_core.environment:create_file_with_runtime_dependencies(/home/razanhmede/session9_turtlebot3_razan/session9_turtlebot3_assignmentcpp/install/navigation_robot_custom_interfaces/share/colcon-core/packages/navigation_robot_custom_interfaces)
[8.577s] INFO:colcon.colcon_ros.task.ament_cmake.build:Building ROS package in '/home/razanhmede/session9_turtlebot3_razan/session9_turtlebot3_assignmentcpp/src/turtlebot3robotcpp' with build type 'ament_cmake'
[8.577s] INFO:colcon.colcon_cmake.task.cmake.build:Building CMake package in '/home/razanhmede/session9_turtlebot3_razan/session9_turtlebot3_assignmentcpp/src/turtlebot3robotcpp'
[8.579s] INFO:colcon.colcon_core.shell:Skip shell extension 'powershell' for command environment: Not usable outside of PowerShell
[8.581s] DEBUG:colcon.colcon_core.shell:Skip shell extension 'dsv' for command environment
[8.670s] DEBUG:colcon.colcon_core.event_handler.log_command:Invoking command in '/home/razanhmede/session9_turtlebot3_razan/session9_turtlebot3_assignmentcpp/build/turtlebot3robotcpp': CMAKE_PREFIX_PATH=/home/razanhmede/session9_turtlebot3_razan/session9_turtlebot3_assignmentcpp/install/navigation_robot_custom_interfaces:/home/razanhmede/session9_turtlebot3_razan/session9_turtlebot3_assignmentcpp/install/turtlebot3robotcpp:/opt/ros/humble /usr/bin/cmake --build /home/razanhmede/session9_turtlebot3_razan/session9_turtlebot3_assignmentcpp/build/turtlebot3robotcpp -- -j4 -l4
[31.875s] DEBUG:colcon.colcon_core.event_handler.log_command:Invoked command in '/home/razanhmede/session9_turtlebot3_razan/session9_turtlebot3_assignmentcpp/build/turtlebot3robotcpp' returned '2': CMAKE_PREFIX_PATH=/home/razanhmede/session9_turtlebot3_razan/session9_turtlebot3_assignmentcpp/install/navigation_robot_custom_interfaces:/home/razanhmede/session9_turtlebot3_razan/session9_turtlebot3_assignmentcpp/install/turtlebot3robotcpp:/opt/ros/humble /usr/bin/cmake --build /home/razanhmede/session9_turtlebot3_razan/session9_turtlebot3_assignmentcpp/build/turtlebot3robotcpp -- -j4 -l4
[32.099s] Level 1:colcon.colcon_core.environment:create_environment_scripts_only(turtlebot3robotcpp)
[32.099s] Level 1:colcon.colcon_core.environment:checking '/home/razanhmede/session9_turtlebot3_razan/session9_turtlebot3_assignmentcpp/install/turtlebot3robotcpp' for CMake module files
[32.101s] Level 1:colcon.colcon_core.environment:checking '/home/razanhmede/session9_turtlebot3_razan/session9_turtlebot3_assignmentcpp/install/turtlebot3robotcpp' for CMake config files
[32.101s] Level 1:colcon.colcon_core.shell:create_environment_hook('turtlebot3robotcpp', 'cmake_prefix_path')
[32.102s] INFO:colcon.colcon_core.shell:Creating environment hook '/home/razanhmede/session9_turtlebot3_razan/session9_turtlebot3_assignmentcpp/install/turtlebot3robotcpp/share/turtlebot3robotcpp/hook/cmake_prefix_path.ps1'
[32.103s] INFO:colcon.colcon_core.shell:Creating environment descriptor '/home/razanhmede/session9_turtlebot3_razan/session9_turtlebot3_assignmentcpp/install/turtlebot3robotcpp/share/turtlebot3robotcpp/hook/cmake_prefix_path.dsv'
[32.115s] INFO:colcon.colcon_core.shell:Creating environment hook '/home/razanhmede/session9_turtlebot3_razan/session9_turtlebot3_assignmentcpp/install/turtlebot3robotcpp/share/turtlebot3robotcpp/hook/cmake_prefix_path.sh'
[32.120s] Level 1:colcon.colcon_core.environment:checking '/home/razanhmede/session9_turtlebot3_razan/session9_turtlebot3_assignmentcpp/install/turtlebot3robotcpp/lib'
[32.121s] Level 1:colcon.colcon_core.environment:checking '/home/razanhmede/session9_turtlebot3_razan/session9_turtlebot3_assignmentcpp/install/turtlebot3robotcpp/bin'
[32.121s] Level 1:colcon.colcon_core.environment:checking '/home/razanhmede/session9_turtlebot3_razan/session9_turtlebot3_assignmentcpp/install/turtlebot3robotcpp/lib/pkgconfig/turtlebot3robotcpp.pc'
[32.122s] Level 1:colcon.colcon_core.environment:checking '/home/razanhmede/session9_turtlebot3_razan/session9_turtlebot3_assignmentcpp/install/turtlebot3robotcpp/lib/python3.10/site-packages'
[32.123s] Level 1:colcon.colcon_core.environment:checking '/home/razanhmede/session9_turtlebot3_razan/session9_turtlebot3_assignmentcpp/install/turtlebot3robotcpp/bin'
[32.125s] INFO:colcon.colcon_core.shell:Creating package script '/home/razanhmede/session9_turtlebot3_razan/session9_turtlebot3_assignmentcpp/install/turtlebot3robotcpp/share/turtlebot3robotcpp/package.ps1'
[32.129s] INFO:colcon.colcon_core.shell:Creating package descriptor '/home/razanhmede/session9_turtlebot3_razan/session9_turtlebot3_assignmentcpp/install/turtlebot3robotcpp/share/turtlebot3robotcpp/package.dsv'
[32.140s] INFO:colcon.colcon_core.shell:Creating package script '/home/razanhmede/session9_turtlebot3_razan/session9_turtlebot3_assignmentcpp/install/turtlebot3robotcpp/share/turtlebot3robotcpp/package.sh'
[32.153s] INFO:colcon.colcon_core.shell:Creating package script '/home/razanhmede/session9_turtlebot3_razan/session9_turtlebot3_assignmentcpp/install/turtlebot3robotcpp/share/turtlebot3robotcpp/package.bash'
[32.156s] INFO:colcon.colcon_core.shell:Creating package script '/home/razanhmede/session9_turtlebot3_razan/session9_turtlebot3_assignmentcpp/install/turtlebot3robotcpp/share/turtlebot3robotcpp/package.zsh'
[32.158s] Level 1:colcon.colcon_core.environment:create_file_with_runtime_dependencies(/home/razanhmede/session9_turtlebot3_razan/session9_turtlebot3_assignmentcpp/install/turtlebot3robotcpp/share/colcon-core/packages/turtlebot3robotcpp)
[32.171s] DEBUG:colcon.colcon_parallel_executor.executor.parallel:closing loop
[32.171s] DEBUG:colcon.colcon_parallel_executor.executor.parallel:loop closed
[32.172s] DEBUG:colcon.colcon_parallel_executor.executor.parallel:run_until_complete finished with '2'
[32.172s] DEBUG:colcon.colcon_core.event_reactor:joining thread
[32.189s] INFO:colcon.colcon_core.plugin_system:Skipping extension 'colcon_notification.desktop_notification.terminal_notifier': Not used on non-Darwin systems
[32.195s] INFO:colcon.colcon_core.plugin_system:Skipping extension 'colcon_notification.desktop_notification.win32': Not used on non-Windows systems
[32.199s] INFO:colcon.colcon_notification.desktop_notification:Sending desktop notification using 'notify2'
[32.271s] DEBUG:colcon.colcon_core.event_reactor:joined thread
[32.272s] INFO:colcon.colcon_core.shell:Creating prefix script '/home/razanhmede/session9_turtlebot3_razan/session9_turtlebot3_assignmentcpp/install/local_setup.ps1'
[32.274s] INFO:colcon.colcon_core.shell:Creating prefix util module '/home/razanhmede/session9_turtlebot3_razan/session9_turtlebot3_assignmentcpp/install/_local_setup_util_ps1.py'
[32.286s] INFO:colcon.colcon_core.shell:Creating prefix chain script '/home/razanhmede/session9_turtlebot3_razan/session9_turtlebot3_assignmentcpp/install/setup.ps1'
[32.292s] INFO:colcon.colcon_core.shell:Creating prefix script '/home/razanhmede/session9_turtlebot3_razan/session9_turtlebot3_assignmentcpp/install/local_setup.sh'
[32.298s] INFO:colcon.colcon_core.shell:Creating prefix util module '/home/razanhmede/session9_turtlebot3_razan/session9_turtlebot3_assignmentcpp/install/_local_setup_util_sh.py'
[32.301s] INFO:colcon.colcon_core.shell:Creating prefix chain script '/home/razanhmede/session9_turtlebot3_razan/session9_turtlebot3_assignmentcpp/install/setup.sh'
[32.305s] INFO:colcon.colcon_core.shell:Creating prefix script '/home/razanhmede/session9_turtlebot3_razan/session9_turtlebot3_assignmentcpp/install/local_setup.bash'
[32.307s] INFO:colcon.colcon_core.shell:Creating prefix chain script '/home/razanhmede/session9_turtlebot3_razan/session9_turtlebot3_assignmentcpp/install/setup.bash'
[32.312s] INFO:colcon.colcon_core.shell:Creating prefix script '/home/razanhmede/session9_turtlebot3_razan/session9_turtlebot3_assignmentcpp/install/local_setup.zsh'
[32.328s] INFO:colcon.colcon_core.shell:Creating prefix chain script '/home/razanhmede/session9_turtlebot3_razan/session9_turtlebot3_assignmentcpp/install/setup.zsh'
