[0.108s] DEBUG:colcon:Command line arguments: ['/usr/bin/colcon', 'build']
[0.108s] DEBUG:colcon:Parsed command line arguments: Namespace(log_base=None, log_level=None, verb_name='build', build_base='build', install_base='install', merge_install=False, symlink_install=False, test_result_base=None, continue_on_error=False, executor='parallel', parallel_workers=4, event_handlers=None, ignore_user_meta=False, metas=['./colcon.meta'], base_paths=['.'], packages_ignore=None, packages_ignore_regex=None, paths=None, packages_up_to=None, packages_up_to_regex=None, packages_above=None, packages_above_and_dependencies=None, packages_above_depth=None, packages_select_by_dep=None, packages_skip_by_dep=None, packages_skip_up_to=None, packages_select_build_failed=False, packages_skip_build_finished=False, packages_select_test_failures=False, packages_skip_test_passed=False, packages_select=None, packages_skip=None, packages_select_regex=None, packages_skip_regex=None, packages_start=None, packages_end=None, allow_overriding=[], cmake_args=None, cmake_target=None, cmake_target_skip_unavailable=False, cmake_clean_cache=False, cmake_clean_first=False, cmake_force_configure=False, ament_cmake_args=None, catkin_cmake_args=None, catkin_skip_building_tests=False, mixin_files=None, mixin=None, verb_parser=<colcon_mixin.mixin.mixin_argument.MixinArgumentDecorator object at 0x7c4aa1546650>, verb_extension=<colcon_core.verb.build.BuildVerb object at 0x7c4aa16cbeb0>, main=<bound method BuildVerb.main of <colcon_core.verb.build.BuildVerb object at 0x7c4aa16cbeb0>>, mixin_verb=('build',))
[0.275s] Level 1:colcon.colcon_core.package_discovery:discover_packages(colcon_meta) check parameters
[0.275s] Level 1:colcon.colcon_core.package_discovery:discover_packages(recursive) check parameters
[0.275s] Level 1:colcon.colcon_core.package_discovery:discover_packages(ignore) check parameters
[0.275s] Level 1:colcon.colcon_core.package_discovery:discover_packages(path) check parameters
[0.275s] Level 1:colcon.colcon_core.package_discovery:discover_packages(colcon_meta) discover
[0.275s] Level 1:colcon.colcon_core.package_discovery:discover_packages(recursive) discover
[0.276s] INFO:colcon.colcon_core.package_discovery:Crawling recursively for packages in '/home/razanhmede/session9_turtlebot3_razan/session9_turtlebot3_assignmentcpp'
[0.276s] Level 1:colcon.colcon_core.package_identification:_identify(.) by extensions ['ignore', 'ignore_ament_install']
[0.276s] Level 1:colcon.colcon_core.package_identification:_identify(.) by extension 'ignore'
[0.276s] Level 1:colcon.colcon_core.package_identification:_identify(.) by extension 'ignore_ament_install'
[0.276s] Level 1:colcon.colcon_core.package_identification:_identify(.) by extensions ['colcon_pkg']
[0.276s] Level 1:colcon.colcon_core.package_identification:_identify(.) by extension 'colcon_pkg'
[0.277s] Level 1:colcon.colcon_core.package_identification:_identify(.) by extensions ['colcon_meta']
[0.277s] Level 1:colcon.colcon_core.package_identification:_identify(.) by extension 'colcon_meta'
[0.277s] Level 1:colcon.colcon_core.package_identification:_identify(.) by extensions ['ros']
[0.277s] Level 1:colcon.colcon_core.package_identification:_identify(.) by extension 'ros'
[0.288s] Level 1:colcon.colcon_core.package_identification:_identify(.) by extensions ['cmake', 'python']
[0.288s] Level 1:colcon.colcon_core.package_identification:_identify(.) by extension 'cmake'
[0.288s] Level 1:colcon.colcon_core.package_identification:_identify(.) by extension 'python'
[0.289s] Level 1:colcon.colcon_core.package_identification:_identify(.) by extensions ['python_setup_py']
[0.289s] Level 1:colcon.colcon_core.package_identification:_identify(.) by extension 'python_setup_py'
[0.289s] Level 1:colcon.colcon_core.package_identification:_identify(build) by extensions ['ignore', 'ignore_ament_install']
[0.289s] Level 1:colcon.colcon_core.package_identification:_identify(build) by extension 'ignore'
[0.290s] Level 1:colcon.colcon_core.package_identification:_identify(build) ignored
[0.290s] Level 1:colcon.colcon_core.package_identification:_identify(install) by extensions ['ignore', 'ignore_ament_install']
[0.290s] Level 1:colcon.colcon_core.package_identification:_identify(install) by extension 'ignore'
[0.290s] Level 1:colcon.colcon_core.package_identification:_identify(install) ignored
[0.291s] Level 1:colcon.colcon_core.package_identification:_identify(log) by extensions ['ignore', 'ignore_ament_install']
[0.291s] Level 1:colcon.colcon_core.package_identification:_identify(log) by extension 'ignore'
[0.291s] Level 1:colcon.colcon_core.package_identification:_identify(log) ignored
[0.291s] Level 1:colcon.colcon_core.package_identification:_identify(src) by extensions ['ignore', 'ignore_ament_install']
[0.292s] Level 1:colcon.colcon_core.package_identification:_identify(src) by extension 'ignore'
[0.292s] Level 1:colcon.colcon_core.package_identification:_identify(src) by extension 'ignore_ament_install'
[0.292s] Level 1:colcon.colcon_core.package_identification:_identify(src) by extensions ['colcon_pkg']
[0.292s] Level 1:colcon.colcon_core.package_identification:_identify(src) by extension 'colcon_pkg'
[0.292s] Level 1:colcon.colcon_core.package_identification:_identify(src) by extensions ['colcon_meta']
[0.292s] Level 1:colcon.colcon_core.package_identification:_identify(src) by extension 'colcon_meta'
[0.292s] Level 1:colcon.colcon_core.package_identification:_identify(src) by extensions ['ros']
[0.293s] Level 1:colcon.colcon_core.package_identification:_identify(src) by extension 'ros'
[0.293s] Level 1:colcon.colcon_core.package_identification:_identify(src) by extensions ['cmake', 'python']
[0.293s] Level 1:colcon.colcon_core.package_identification:_identify(src) by extension 'cmake'
[0.293s] Level 1:colcon.colcon_core.package_identification:_identify(src) by extension 'python'
[0.293s] Level 1:colcon.colcon_core.package_identification:_identify(src) by extensions ['python_setup_py']
[0.293s] Level 1:colcon.colcon_core.package_identification:_identify(src) by extension 'python_setup_py'
[0.294s] Level 1:colcon.colcon_core.package_identification:_identify(src/navigation_robot_custom_interfaces) by extensions ['ignore', 'ignore_ament_install']
[0.294s] Level 1:colcon.colcon_core.package_identification:_identify(src/navigation_robot_custom_interfaces) by extension 'ignore'
[0.294s] Level 1:colcon.colcon_core.package_identification:_identify(src/navigation_robot_custom_interfaces) by extension 'ignore_ament_install'
[0.294s] Level 1:colcon.colcon_core.package_identification:_identify(src/navigation_robot_custom_interfaces) by extensions ['colcon_pkg']
[0.295s] Level 1:colcon.colcon_core.package_identification:_identify(src/navigation_robot_custom_interfaces) by extension 'colcon_pkg'
[0.295s] Level 1:colcon.colcon_core.package_identification:_identify(src/navigation_robot_custom_interfaces) by extensions ['colcon_meta']
[0.295s] Level 1:colcon.colcon_core.package_identification:_identify(src/navigation_robot_custom_interfaces) by extension 'colcon_meta'
[0.295s] Level 1:colcon.colcon_core.package_identification:_identify(src/navigation_robot_custom_interfaces) by extensions ['ros']
[0.295s] Level 1:colcon.colcon_core.package_identification:_identify(src/navigation_robot_custom_interfaces) by extension 'ros'
[0.298s] DEBUG:colcon.colcon_core.package_identification:Package 'src/navigation_robot_custom_interfaces' with type 'ros.ament_cmake' and name 'navigation_robot_custom_interfaces'
[0.298s] Level 1:colcon.colcon_core.package_identification:_identify(src/turtlebot3robotcpp) by extensions ['ignore', 'ignore_ament_install']
[0.298s] Level 1:colcon.colcon_core.package_identification:_identify(src/turtlebot3robotcpp) by extension 'ignore'
[0.298s] Level 1:colcon.colcon_core.package_identification:_identify(src/turtlebot3robotcpp) by extension 'ignore_ament_install'
[0.298s] Level 1:colcon.colcon_core.package_identification:_identify(src/turtlebot3robotcpp) by extensions ['colcon_pkg']
[0.299s] Level 1:colcon.colcon_core.package_identification:_identify(src/turtlebot3robotcpp) by extension 'colcon_pkg'
[0.299s] Level 1:colcon.colcon_core.package_identification:_identify(src/turtlebot3robotcpp) by extensions ['colcon_meta']
[0.299s] Level 1:colcon.colcon_core.package_identification:_identify(src/turtlebot3robotcpp) by extension 'colcon_meta'
[0.299s] Level 1:colcon.colcon_core.package_identification:_identify(src/turtlebot3robotcpp) by extensions ['ros']
[0.299s] Level 1:colcon.colcon_core.package_identification:_identify(src/turtlebot3robotcpp) by extension 'ros'
[0.301s] DEBUG:colcon.colcon_core.package_identification:Package 'src/turtlebot3robotcpp' with type 'ros.ament_cmake' and name 'turtlebot3robotcpp'
[0.301s] Level 1:colcon.colcon_core.package_discovery:discover_packages(recursive) using defaults
[0.301s] Level 1:colcon.colcon_core.package_discovery:discover_packages(ignore) discover
[0.301s] Level 1:colcon.colcon_core.package_discovery:discover_packages(ignore) using defaults
[0.301s] Level 1:colcon.colcon_core.package_discovery:discover_packages(path) discover
[0.301s] Level 1:colcon.colcon_core.package_discovery:discover_packages(path) using defaults
[0.323s] Level 1:colcon.colcon_core.package_discovery:discover_packages(prefix_path) check parameters
[0.323s] Level 1:colcon.colcon_core.package_discovery:discover_packages(prefix_path) discover
[0.326s] DEBUG:colcon.colcon_installed_package_information.package_discovery:Found 377 installed packages in /opt/ros/humble
[0.338s] Level 1:colcon.colcon_core.package_discovery:discover_packages(prefix_path) using defaults
[0.385s] Level 5:colcon.colcon_core.verb:set package 'navigation_robot_custom_interfaces' build argument 'cmake_args' from command line to 'None'
[0.385s] Level 5:colcon.colcon_core.verb:set package 'navigation_robot_custom_interfaces' build argument 'cmake_target' from command line to 'None'
[0.385s] Level 5:colcon.colcon_core.verb:set package 'navigation_robot_custom_interfaces' build argument 'cmake_target_skip_unavailable' from command line to 'False'
[0.385s] Level 5:colcon.colcon_core.verb:set package 'navigation_robot_custom_interfaces' build argument 'cmake_clean_cache' from command line to 'False'
[0.385s] Level 5:colcon.colcon_core.verb:set package 'navigation_robot_custom_interfaces' build argument 'cmake_clean_first' from command line to 'False'
[0.386s] Level 5:colcon.colcon_core.verb:set package 'navigation_robot_custom_interfaces' build argument 'cmake_force_configure' from command line to 'False'
[0.386s] Level 5:colcon.colcon_core.verb:set package 'navigation_robot_custom_interfaces' build argument 'ament_cmake_args' from command line to 'None'
[0.386s] Level 5:colcon.colcon_core.verb:set package 'navigation_robot_custom_interfaces' build argument 'catkin_cmake_args' from command line to 'None'
[0.386s] Level 5:colcon.colcon_core.verb:set package 'navigation_robot_custom_interfaces' build argument 'catkin_skip_building_tests' from command line to 'False'
[0.386s] DEBUG:colcon.colcon_core.verb:Building package 'navigation_robot_custom_interfaces' with the following arguments: {'ament_cmake_args': None, 'build_base': '/home/razanhmede/session9_turtlebot3_razan/session9_turtlebot3_assignmentcpp/build/navigation_robot_custom_interfaces', 'catkin_cmake_args': None, 'catkin_skip_building_tests': False, 'cmake_args': None, 'cmake_clean_cache': False, 'cmake_clean_first': False, 'cmake_force_configure': False, 'cmake_target': None, 'cmake_target_skip_unavailable': False, 'install_base': '/home/razanhmede/session9_turtlebot3_razan/session9_turtlebot3_assignmentcpp/install/navigation_robot_custom_interfaces', 'merge_install': False, 'path': '/home/razanhmede/session9_turtlebot3_razan/session9_turtlebot3_assignmentcpp/src/navigation_robot_custom_interfaces', 'symlink_install': False, 'test_result_base': None}
[0.387s] Level 5:colcon.colcon_core.verb:set package 'turtlebot3robotcpp' build argument 'cmake_args' from command line to 'None'
[0.387s] Level 5:colcon.colcon_core.verb:set package 'turtlebot3robotcpp' build argument 'cmake_target' from command line to 'None'
[0.387s] Level 5:colcon.colcon_core.verb:set package 'turtlebot3robotcpp' build argument 'cmake_target_skip_unavailable' from command line to 'False'
[0.387s] Level 5:colcon.colcon_core.verb:set package 'turtlebot3robotcpp' build argument 'cmake_clean_cache' from command line to 'False'
[0.387s] Level 5:colcon.colcon_core.verb:set package 'turtlebot3robotcpp' build argument 'cmake_clean_first' from command line to 'False'
[0.387s] Level 5:colcon.colcon_core.verb:set package 'turtlebot3robotcpp' build argument 'cmake_force_configure' from command line to 'False'
[0.387s] Level 5:colcon.colcon_core.verb:set package 'turtlebot3robotcpp' build argument 'ament_cmake_args' from command line to 'None'
[0.388s] Level 5:colcon.colcon_core.verb:set package 'turtlebot3robotcpp' build argument 'catkin_cmake_args' from command line to 'None'
[0.388s] Level 5:colcon.colcon_core.verb:set package 'turtlebot3robotcpp' build argument 'catkin_skip_building_tests' from command line to 'False'
[0.388s] DEBUG:colcon.colcon_core.verb:Building package 'turtlebot3robotcpp' with the following arguments: {'ament_cmake_args': None, 'build_base': '/home/razanhmede/session9_turtlebot3_razan/session9_turtlebot3_assignmentcpp/build/turtlebot3robotcpp', 'catkin_cmake_args': None, 'catkin_skip_building_tests': False, 'cmake_args': None, 'cmake_clean_cache': False, 'cmake_clean_first': False, 'cmake_force_configure': False, 'cmake_target': None, 'cmake_target_skip_unavailable': False, 'install_base': '/home/razanhmede/session9_turtlebot3_razan/session9_turtlebot3_assignmentcpp/install/turtlebot3robotcpp', 'merge_install': False, 'path': '/home/razanhmede/session9_turtlebot3_razan/session9_turtlebot3_assignmentcpp/src/turtlebot3robotcpp', 'symlink_install': False, 'test_result_base': None}
[0.388s] INFO:colcon.colcon_core.executor:Executing jobs using 'parallel' executor
[0.390s] DEBUG:colcon.colcon_parallel_executor.executor.parallel:run_until_complete
[0.390s] INFO:colcon.colcon_ros.task.ament_cmake.build:Building ROS package in '/home/razanhmede/session9_turtlebot3_razan/session9_turtlebot3_assignmentcpp/src/navigation_robot_custom_interfaces' with build type 'ament_cmake'
[0.390s] INFO:colcon.colcon_cmake.task.cmake.build:Building CMake package in '/home/razanhmede/session9_turtlebot3_razan/session9_turtlebot3_assignmentcpp/src/navigation_robot_custom_interfaces'
[0.393s] INFO:colcon.colcon_core.plugin_system:Skipping extension 'colcon_core.shell.bat': Not used on non-Windows systems
[0.393s] INFO:colcon.colcon_core.shell:Skip shell extension 'powershell' for command environment: Not usable outside of PowerShell
[0.393s] DEBUG:colcon.colcon_core.shell:Skip shell extension 'dsv' for command environment
[0.405s] DEBUG:colcon.colcon_core.event_handler.log_command:Invoking command in '/home/razanhmede/session9_turtlebot3_razan/session9_turtlebot3_assignmentcpp/build/navigation_robot_custom_interfaces': CMAKE_PREFIX_PATH=/opt/ros/humble /usr/bin/cmake --build /home/razanhmede/session9_turtlebot3_razan/session9_turtlebot3_assignmentcpp/build/navigation_robot_custom_interfaces -- -j4 -l4
[0.864s] DEBUG:colcon.colcon_core.event_handler.log_command:Invoked command in '/home/razanhmede/session9_turtlebot3_razan/session9_turtlebot3_assignmentcpp/build/navigation_robot_custom_interfaces' returned '0': CMAKE_PREFIX_PATH=/opt/ros/humble /usr/bin/cmake --build /home/razanhmede/session9_turtlebot3_razan/session9_turtlebot3_assignmentcpp/build/navigation_robot_custom_interfaces -- -j4 -l4
[1.001s] DEBUG:colcon.colcon_core.event_handler.log_command:Invoking command in '/home/razanhmede/session9_turtlebot3_razan/session9_turtlebot3_assignmentcpp/build/navigation_robot_custom_interfaces': CMAKE_PREFIX_PATH=/opt/ros/humble /usr/bin/cmake --install /home/razanhmede/session9_turtlebot3_razan/session9_turtlebot3_assignmentcpp/build/navigation_robot_custom_interfaces
[1.082s] Level 1:colcon.colcon_core.environment:create_environment_scripts_only(navigation_robot_custom_interfaces)
[1.084s] Level 1:colcon.colcon_core.environment:checking '/home/razanhmede/session9_turtlebot3_razan/session9_turtlebot3_assignmentcpp/install/navigation_robot_custom_interfaces' for CMake module files
[1.085s] Level 1:colcon.colcon_core.environment:checking '/home/razanhmede/session9_turtlebot3_razan/session9_turtlebot3_assignmentcpp/install/navigation_robot_custom_interfaces' for CMake config files
[1.085s] Level 1:colcon.colcon_core.shell:create_environment_hook('navigation_robot_custom_interfaces', 'cmake_prefix_path')
[1.085s] INFO:colcon.colcon_core.shell:Creating environment hook '/home/razanhmede/session9_turtlebot3_razan/session9_turtlebot3_assignmentcpp/install/navigation_robot_custom_interfaces/share/navigation_robot_custom_interfaces/hook/cmake_prefix_path.ps1'
[1.086s] INFO:colcon.colcon_core.shell:Creating environment descriptor '/home/razanhmede/session9_turtlebot3_razan/session9_turtlebot3_assignmentcpp/install/navigation_robot_custom_interfaces/share/navigation_robot_custom_interfaces/hook/cmake_prefix_path.dsv'
[1.087s] INFO:colcon.colcon_core.shell:Creating environment hook '/home/razanhmede/session9_turtlebot3_razan/session9_turtlebot3_assignmentcpp/install/navigation_robot_custom_interfaces/share/navigation_robot_custom_interfaces/hook/cmake_prefix_path.sh'
[1.086s] DEBUG:colcon.colcon_core.event_handler.log_command:Invoked command in '/home/razanhmede/session9_turtlebot3_razan/session9_turtlebot3_assignmentcpp/build/navigation_robot_custom_interfaces' returned '0': CMAKE_PREFIX_PATH=/opt/ros/humble /usr/bin/cmake --install /home/razanhmede/session9_turtlebot3_razan/session9_turtlebot3_assignmentcpp/build/navigation_robot_custom_interfaces
[1.088s] Level 1:colcon.colcon_core.environment:checking '/home/razanhmede/session9_turtlebot3_razan/session9_turtlebot3_assignmentcpp/install/navigation_robot_custom_interfaces/lib'
[1.088s] Level 1:colcon.colcon_core.shell:create_environment_hook('navigation_robot_custom_interfaces', 'ld_library_path_lib')
[1.088s] INFO:colcon.colcon_core.shell:Creating environment hook '/home/razanhmede/session9_turtlebot3_razan/session9_turtlebot3_assignmentcpp/install/navigation_robot_custom_interfaces/share/navigation_robot_custom_interfaces/hook/ld_library_path_lib.ps1'
[1.089s] INFO:colcon.colcon_core.shell:Creating environment descriptor '/home/razanhmede/session9_turtlebot3_razan/session9_turtlebot3_assignmentcpp/install/navigation_robot_custom_interfaces/share/navigation_robot_custom_interfaces/hook/ld_library_path_lib.dsv'
[1.089s] INFO:colcon.colcon_core.shell:Creating environment hook '/home/razanhmede/session9_turtlebot3_razan/session9_turtlebot3_assignmentcpp/install/navigation_robot_custom_interfaces/share/navigation_robot_custom_interfaces/hook/ld_library_path_lib.sh'
[1.090s] Level 1:colcon.colcon_core.environment:checking '/home/razanhmede/session9_turtlebot3_razan/session9_turtlebot3_assignmentcpp/install/navigation_robot_custom_interfaces/bin'
[1.090s] Level 1:colcon.colcon_core.environment:checking '/home/razanhmede/session9_turtlebot3_razan/session9_turtlebot3_assignmentcpp/install/navigation_robot_custom_interfaces/lib/pkgconfig/navigation_robot_custom_interfaces.pc'
[1.090s] Level 1:colcon.colcon_core.environment:checking '/home/razanhmede/session9_turtlebot3_razan/session9_turtlebot3_assignmentcpp/install/navigation_robot_custom_interfaces/lib/python3.10/site-packages'
[1.090s] Level 1:colcon.colcon_core.environment:checking '/home/razanhmede/session9_turtlebot3_razan/session9_turtlebot3_assignmentcpp/install/navigation_robot_custom_interfaces/bin'
[1.091s] INFO:colcon.colcon_core.shell:Creating package script '/home/razanhmede/session9_turtlebot3_razan/session9_turtlebot3_assignmentcpp/install/navigation_robot_custom_interfaces/share/navigation_robot_custom_interfaces/package.ps1'
[1.092s] INFO:colcon.colcon_core.shell:Creating package descriptor '/home/razanhmede/session9_turtlebot3_razan/session9_turtlebot3_assignmentcpp/install/navigation_robot_custom_interfaces/share/navigation_robot_custom_interfaces/package.dsv'
[1.093s] INFO:colcon.colcon_core.shell:Creating package script '/home/razanhmede/session9_turtlebot3_razan/session9_turtlebot3_assignmentcpp/install/navigation_robot_custom_interfaces/share/navigation_robot_custom_interfaces/package.sh'
[1.094s] INFO:colcon.colcon_core.shell:Creating package script '/home/razanhmede/session9_turtlebot3_razan/session9_turtlebot3_assignmentcpp/install/navigation_robot_custom_interfaces/share/navigation_robot_custom_interfaces/package.bash'
[1.095s] INFO:colcon.colcon_core.shell:Creating package script '/home/razanhmede/session9_turtlebot3_razan/session9_turtlebot3_assignmentcpp/install/navigation_robot_custom_interfaces/share/navigation_robot_custom_interfaces/package.zsh'
[1.095s] Level 1:colcon.colcon_core.environment:create_file_with_runtime_dependencies(/home/razanhmede/session9_turtlebot3_razan/session9_turtlebot3_assignmentcpp/install/navigation_robot_custom_interfaces/share/colcon-core/packages/navigation_robot_custom_interfaces)
[1.228s] Level 1:colcon.colcon_core.environment:create_environment_scripts_only(navigation_robot_custom_interfaces)
[1.228s] Level 1:colcon.colcon_core.environment:checking '/home/razanhmede/session9_turtlebot3_razan/session9_turtlebot3_assignmentcpp/install/navigation_robot_custom_interfaces' for CMake module files
[1.229s] Level 1:colcon.colcon_core.environment:checking '/home/razanhmede/session9_turtlebot3_razan/session9_turtlebot3_assignmentcpp/install/navigation_robot_custom_interfaces' for CMake config files
[1.230s] Level 1:colcon.colcon_core.shell:create_environment_hook('navigation_robot_custom_interfaces', 'cmake_prefix_path')
[1.231s] INFO:colcon.colcon_core.shell:Creating environment hook '/home/razanhmede/session9_turtlebot3_razan/session9_turtlebot3_assignmentcpp/install/navigation_robot_custom_interfaces/share/navigation_robot_custom_interfaces/hook/cmake_prefix_path.ps1'
[1.232s] INFO:colcon.colcon_core.shell:Creating environment descriptor '/home/razanhmede/session9_turtlebot3_razan/session9_turtlebot3_assignmentcpp/install/navigation_robot_custom_interfaces/share/navigation_robot_custom_interfaces/hook/cmake_prefix_path.dsv'
[1.232s] INFO:colcon.colcon_core.shell:Creating environment hook '/home/razanhmede/session9_turtlebot3_razan/session9_turtlebot3_assignmentcpp/install/navigation_robot_custom_interfaces/share/navigation_robot_custom_interfaces/hook/cmake_prefix_path.sh'
[1.233s] Level 1:colcon.colcon_core.environment:checking '/home/razanhmede/session9_turtlebot3_razan/session9_turtlebot3_assignmentcpp/install/navigation_robot_custom_interfaces/lib'
[1.234s] Level 1:colcon.colcon_core.shell:create_environment_hook('navigation_robot_custom_interfaces', 'ld_library_path_lib')
[1.234s] INFO:colcon.colcon_core.shell:Creating environment hook '/home/razanhmede/session9_turtlebot3_razan/session9_turtlebot3_assignmentcpp/install/navigation_robot_custom_interfaces/share/navigation_robot_custom_interfaces/hook/ld_library_path_lib.ps1'
[1.235s] INFO:colcon.colcon_core.shell:Creating environment descriptor '/home/razanhmede/session9_turtlebot3_razan/session9_turtlebot3_assignmentcpp/install/navigation_robot_custom_interfaces/share/navigation_robot_custom_interfaces/hook/ld_library_path_lib.dsv'
[1.235s] INFO:colcon.colcon_core.shell:Creating environment hook '/home/razanhmede/session9_turtlebot3_razan/session9_turtlebot3_assignmentcpp/install/navigation_robot_custom_interfaces/share/navigation_robot_custom_interfaces/hook/ld_library_path_lib.sh'
[1.236s] Level 1:colcon.colcon_core.environment:checking '/home/razanhmede/session9_turtlebot3_razan/session9_turtlebot3_assignmentcpp/install/navigation_robot_custom_interfaces/bin'
[1.236s] Level 1:colcon.colcon_core.environment:checking '/home/razanhmede/session9_turtlebot3_razan/session9_turtlebot3_assignmentcpp/install/navigation_robot_custom_interfaces/lib/pkgconfig/navigation_robot_custom_interfaces.pc'
[1.236s] Level 1:colcon.colcon_core.environment:checking '/home/razanhmede/session9_turtlebot3_razan/session9_turtlebot3_assignmentcpp/install/navigation_robot_custom_interfaces/lib/python3.10/site-packages'
[1.236s] Level 1:colcon.colcon_core.environment:checking '/home/razanhmede/session9_turtlebot3_razan/session9_turtlebot3_assignmentcpp/install/navigation_robot_custom_interfaces/bin'
[1.237s] INFO:colcon.colcon_core.shell:Creating package script '/home/razanhmede/session9_turtlebot3_razan/session9_turtlebot3_assignmentcpp/install/navigation_robot_custom_interfaces/share/navigation_robot_custom_interfaces/package.ps1'
[1.237s] INFO:colcon.colcon_core.shell:Creating package descriptor '/home/razanhmede/session9_turtlebot3_razan/session9_turtlebot3_assignmentcpp/install/navigation_robot_custom_interfaces/share/navigation_robot_custom_interfaces/package.dsv'
[1.238s] INFO:colcon.colcon_core.shell:Creating package script '/home/razanhmede/session9_turtlebot3_razan/session9_turtlebot3_assignmentcpp/install/navigation_robot_custom_interfaces/share/navigation_robot_custom_interfaces/package.sh'
[1.239s] INFO:colcon.colcon_core.shell:Creating package script '/home/razanhmede/session9_turtlebot3_razan/session9_turtlebot3_assignmentcpp/install/navigation_robot_custom_interfaces/share/navigation_robot_custom_interfaces/package.bash'
[1.239s] INFO:colcon.colcon_core.shell:Creating package script '/home/razanhmede/session9_turtlebot3_razan/session9_turtlebot3_assignmentcpp/install/navigation_robot_custom_interfaces/share/navigation_robot_custom_interfaces/package.zsh'
[1.240s] Level 1:colcon.colcon_core.environment:create_file_with_runtime_dependencies(/home/razanhmede/session9_turtlebot3_razan/session9_turtlebot3_assignmentcpp/install/navigation_robot_custom_interfaces/share/colcon-core/packages/navigation_robot_custom_interfaces)
[1.240s] INFO:colcon.colcon_ros.task.ament_cmake.build:Building ROS package in '/home/razanhmede/session9_turtlebot3_razan/session9_turtlebot3_assignmentcpp/src/turtlebot3robotcpp' with build type 'ament_cmake'
[1.241s] INFO:colcon.colcon_cmake.task.cmake.build:Building CMake package in '/home/razanhmede/session9_turtlebot3_razan/session9_turtlebot3_assignmentcpp/src/turtlebot3robotcpp'
[1.242s] INFO:colcon.colcon_core.shell:Skip shell extension 'powershell' for command environment: Not usable outside of PowerShell
[1.242s] DEBUG:colcon.colcon_core.shell:Skip shell extension 'dsv' for command environment
[1.257s] DEBUG:colcon.colcon_core.event_handler.log_command:Invoking command in '/home/razanhmede/session9_turtlebot3_razan/session9_turtlebot3_assignmentcpp/build/turtlebot3robotcpp': AMENT_PREFIX_PATH=/home/razanhmede/session9_turtlebot3_razan/session9_turtlebot3_assignmentcpp/install/navigation_robot_custom_interfaces:${AMENT_PREFIX_PATH} CMAKE_PREFIX_PATH=/home/razanhmede/session9_turtlebot3_razan/session9_turtlebot3_assignmentcpp/install/navigation_robot_custom_interfaces:/opt/ros/humble LD_LIBRARY_PATH=/home/razanhmede/session9_turtlebot3_razan/session9_turtlebot3_assignmentcpp/install/navigation_robot_custom_interfaces/lib:${LD_LIBRARY_PATH} PYTHONPATH=/home/razanhmede/session9_turtlebot3_razan/session9_turtlebot3_assignmentcpp/install/navigation_robot_custom_interfaces/local/lib/python3.10/dist-packages:${PYTHONPATH} /usr/bin/cmake --build /home/razanhmede/session9_turtlebot3_razan/session9_turtlebot3_assignmentcpp/build/turtlebot3robotcpp -- -j4 -l4
[1.353s] DEBUG:colcon.colcon_core.event_handler.log_command:Invoked command in '/home/razanhmede/session9_turtlebot3_razan/session9_turtlebot3_assignmentcpp/build/turtlebot3robotcpp' returned '2': AMENT_PREFIX_PATH=/home/razanhmede/session9_turtlebot3_razan/session9_turtlebot3_assignmentcpp/install/navigation_robot_custom_interfaces:${AMENT_PREFIX_PATH} CMAKE_PREFIX_PATH=/home/razanhmede/session9_turtlebot3_razan/session9_turtlebot3_assignmentcpp/install/navigation_robot_custom_interfaces:/opt/ros/humble LD_LIBRARY_PATH=/home/razanhmede/session9_turtlebot3_razan/session9_turtlebot3_assignmentcpp/install/navigation_robot_custom_interfaces/lib:${LD_LIBRARY_PATH} PYTHONPATH=/home/razanhmede/session9_turtlebot3_razan/session9_turtlebot3_assignmentcpp/install/navigation_robot_custom_interfaces/local/lib/python3.10/dist-packages:${PYTHONPATH} /usr/bin/cmake --build /home/razanhmede/session9_turtlebot3_razan/session9_turtlebot3_assignmentcpp/build/turtlebot3robotcpp -- -j4 -l4
[1.393s] Level 1:colcon.colcon_core.environment:create_environment_scripts_only(turtlebot3robotcpp)
[1.394s] Level 1:colcon.colcon_core.environment:checking '/home/razanhmede/session9_turtlebot3_razan/session9_turtlebot3_assignmentcpp/install/turtlebot3robotcpp' for CMake module files
[1.395s] Level 1:colcon.colcon_core.environment:checking '/home/razanhmede/session9_turtlebot3_razan/session9_turtlebot3_assignmentcpp/install/turtlebot3robotcpp' for CMake config files
[1.395s] Level 1:colcon.colcon_core.shell:create_environment_hook('turtlebot3robotcpp', 'cmake_prefix_path')
[1.395s] INFO:colcon.colcon_core.shell:Creating environment hook '/home/razanhmede/session9_turtlebot3_razan/session9_turtlebot3_assignmentcpp/install/turtlebot3robotcpp/share/turtlebot3robotcpp/hook/cmake_prefix_path.ps1'
[1.396s] INFO:colcon.colcon_core.shell:Creating environment descriptor '/home/razanhmede/session9_turtlebot3_razan/session9_turtlebot3_assignmentcpp/install/turtlebot3robotcpp/share/turtlebot3robotcpp/hook/cmake_prefix_path.dsv'
[1.396s] INFO:colcon.colcon_core.shell:Creating environment hook '/home/razanhmede/session9_turtlebot3_razan/session9_turtlebot3_assignmentcpp/install/turtlebot3robotcpp/share/turtlebot3robotcpp/hook/cmake_prefix_path.sh'
[1.397s] Level 1:colcon.colcon_core.environment:checking '/home/razanhmede/session9_turtlebot3_razan/session9_turtlebot3_assignmentcpp/install/turtlebot3robotcpp/lib'
[1.398s] Level 1:colcon.colcon_core.environment:checking '/home/razanhmede/session9_turtlebot3_razan/session9_turtlebot3_assignmentcpp/install/turtlebot3robotcpp/bin'
[1.398s] Level 1:colcon.colcon_core.environment:checking '/home/razanhmede/session9_turtlebot3_razan/session9_turtlebot3_assignmentcpp/install/turtlebot3robotcpp/lib/pkgconfig/turtlebot3robotcpp.pc'
[1.398s] Level 1:colcon.colcon_core.environment:checking '/home/razanhmede/session9_turtlebot3_razan/session9_turtlebot3_assignmentcpp/install/turtlebot3robotcpp/lib/python3.10/site-packages'
[1.398s] Level 1:colcon.colcon_core.environment:checking '/home/razanhmede/session9_turtlebot3_razan/session9_turtlebot3_assignmentcpp/install/turtlebot3robotcpp/bin'
[1.399s] INFO:colcon.colcon_core.shell:Creating package script '/home/razanhmede/session9_turtlebot3_razan/session9_turtlebot3_assignmentcpp/install/turtlebot3robotcpp/share/turtlebot3robotcpp/package.ps1'
[1.399s] INFO:colcon.colcon_core.shell:Creating package descriptor '/home/razanhmede/session9_turtlebot3_razan/session9_turtlebot3_assignmentcpp/install/turtlebot3robotcpp/share/turtlebot3robotcpp/package.dsv'
[1.400s] INFO:colcon.colcon_core.shell:Creating package script '/home/razanhmede/session9_turtlebot3_razan/session9_turtlebot3_assignmentcpp/install/turtlebot3robotcpp/share/turtlebot3robotcpp/package.sh'
[1.401s] INFO:colcon.colcon_core.shell:Creating package script '/home/razanhmede/session9_turtlebot3_razan/session9_turtlebot3_assignmentcpp/install/turtlebot3robotcpp/share/turtlebot3robotcpp/package.bash'
[1.401s] INFO:colcon.colcon_core.shell:Creating package script '/home/razanhmede/session9_turtlebot3_razan/session9_turtlebot3_assignmentcpp/install/turtlebot3robotcpp/share/turtlebot3robotcpp/package.zsh'
[1.402s] Level 1:colcon.colcon_core.environment:create_file_with_runtime_dependencies(/home/razanhmede/session9_turtlebot3_razan/session9_turtlebot3_assignmentcpp/install/turtlebot3robotcpp/share/colcon-core/packages/turtlebot3robotcpp)
[1.413s] DEBUG:colcon.colcon_parallel_executor.executor.parallel:closing loop
[1.413s] DEBUG:colcon.colcon_parallel_executor.executor.parallel:loop closed
[1.413s] DEBUG:colcon.colcon_parallel_executor.executor.parallel:run_until_complete finished with '2'
[1.413s] DEBUG:colcon.colcon_core.event_reactor:joining thread
[1.419s] INFO:colcon.colcon_core.plugin_system:Skipping extension 'colcon_notification.desktop_notification.terminal_notifier': Not used on non-Darwin systems
[1.419s] INFO:colcon.colcon_core.plugin_system:Skipping extension 'colcon_notification.desktop_notification.win32': Not used on non-Windows systems
[1.419s] INFO:colcon.colcon_notification.desktop_notification:Sending desktop notification using 'notify2'
[1.436s] DEBUG:colcon.colcon_core.event_reactor:joined thread
[1.436s] INFO:colcon.colcon_core.shell:Creating prefix script '/home/razanhmede/session9_turtlebot3_razan/session9_turtlebot3_assignmentcpp/install/local_setup.ps1'
[1.443s] INFO:colcon.colcon_core.shell:Creating prefix util module '/home/razanhmede/session9_turtlebot3_razan/session9_turtlebot3_assignmentcpp/install/_local_setup_util_ps1.py'
[1.445s] INFO:colcon.colcon_core.shell:Creating prefix chain script '/home/razanhmede/session9_turtlebot3_razan/session9_turtlebot3_assignmentcpp/install/setup.ps1'
[1.446s] INFO:colcon.colcon_core.shell:Creating prefix script '/home/razanhmede/session9_turtlebot3_razan/session9_turtlebot3_assignmentcpp/install/local_setup.sh'
[1.448s] INFO:colcon.colcon_core.shell:Creating prefix util module '/home/razanhmede/session9_turtlebot3_razan/session9_turtlebot3_assignmentcpp/install/_local_setup_util_sh.py'
[1.449s] INFO:colcon.colcon_core.shell:Creating prefix chain script '/home/razanhmede/session9_turtlebot3_razan/session9_turtlebot3_assignmentcpp/install/setup.sh'
[1.451s] INFO:colcon.colcon_core.shell:Creating prefix script '/home/razanhmede/session9_turtlebot3_razan/session9_turtlebot3_assignmentcpp/install/local_setup.bash'
[1.452s] INFO:colcon.colcon_core.shell:Creating prefix chain script '/home/razanhmede/session9_turtlebot3_razan/session9_turtlebot3_assignmentcpp/install/setup.bash'
[1.453s] INFO:colcon.colcon_core.shell:Creating prefix script '/home/razanhmede/session9_turtlebot3_razan/session9_turtlebot3_assignmentcpp/install/local_setup.zsh'
[1.454s] INFO:colcon.colcon_core.shell:Creating prefix chain script '/home/razanhmede/session9_turtlebot3_razan/session9_turtlebot3_assignmentcpp/install/setup.zsh'
