[0.038s] Invoking command in '/home/razanhmede/session9_turtlebot3_razan/session9_turtlebot3_assignmentcpp/build/navigation_robot_custom_interfaces': CMAKE_PREFIX_PATH=/opt/ros/humble /usr/bin/cmake --build /home/razanhmede/session9_turtlebot3_razan/session9_turtlebot3_assignmentcpp/build/navigation_robot_custom_interfaces -- -j4 -l4
[0.254s] [  2%] Built target navigation_robot_custom_interfaces__cpp
[0.260s] [ 12%] Built target navigation_robot_custom_interfaces__rosidl_generator_c
[0.270s] [ 12%] Built target ament_cmake_python_symlink_navigation_robot_custom_interfaces
[0.348s] [ 23%] Built target navigation_robot_custom_interfaces__rosidl_typesupport_fastrtps_cpp
[0.359s] [ 33%] Built target navigation_robot_custom_interfaces__rosidl_typesupport_introspection_cpp
[0.359s] [ 43%] Built target navigation_robot_custom_interfaces__rosidl_typesupport_cpp
[0.371s] [ 53%] Built target navigation_robot_custom_interfaces__rosidl_typesupport_fastrtps_c
[0.408s] [ 64%] Built target navigation_robot_custom_interfaces__rosidl_typesupport_introspection_c
[0.426s] [ 74%] Built target navigation_robot_custom_interfaces__rosidl_typesupport_c
[0.456s] [ 74%] Built target navigation_robot_custom_interfaces
[0.492s] [ 76%] Built target navigation_robot_custom_interfaces__py
[0.556s] [ 84%] Built target navigation_robot_custom_interfaces__rosidl_generator_py
[0.589s] [ 89%] Built target navigation_robot_custom_interfaces__rosidl_typesupport_c__pyext
[0.593s] [ 94%] Built target navigation_robot_custom_interfaces__rosidl_typesupport_fastrtps_c__pyext
[0.595s] [100%] Built target navigation_robot_custom_interfaces__rosidl_typesupport_introspection_c__pyext
[0.775s] running egg_info
[0.777s] writing navigation_robot_custom_interfaces.egg-info/PKG-INFO
[0.778s] writing dependency_links to navigation_robot_custom_interfaces.egg-info/dependency_links.txt
[0.778s] writing top-level names to navigation_robot_custom_interfaces.egg-info/top_level.txt
[0.781s] reading manifest file 'navigation_robot_custom_interfaces.egg-info/SOURCES.txt'
[0.782s] writing manifest file 'navigation_robot_custom_interfaces.egg-info/SOURCES.txt'
[0.829s] [100%] Built target ament_cmake_python_build_navigation_robot_custom_interfaces_egg
[0.866s] Invoked command in '/home/razanhmede/session9_turtlebot3_razan/session9_turtlebot3_assignmentcpp/build/navigation_robot_custom_interfaces' returned '0': CMAKE_PREFIX_PATH=/opt/ros/humble /usr/bin/cmake --build /home/razanhmede/session9_turtlebot3_razan/session9_turtlebot3_assignmentcpp/build/navigation_robot_custom_interfaces -- -j4 -l4
[1.097s] Invoking command in '/home/razanhmede/session9_turtlebot3_razan/session9_turtlebot3_assignmentcpp/build/navigation_robot_custom_interfaces': CMAKE_PREFIX_PATH=/opt/ros/humble /usr/bin/cmake --install /home/razanhmede/session9_turtlebot3_razan/session9_turtlebot3_assignmentcpp/build/navigation_robot_custom_interfaces
[1.106s] -- Install configuration: ""
[1.110s] -- Execute custom install script
[1.110s] -- Up-to-date symlink: /home/razanhmede/session9_turtlebot3_razan/session9_turtlebot3_assignmentcpp/install/navigation_robot_custom_interfaces/share/ament_index/resource_index/rosidl_interfaces/navigation_robot_custom_interfaces
[1.112s] -- Up-to-date symlink: /home/razanhmede/session9_turtlebot3_razan/session9_turtlebot3_assignmentcpp/install/navigation_robot_custom_interfaces/include/navigation_robot_custom_interfaces/navigation_robot_custom_interfaces/action/detail/measure_lap_time__functions.h
[1.113s] -- Up-to-date symlink: /home/razanhmede/session9_turtlebot3_razan/session9_turtlebot3_assignmentcpp/install/navigation_robot_custom_interfaces/include/navigation_robot_custom_interfaces/navigation_robot_custom_interfaces/action/detail/measure_lap_time__struct.h
[1.113s] -- Up-to-date symlink: /home/razanhmede/session9_turtlebot3_razan/session9_turtlebot3_assignmentcpp/install/navigation_robot_custom_interfaces/include/navigation_robot_custom_interfaces/navigation_robot_custom_interfaces/action/detail/measure_lap_time__type_support.h
[1.114s] -- Up-to-date symlink: /home/razanhmede/session9_turtlebot3_razan/session9_turtlebot3_assignmentcpp/install/navigation_robot_custom_interfaces/include/navigation_robot_custom_interfaces/navigation_robot_custom_interfaces/action/measure_lap_time.h
[1.115s] -- Up-to-date symlink: /home/razanhmede/session9_turtlebot3_razan/session9_turtlebot3_assignmentcpp/install/navigation_robot_custom_interfaces/include/navigation_robot_custom_interfaces/navigation_robot_custom_interfaces/msg/rosidl_generator_c__visibility_control.h
[1.116s] -- Up-to-date symlink: /home/razanhmede/session9_turtlebot3_razan/session9_turtlebot3_assignmentcpp/install/navigation_robot_custom_interfaces/include/navigation_robot_custom_interfaces/navigation_robot_custom_interfaces/srv/detail/find_closest_wall__functions.h
[1.119s] -- Up-to-date symlink: /home/razanhmede/session9_turtlebot3_razan/session9_turtlebot3_assignmentcpp/install/navigation_robot_custom_interfaces/include/navigation_robot_custom_interfaces/navigation_robot_custom_interfaces/srv/detail/find_closest_wall__struct.h
[1.120s] -- Up-to-date symlink: /home/razanhmede/session9_turtlebot3_razan/session9_turtlebot3_assignmentcpp/install/navigation_robot_custom_interfaces/include/navigation_robot_custom_interfaces/navigation_robot_custom_interfaces/srv/detail/find_closest_wall__type_support.h
[1.120s] -- Up-to-date symlink: /home/razanhmede/session9_turtlebot3_razan/session9_turtlebot3_assignmentcpp/install/navigation_robot_custom_interfaces/include/navigation_robot_custom_interfaces/navigation_robot_custom_interfaces/srv/find_closest_wall.h
[1.121s] -- Up-to-date symlink: /home/razanhmede/session9_turtlebot3_razan/session9_turtlebot3_assignmentcpp/install/navigation_robot_custom_interfaces/share/navigation_robot_custom_interfaces/environment/library_path.sh
[1.122s] -- Up-to-date symlink: /home/razanhmede/session9_turtlebot3_razan/session9_turtlebot3_assignmentcpp/install/navigation_robot_custom_interfaces/share/navigation_robot_custom_interfaces/environment/library_path.dsv
[1.133s] -- Up-to-date symlink: /home/razanhmede/session9_turtlebot3_razan/session9_turtlebot3_assignmentcpp/install/navigation_robot_custom_interfaces/include/navigation_robot_custom_interfaces/navigation_robot_custom_interfaces/action/detail/measure_lap_time__rosidl_typesupport_fastrtps_c.h
[1.133s] -- Up-to-date symlink: /home/razanhmede/session9_turtlebot3_razan/session9_turtlebot3_assignmentcpp/install/navigation_robot_custom_interfaces/include/navigation_robot_custom_interfaces/navigation_robot_custom_interfaces/msg/rosidl_typesupport_fastrtps_c__visibility_control.h
[1.134s] -- Up-to-date symlink: /home/razanhmede/session9_turtlebot3_razan/session9_turtlebot3_assignmentcpp/install/navigation_robot_custom_interfaces/include/navigation_robot_custom_interfaces/navigation_robot_custom_interfaces/srv/detail/find_closest_wall__rosidl_typesupport_fastrtps_c.h
[1.134s] -- Up-to-date symlink: /home/razanhmede/session9_turtlebot3_razan/session9_turtlebot3_assignmentcpp/install/navigation_robot_custom_interfaces/include/navigation_robot_custom_interfaces/navigation_robot_custom_interfaces/action/detail/measure_lap_time__builder.hpp
[1.134s] -- Up-to-date symlink: /home/razanhmede/session9_turtlebot3_razan/session9_turtlebot3_assignmentcpp/install/navigation_robot_custom_interfaces/include/navigation_robot_custom_interfaces/navigation_robot_custom_interfaces/action/detail/measure_lap_time__struct.hpp
[1.134s] -- Up-to-date symlink: /home/razanhmede/session9_turtlebot3_razan/session9_turtlebot3_assignmentcpp/install/navigation_robot_custom_interfaces/include/navigation_robot_custom_interfaces/navigation_robot_custom_interfaces/action/detail/measure_lap_time__traits.hpp
[1.134s] -- Up-to-date symlink: /home/razanhmede/session9_turtlebot3_razan/session9_turtlebot3_assignmentcpp/install/navigation_robot_custom_interfaces/include/navigation_robot_custom_interfaces/navigation_robot_custom_interfaces/action/measure_lap_time.hpp
[1.134s] -- Up-to-date symlink: /home/razanhmede/session9_turtlebot3_razan/session9_turtlebot3_assignmentcpp/install/navigation_robot_custom_interfaces/include/navigation_robot_custom_interfaces/navigation_robot_custom_interfaces/srv/detail/find_closest_wall__builder.hpp
[1.134s] -- Up-to-date symlink: /home/razanhmede/session9_turtlebot3_razan/session9_turtlebot3_assignmentcpp/install/navigation_robot_custom_interfaces/include/navigation_robot_custom_interfaces/navigation_robot_custom_interfaces/srv/detail/find_closest_wall__struct.hpp
[1.134s] -- Up-to-date symlink: /home/razanhmede/session9_turtlebot3_razan/session9_turtlebot3_assignmentcpp/install/navigation_robot_custom_interfaces/include/navigation_robot_custom_interfaces/navigation_robot_custom_interfaces/srv/detail/find_closest_wall__traits.hpp
[1.134s] -- Up-to-date symlink: /home/razanhmede/session9_turtlebot3_razan/session9_turtlebot3_assignmentcpp/install/navigation_robot_custom_interfaces/include/navigation_robot_custom_interfaces/navigation_robot_custom_interfaces/srv/find_closest_wall.hpp
[1.134s] -- Up-to-date symlink: /home/razanhmede/session9_turtlebot3_razan/session9_turtlebot3_assignmentcpp/install/navigation_robot_custom_interfaces/include/navigation_robot_custom_interfaces/navigation_robot_custom_interfaces/action/detail/measure_lap_time__rosidl_typesupport_fastrtps_cpp.hpp
[1.134s] -- Up-to-date symlink: /home/razanhmede/session9_turtlebot3_razan/session9_turtlebot3_assignmentcpp/install/navigation_robot_custom_interfaces/include/navigation_robot_custom_interfaces/navigation_robot_custom_interfaces/msg/rosidl_typesupport_fastrtps_cpp__visibility_control.h
[1.134s] -- Up-to-date symlink: /home/razanhmede/session9_turtlebot3_razan/session9_turtlebot3_assignmentcpp/install/navigation_robot_custom_interfaces/include/navigation_robot_custom_interfaces/navigation_robot_custom_interfaces/srv/detail/find_closest_wall__rosidl_typesupport_fastrtps_cpp.hpp
[1.141s] -- Up-to-date symlink: /home/razanhmede/session9_turtlebot3_razan/session9_turtlebot3_assignmentcpp/install/navigation_robot_custom_interfaces/include/navigation_robot_custom_interfaces/navigation_robot_custom_interfaces/action/detail/measure_lap_time__rosidl_typesupport_introspection_c.h
[1.142s] -- Up-to-date symlink: /home/razanhmede/session9_turtlebot3_razan/session9_turtlebot3_assignmentcpp/install/navigation_robot_custom_interfaces/include/navigation_robot_custom_interfaces/navigation_robot_custom_interfaces/msg/rosidl_typesupport_introspection_c__visibility_control.h
[1.142s] -- Up-to-date symlink: /home/razanhmede/session9_turtlebot3_razan/session9_turtlebot3_assignmentcpp/install/navigation_robot_custom_interfaces/include/navigation_robot_custom_interfaces/navigation_robot_custom_interfaces/srv/detail/find_closest_wall__rosidl_typesupport_introspection_c.h
[1.143s] -- Up-to-date symlink: /home/razanhmede/session9_turtlebot3_razan/session9_turtlebot3_assignmentcpp/install/navigation_robot_custom_interfaces/include/navigation_robot_custom_interfaces/navigation_robot_custom_interfaces/action/detail/measure_lap_time__rosidl_typesupport_introspection_cpp.hpp
[1.143s] -- Up-to-date symlink: /home/razanhmede/session9_turtlebot3_razan/session9_turtlebot3_assignmentcpp/install/navigation_robot_custom_interfaces/include/navigation_robot_custom_interfaces/navigation_robot_custom_interfaces/srv/detail/find_closest_wall__rosidl_typesupport_introspection_cpp.hpp
[1.144s] -- Up-to-date symlink: /home/razanhmede/session9_turtlebot3_razan/session9_turtlebot3_assignmentcpp/install/navigation_robot_custom_interfaces/share/navigation_robot_custom_interfaces/environment/pythonpath.sh
[1.144s] -- Up-to-date symlink: /home/razanhmede/session9_turtlebot3_razan/session9_turtlebot3_assignmentcpp/install/navigation_robot_custom_interfaces/share/navigation_robot_custom_interfaces/environment/pythonpath.dsv
[1.145s] -- Up-to-date symlink: /home/razanhmede/session9_turtlebot3_razan/session9_turtlebot3_assignmentcpp/install/navigation_robot_custom_interfaces/local/lib/python3.10/dist-packages/navigation_robot_custom_interfaces-0.0.0-py3.10.egg-info/PKG-INFO
[1.146s] -- Up-to-date symlink: /home/razanhmede/session9_turtlebot3_razan/session9_turtlebot3_assignmentcpp/install/navigation_robot_custom_interfaces/local/lib/python3.10/dist-packages/navigation_robot_custom_interfaces-0.0.0-py3.10.egg-info/SOURCES.txt
[1.146s] -- Up-to-date symlink: /home/razanhmede/session9_turtlebot3_razan/session9_turtlebot3_assignmentcpp/install/navigation_robot_custom_interfaces/local/lib/python3.10/dist-packages/navigation_robot_custom_interfaces-0.0.0-py3.10.egg-info/dependency_links.txt
[1.147s] -- Up-to-date symlink: /home/razanhmede/session9_turtlebot3_razan/session9_turtlebot3_assignmentcpp/install/navigation_robot_custom_interfaces/local/lib/python3.10/dist-packages/navigation_robot_custom_interfaces-0.0.0-py3.10.egg-info/top_level.txt
[1.147s] -- Up-to-date symlink: /home/razanhmede/session9_turtlebot3_razan/session9_turtlebot3_assignmentcpp/install/navigation_robot_custom_interfaces/local/lib/python3.10/dist-packages/navigation_robot_custom_interfaces/__init__.py
[1.148s] -- Up-to-date symlink: /home/razanhmede/session9_turtlebot3_razan/session9_turtlebot3_assignmentcpp/install/navigation_robot_custom_interfaces/local/lib/python3.10/dist-packages/navigation_robot_custom_interfaces/_navigation_robot_custom_interfaces_s.ep.rosidl_typesupport_c.c
[1.148s] -- Up-to-date symlink: /home/razanhmede/session9_turtlebot3_razan/session9_turtlebot3_assignmentcpp/install/navigation_robot_custom_interfaces/local/lib/python3.10/dist-packages/navigation_robot_custom_interfaces/_navigation_robot_custom_interfaces_s.ep.rosidl_typesupport_fastrtps_c.c
[1.148s] -- Up-to-date symlink: /home/razanhmede/session9_turtlebot3_razan/session9_turtlebot3_assignmentcpp/install/navigation_robot_custom_interfaces/local/lib/python3.10/dist-packages/navigation_robot_custom_interfaces/_navigation_robot_custom_interfaces_s.ep.rosidl_typesupport_introspection_c.c
[1.148s] -- Up-to-date symlink: /home/razanhmede/session9_turtlebot3_razan/session9_turtlebot3_assignmentcpp/install/navigation_robot_custom_interfaces/local/lib/python3.10/dist-packages/navigation_robot_custom_interfaces/action/__init__.py
[1.149s] -- Up-to-date symlink: /home/razanhmede/session9_turtlebot3_razan/session9_turtlebot3_assignmentcpp/install/navigation_robot_custom_interfaces/local/lib/python3.10/dist-packages/navigation_robot_custom_interfaces/action/_measure_lap_time.py
[1.149s] -- Up-to-date symlink: /home/razanhmede/session9_turtlebot3_razan/session9_turtlebot3_assignmentcpp/install/navigation_robot_custom_interfaces/local/lib/python3.10/dist-packages/navigation_robot_custom_interfaces/action/_measure_lap_time_s.c
[1.149s] -- Up-to-date symlink: /home/razanhmede/session9_turtlebot3_razan/session9_turtlebot3_assignmentcpp/install/navigation_robot_custom_interfaces/local/lib/python3.10/dist-packages/navigation_robot_custom_interfaces/libnavigation_robot_custom_interfaces__rosidl_generator_py.so
[1.150s] -- Up-to-date symlink: /home/razanhmede/session9_turtlebot3_razan/session9_turtlebot3_assignmentcpp/install/navigation_robot_custom_interfaces/local/lib/python3.10/dist-packages/navigation_robot_custom_interfaces/navigation_robot_custom_interfaces_s__rosidl_typesupport_c.cpython-310-x86_64-linux-gnu.so
[1.155s] -- Up-to-date symlink: /home/razanhmede/session9_turtlebot3_razan/session9_turtlebot3_assignmentcpp/install/navigation_robot_custom_interfaces/local/lib/python3.10/dist-packages/navigation_robot_custom_interfaces/navigation_robot_custom_interfaces_s__rosidl_typesupport_fastrtps_c.cpython-310-x86_64-linux-gnu.so
[1.157s] -- Up-to-date symlink: /home/razanhmede/session9_turtlebot3_razan/session9_turtlebot3_assignmentcpp/install/navigation_robot_custom_interfaces/local/lib/python3.10/dist-packages/navigation_robot_custom_interfaces/navigation_robot_custom_interfaces_s__rosidl_typesupport_introspection_c.cpython-310-x86_64-linux-gnu.so
[1.158s] -- Up-to-date symlink: /home/razanhmede/session9_turtlebot3_razan/session9_turtlebot3_assignmentcpp/install/navigation_robot_custom_interfaces/local/lib/python3.10/dist-packages/navigation_robot_custom_interfaces/srv/__init__.py
[1.158s] -- Up-to-date symlink: /home/razanhmede/session9_turtlebot3_razan/session9_turtlebot3_assignmentcpp/install/navigation_robot_custom_interfaces/local/lib/python3.10/dist-packages/navigation_robot_custom_interfaces/srv/_find_closest_wall.py
[1.158s] -- Up-to-date symlink: /home/razanhmede/session9_turtlebot3_razan/session9_turtlebot3_assignmentcpp/install/navigation_robot_custom_interfaces/local/lib/python3.10/dist-packages/navigation_robot_custom_interfaces/srv/_find_closest_wall_s.c
[1.160s] -- Up-to-date symlink: /home/razanhmede/session9_turtlebot3_razan/session9_turtlebot3_assignmentcpp/install/navigation_robot_custom_interfaces/local/lib/python3.10/dist-packages/navigation_robot_custom_interfaces/navigation_robot_custom_interfaces_s__rosidl_typesupport_fastrtps_c.cpython-310-x86_64-linux-gnu.so
[1.161s] -- Up-to-date symlink: /home/razanhmede/session9_turtlebot3_razan/session9_turtlebot3_assignmentcpp/install/navigation_robot_custom_interfaces/local/lib/python3.10/dist-packages/navigation_robot_custom_interfaces/navigation_robot_custom_interfaces_s__rosidl_typesupport_introspection_c.cpython-310-x86_64-linux-gnu.so
[1.163s] -- Up-to-date symlink: /home/razanhmede/session9_turtlebot3_razan/session9_turtlebot3_assignmentcpp/install/navigation_robot_custom_interfaces/local/lib/python3.10/dist-packages/navigation_robot_custom_interfaces/navigation_robot_custom_interfaces_s__rosidl_typesupport_c.cpython-310-x86_64-linux-gnu.so
[1.163s] -- Up-to-date symlink: /home/razanhmede/session9_turtlebot3_razan/session9_turtlebot3_assignmentcpp/install/navigation_robot_custom_interfaces/share/navigation_robot_custom_interfaces/srv/FindClosestWall.idl
[1.163s] -- Up-to-date symlink: /home/razanhmede/session9_turtlebot3_razan/session9_turtlebot3_assignmentcpp/install/navigation_robot_custom_interfaces/share/navigation_robot_custom_interfaces/action/MeasureLapTime.idl
[1.163s] -- Up-to-date symlink: /home/razanhmede/session9_turtlebot3_razan/session9_turtlebot3_assignmentcpp/install/navigation_robot_custom_interfaces/share/navigation_robot_custom_interfaces/srv/FindClosestWall.srv
[1.163s] -- Up-to-date symlink: /home/razanhmede/session9_turtlebot3_razan/session9_turtlebot3_assignmentcpp/install/navigation_robot_custom_interfaces/share/navigation_robot_custom_interfaces/srv/FindClosestWall_Request.msg
[1.163s] -- Up-to-date symlink: /home/razanhmede/session9_turtlebot3_razan/session9_turtlebot3_assignmentcpp/install/navigation_robot_custom_interfaces/share/navigation_robot_custom_interfaces/srv/FindClosestWall_Response.msg
[1.164s] -- Up-to-date symlink: /home/razanhmede/session9_turtlebot3_razan/session9_turtlebot3_assignmentcpp/install/navigation_robot_custom_interfaces/share/navigation_robot_custom_interfaces/action/MeasureLapTime.action
[1.164s] -- Up-to-date symlink: /home/razanhmede/session9_turtlebot3_razan/session9_turtlebot3_assignmentcpp/install/navigation_robot_custom_interfaces/share/ament_index/resource_index/package_run_dependencies/navigation_robot_custom_interfaces
[1.164s] -- Up-to-date symlink: /home/razanhmede/session9_turtlebot3_razan/session9_turtlebot3_assignmentcpp/install/navigation_robot_custom_interfaces/share/ament_index/resource_index/parent_prefix_path/navigation_robot_custom_interfaces
[1.164s] -- Up-to-date symlink: /home/razanhmede/session9_turtlebot3_razan/session9_turtlebot3_assignmentcpp/install/navigation_robot_custom_interfaces/share/navigation_robot_custom_interfaces/environment/ament_prefix_path.sh
[1.164s] -- Up-to-date symlink: /home/razanhmede/session9_turtlebot3_razan/session9_turtlebot3_assignmentcpp/install/navigation_robot_custom_interfaces/share/navigation_robot_custom_interfaces/environment/ament_prefix_path.dsv
[1.164s] -- Up-to-date symlink: /home/razanhmede/session9_turtlebot3_razan/session9_turtlebot3_assignmentcpp/install/navigation_robot_custom_interfaces/share/navigation_robot_custom_interfaces/environment/path.sh
[1.164s] -- Up-to-date symlink: /home/razanhmede/session9_turtlebot3_razan/session9_turtlebot3_assignmentcpp/install/navigation_robot_custom_interfaces/share/navigation_robot_custom_interfaces/environment/path.dsv
[1.165s] -- Up-to-date symlink: /home/razanhmede/session9_turtlebot3_razan/session9_turtlebot3_assignmentcpp/install/navigation_robot_custom_interfaces/share/navigation_robot_custom_interfaces/local_setup.bash
[1.165s] -- Up-to-date symlink: /home/razanhmede/session9_turtlebot3_razan/session9_turtlebot3_assignmentcpp/install/navigation_robot_custom_interfaces/share/navigation_robot_custom_interfaces/local_setup.sh
[1.165s] -- Up-to-date symlink: /home/razanhmede/session9_turtlebot3_razan/session9_turtlebot3_assignmentcpp/install/navigation_robot_custom_interfaces/share/navigation_robot_custom_interfaces/local_setup.zsh
[1.165s] -- Up-to-date symlink: /home/razanhmede/session9_turtlebot3_razan/session9_turtlebot3_assignmentcpp/install/navigation_robot_custom_interfaces/share/navigation_robot_custom_interfaces/local_setup.dsv
[1.165s] -- Symlinking: /home/razanhmede/session9_turtlebot3_razan/session9_turtlebot3_assignmentcpp/install/navigation_robot_custom_interfaces/share/navigation_robot_custom_interfaces/package.dsv
[1.196s] -- Up-to-date symlink: /home/razanhmede/session9_turtlebot3_razan/session9_turtlebot3_assignmentcpp/install/navigation_robot_custom_interfaces/share/ament_index/resource_index/packages/navigation_robot_custom_interfaces
[1.196s] -- Up-to-date symlink: /home/razanhmede/session9_turtlebot3_razan/session9_turtlebot3_assignmentcpp/install/navigation_robot_custom_interfaces/share/navigation_robot_custom_interfaces/cmake/rosidl_cmake-extras.cmake
[1.196s] -- Up-to-date symlink: /home/razanhmede/session9_turtlebot3_razan/session9_turtlebot3_assignmentcpp/install/navigation_robot_custom_interfaces/share/navigation_robot_custom_interfaces/cmake/ament_cmake_export_dependencies-extras.cmake
[1.197s] -- Up-to-date symlink: /home/razanhmede/session9_turtlebot3_razan/session9_turtlebot3_assignmentcpp/install/navigation_robot_custom_interfaces/share/navigation_robot_custom_interfaces/cmake/ament_cmake_export_include_directories-extras.cmake
[1.197s] -- Up-to-date symlink: /home/razanhmede/session9_turtlebot3_razan/session9_turtlebot3_assignmentcpp/install/navigation_robot_custom_interfaces/share/navigation_robot_custom_interfaces/cmake/ament_cmake_export_libraries-extras.cmake
[1.198s] -- Up-to-date symlink: /home/razanhmede/session9_turtlebot3_razan/session9_turtlebot3_assignmentcpp/install/navigation_robot_custom_interfaces/share/navigation_robot_custom_interfaces/cmake/ament_cmake_export_targets-extras.cmake
[1.198s] -- Up-to-date symlink: /home/razanhmede/session9_turtlebot3_razan/session9_turtlebot3_assignmentcpp/install/navigation_robot_custom_interfaces/share/navigation_robot_custom_interfaces/cmake/rosidl_cmake_export_typesupport_targets-extras.cmake
[1.198s] -- Up-to-date symlink: /home/razanhmede/session9_turtlebot3_razan/session9_turtlebot3_assignmentcpp/install/navigation_robot_custom_interfaces/share/navigation_robot_custom_interfaces/cmake/rosidl_cmake_export_typesupport_libraries-extras.cmake
[1.198s] -- Up-to-date symlink: /home/razanhmede/session9_turtlebot3_razan/session9_turtlebot3_assignmentcpp/install/navigation_robot_custom_interfaces/share/navigation_robot_custom_interfaces/cmake/navigation_robot_custom_interfacesConfig.cmake
[1.198s] -- Up-to-date symlink: /home/razanhmede/session9_turtlebot3_razan/session9_turtlebot3_assignmentcpp/install/navigation_robot_custom_interfaces/share/navigation_robot_custom_interfaces/cmake/navigation_robot_custom_interfacesConfig-version.cmake
[1.198s] -- Up-to-date symlink: /home/razanhmede/session9_turtlebot3_razan/session9_turtlebot3_assignmentcpp/install/navigation_robot_custom_interfaces/share/navigation_robot_custom_interfaces/package.xml
[1.235s] -- Up-to-date: /home/razanhmede/session9_turtlebot3_razan/session9_turtlebot3_assignmentcpp/install/navigation_robot_custom_interfaces/lib/libnavigation_robot_custom_interfaces__rosidl_generator_c.so
[1.247s] -- Up-to-date: /home/razanhmede/session9_turtlebot3_razan/session9_turtlebot3_assignmentcpp/install/navigation_robot_custom_interfaces/lib/libnavigation_robot_custom_interfaces__rosidl_typesupport_fastrtps_c.so
[1.249s] -- Up-to-date: /home/razanhmede/session9_turtlebot3_razan/session9_turtlebot3_assignmentcpp/install/navigation_robot_custom_interfaces/lib/libnavigation_robot_custom_interfaces__rosidl_typesupport_fastrtps_cpp.so
[1.252s] -- Up-to-date: /home/razanhmede/session9_turtlebot3_razan/session9_turtlebot3_assignmentcpp/install/navigation_robot_custom_interfaces/lib/libnavigation_robot_custom_interfaces__rosidl_typesupport_introspection_c.so
[1.254s] -- Up-to-date: /home/razanhmede/session9_turtlebot3_razan/session9_turtlebot3_assignmentcpp/install/navigation_robot_custom_interfaces/lib/libnavigation_robot_custom_interfaces__rosidl_typesupport_c.so
[1.256s] -- Up-to-date: /home/razanhmede/session9_turtlebot3_razan/session9_turtlebot3_assignmentcpp/install/navigation_robot_custom_interfaces/lib/libnavigation_robot_custom_interfaces__rosidl_typesupport_introspection_cpp.so
[1.258s] -- Up-to-date: /home/razanhmede/session9_turtlebot3_razan/session9_turtlebot3_assignmentcpp/install/navigation_robot_custom_interfaces/lib/libnavigation_robot_custom_interfaces__rosidl_typesupport_cpp.so
[1.309s] Listing '/home/razanhmede/session9_turtlebot3_razan/session9_turtlebot3_assignmentcpp/install/navigation_robot_custom_interfaces/local/lib/python3.10/dist-packages/navigation_robot_custom_interfaces'...
[1.310s] Listing '/home/razanhmede/session9_turtlebot3_razan/session9_turtlebot3_assignmentcpp/install/navigation_robot_custom_interfaces/local/lib/python3.10/dist-packages/navigation_robot_custom_interfaces/action'...
[1.310s] Listing '/home/razanhmede/session9_turtlebot3_razan/session9_turtlebot3_assignmentcpp/install/navigation_robot_custom_interfaces/local/lib/python3.10/dist-packages/navigation_robot_custom_interfaces/srv'...
[1.321s] -- Up-to-date: /home/razanhmede/session9_turtlebot3_razan/session9_turtlebot3_assignmentcpp/install/navigation_robot_custom_interfaces/lib/libnavigation_robot_custom_interfaces__rosidl_generator_py.so
[1.321s] -- Up-to-date: /home/razanhmede/session9_turtlebot3_razan/session9_turtlebot3_assignmentcpp/install/navigation_robot_custom_interfaces/share/navigation_robot_custom_interfaces/cmake/export_navigation_robot_custom_interfaces__rosidl_generator_cExport.cmake
[1.321s] -- Up-to-date: /home/razanhmede/session9_turtlebot3_razan/session9_turtlebot3_assignmentcpp/install/navigation_robot_custom_interfaces/share/navigation_robot_custom_interfaces/cmake/export_navigation_robot_custom_interfaces__rosidl_generator_cExport-noconfig.cmake
[1.321s] -- Up-to-date: /home/razanhmede/session9_turtlebot3_razan/session9_turtlebot3_assignmentcpp/install/navigation_robot_custom_interfaces/share/navigation_robot_custom_interfaces/cmake/export_navigation_robot_custom_interfaces__rosidl_typesupport_fastrtps_cExport.cmake
[1.322s] -- Up-to-date: /home/razanhmede/session9_turtlebot3_razan/session9_turtlebot3_assignmentcpp/install/navigation_robot_custom_interfaces/share/navigation_robot_custom_interfaces/cmake/export_navigation_robot_custom_interfaces__rosidl_typesupport_fastrtps_cExport-noconfig.cmake
[1.322s] -- Up-to-date: /home/razanhmede/session9_turtlebot3_razan/session9_turtlebot3_assignmentcpp/install/navigation_robot_custom_interfaces/share/navigation_robot_custom_interfaces/cmake/export_navigation_robot_custom_interfaces__rosidl_generator_cppExport.cmake
[1.322s] -- Up-to-date: /home/razanhmede/session9_turtlebot3_razan/session9_turtlebot3_assignmentcpp/install/navigation_robot_custom_interfaces/share/navigation_robot_custom_interfaces/cmake/export_navigation_robot_custom_interfaces__rosidl_typesupport_fastrtps_cppExport.cmake
[1.322s] -- Up-to-date: /home/razanhmede/session9_turtlebot3_razan/session9_turtlebot3_assignmentcpp/install/navigation_robot_custom_interfaces/share/navigation_robot_custom_interfaces/cmake/export_navigation_robot_custom_interfaces__rosidl_typesupport_fastrtps_cppExport-noconfig.cmake
[1.322s] -- Up-to-date: /home/razanhmede/session9_turtlebot3_razan/session9_turtlebot3_assignmentcpp/install/navigation_robot_custom_interfaces/share/navigation_robot_custom_interfaces/cmake/navigation_robot_custom_interfaces__rosidl_typesupport_introspection_cExport.cmake
[1.322s] -- Up-to-date: /home/razanhmede/session9_turtlebot3_razan/session9_turtlebot3_assignmentcpp/install/navigation_robot_custom_interfaces/share/navigation_robot_custom_interfaces/cmake/navigation_robot_custom_interfaces__rosidl_typesupport_introspection_cExport-noconfig.cmake
[1.322s] -- Up-to-date: /home/razanhmede/session9_turtlebot3_razan/session9_turtlebot3_assignmentcpp/install/navigation_robot_custom_interfaces/share/navigation_robot_custom_interfaces/cmake/navigation_robot_custom_interfaces__rosidl_typesupport_cExport.cmake
[1.322s] -- Up-to-date: /home/razanhmede/session9_turtlebot3_razan/session9_turtlebot3_assignmentcpp/install/navigation_robot_custom_interfaces/share/navigation_robot_custom_interfaces/cmake/navigation_robot_custom_interfaces__rosidl_typesupport_cExport-noconfig.cmake
[1.323s] -- Up-to-date: /home/razanhmede/session9_turtlebot3_razan/session9_turtlebot3_assignmentcpp/install/navigation_robot_custom_interfaces/share/navigation_robot_custom_interfaces/cmake/navigation_robot_custom_interfaces__rosidl_typesupport_introspection_cppExport.cmake
[1.323s] -- Up-to-date: /home/razanhmede/session9_turtlebot3_razan/session9_turtlebot3_assignmentcpp/install/navigation_robot_custom_interfaces/share/navigation_robot_custom_interfaces/cmake/navigation_robot_custom_interfaces__rosidl_typesupport_introspection_cppExport-noconfig.cmake
[1.323s] -- Up-to-date: /home/razanhmede/session9_turtlebot3_razan/session9_turtlebot3_assignmentcpp/install/navigation_robot_custom_interfaces/share/navigation_robot_custom_interfaces/cmake/navigation_robot_custom_interfaces__rosidl_typesupport_cppExport.cmake
[1.323s] -- Up-to-date: /home/razanhmede/session9_turtlebot3_razan/session9_turtlebot3_assignmentcpp/install/navigation_robot_custom_interfaces/share/navigation_robot_custom_interfaces/cmake/navigation_robot_custom_interfaces__rosidl_typesupport_cppExport-noconfig.cmake
[1.323s] -- Up-to-date: /home/razanhmede/session9_turtlebot3_razan/session9_turtlebot3_assignmentcpp/install/navigation_robot_custom_interfaces/share/navigation_robot_custom_interfaces/cmake/export_navigation_robot_custom_interfaces__rosidl_generator_pyExport.cmake
[1.323s] -- Up-to-date: /home/razanhmede/session9_turtlebot3_razan/session9_turtlebot3_assignmentcpp/install/navigation_robot_custom_interfaces/share/navigation_robot_custom_interfaces/cmake/export_navigation_robot_custom_interfaces__rosidl_generator_pyExport-noconfig.cmake
[1.326s] Invoked command in '/home/razanhmede/session9_turtlebot3_razan/session9_turtlebot3_assignmentcpp/build/navigation_robot_custom_interfaces' returned '0': CMAKE_PREFIX_PATH=/opt/ros/humble /usr/bin/cmake --install /home/razanhmede/session9_turtlebot3_razan/session9_turtlebot3_assignmentcpp/build/navigation_robot_custom_interfaces
