-- Found ament_cmake: 1.3.9 (/opt/ros/humble/share/ament_cmake/cmake)
-- Override CMake install command with custom implementation using symlinks instead of copying resources
-- Found rclcpp: 16.0.9 (/opt/ros/humble/share/rclcpp/cmake)
-- Found rosidl_generator_c: 3.1.5 (/opt/ros/humble/share/rosidl_generator_c/cmake)
-- Found rosidl_adapter: 3.1.5 (/opt/ros/humble/share/rosidl_adapter/cmake)
-- Found rosidl_generator_cpp: 3.1.5 (/opt/ros/humble/share/rosidl_generator_cpp/cmake)
-- Using all available rosidl_typesupport_c: rosidl_typesupport_fastrtps_c;rosidl_typesupport_introspection_c
-- Using all available rosidl_typesupport_cpp: rosidl_typesupport_fastrtps_cpp;rosidl_typesupport_introspection_cpp
-- Found rmw_implementation_cmake: 6.1.2 (/opt/ros/humble/share/rmw_implementation_cmake/cmake)
-- Found rmw_fastrtps_cpp: 6.2.6 (/opt/ros/humble/share/rmw_fastrtps_cpp/cmake)
-- Using RMW implementation 'rmw_fastrtps_cpp' as default
-- Found sensor_msgs: 4.2.4 (/opt/ros/humble/share/sensor_msgs/cmake)
-- Found nav_msgs: 4.2.4 (/opt/ros/humble/share/nav_msgs/cmake)
-- Found navigation_robot_custom_interfaces: 0.0.0 (/home/razanhmede/session9_turtlebot3_razan/session9_turtlebot3_assignmentcpp/install/navigation_robot_custom_interfaces/share/navigation_robot_custom_interfaces/cmake)
-- Found tf2: 0.25.7 (/opt/ros/humble/share/tf2/cmake)
-- Found tf2_ros: 0.25.7 (/opt/ros/humble/share/tf2_ros/cmake)
-- Configuring done
-- Generating done
-- Build files have been written to: /home/razanhmede/session9_turtlebot3_razan/session9_turtlebot3_assignmentcpp/build/turtlebot3robotcpp
[35m[1mConsolidate compiler generated dependencies of target robot_driver_node[0m
[ 33%] Built target robot_driver_node
[ 50%] [32mBuilding CXX object CMakeFiles/lap_time_server.dir/src/lap_time_server.cpp.o[0m
In file included from [01m[K/home/razanhmede/session9_turtlebot3_razan/session9_turtlebot3_assignmentcpp/src/turtlebot3robotcpp/src/lap_time_server.cpp:1[m[K:
[01m[K/home/razanhmede/session9_turtlebot3_razan/session9_turtlebot3_assignmentcpp/src/turtlebot3robotcpp/include/turtlebot3robotcpp/lap_time_server.hpp:15:77:[m[K [01;31m[Kerror: [m[K‘[01m[KGoalHandle[m[K’ in ‘[01m[Kclass rclcpp_action::Server<navigation_robot_custom_interfaces::action::MeasureLapTime>[m[K’ does not name a type
   15 | ureLapTime = rclcpp_action::Server<MeasureLapTime>::[01;31m[KGoalHandle[m[K;
      |                                                     [01;31m[K^~~~~~~~~~[m[K

In file included from [01m[K/home/razanhmede/session9_turtlebot3_razan/session9_turtlebot3_assignmentcpp/src/turtlebot3robotcpp/src/lap_time_server.cpp:1[m[K:
[01m[K/home/razanhmede/session9_turtlebot3_razan/session9_turtlebot3_assignmentcpp/src/turtlebot3robotcpp/include/turtlebot3robotcpp/lap_time_server.hpp:34:71:[m[K [01;31m[Kerror: [m[K‘[01m[KGoalHandleMeasureLapTime[m[K’ was not declared in this scope
   34 | :CancelResponse handle_cancel(const std::shared_ptr<[01;31m[KGoalHandleMeasureLapTime[m[K> goal_handle);
      |                                                     [01;31m[K^~~~~~~~~~~~~~~~~~~~~~~~[m[K

[01m[K/home/razanhmede/session9_turtlebot3_razan/session9_turtlebot3_assignmentcpp/src/turtlebot3robotcpp/include/turtlebot3robotcpp/lap_time_server.hpp:34:95:[m[K [01;31m[Kerror: [m[Ktemplate argument 1 is invalid
   34 | ancel(const std::shared_ptr<GoalHandleMeasureLapTime[01;31m[K>[m[K goal_handle);
      |                                                     [01;31m[K^[m[K

[01m[K/home/razanhmede/session9_turtlebot3_razan/session9_turtlebot3_assignmentcpp/src/turtlebot3robotcpp/include/turtlebot3robotcpp/lap_time_server.hpp:35:48:[m[K [01;31m[Kerror: [m[K‘[01m[KGoalHandleMeasureLapTime[m[K’ was not declared in this scope
   35 |     void handle_accepted(const std::shared_ptr<[01;31m[KGoalHandleMeasureLapTime[m[K> goal_handle);
      |                                                [01;31m[K^~~~~~~~~~~~~~~~~~~~~~~~[m[K
[01m[K/home/razanhmede/session9_turtlebot3_razan/session9_turtlebot3_assignmentcpp/src/turtlebot3robotcpp/include/turtlebot3robotcpp/lap_time_server.hpp:35:72:[m[K [01;31m[Kerror: [m[Ktemplate argument 1 is invalid
   35 | epted(const std::shared_ptr<GoalHandleMeasureLapTime[01;31m[K>[m[K goal_handle);
      |                                                     [01;31m[K^[m[K

[01m[K/home/razanhmede/session9_turtlebot3_razan/session9_turtlebot3_assignmentcpp/src/turtlebot3robotcpp/src/lap_time_server.cpp:3:1:[m[K [01;31m[Kerror: [m[Kno declaration matches ‘[01m[KLapTimeServer::LapTimeServer()[m[K’
    3 | [01;31m[KLapTimeServer[m[K::LapTimeServer()
      | [01;31m[K^~~~~~~~~~~~~[m[K
In file included from [01m[K/home/razanhmede/session9_turtlebot3_razan/session9_turtlebot3_assignmentcpp/src/turtlebot3robotcpp/src/lap_time_server.cpp:1[m[K:
[01m[K/home/razanhmede/session9_turtlebot3_razan/session9_turtlebot3_assignmentcpp/src/turtlebot3robotcpp/include/turtlebot3robotcpp/lap_time_server.hpp:11:7:[m[K [01;36m[Knote: [m[Kcandidates are: ‘[01m[KLapTimeServer::LapTimeServer(LapTimeServer&&)[m[K’
   11 | class [01;36m[KLapTimeServer[m[K : public rclcpp::Node
      |       [01;36m[K^~~~~~~~~~~~~[m[K
[01m[K/home/razanhmede/session9_turtlebot3_razan/session9_turtlebot3_assignmentcpp/src/turtlebot3robotcpp/include/turtlebot3robotcpp/lap_time_server.hpp:11:7:[m[K [01;36m[Knote: [m[K                ‘[01m[KLapTimeServer::LapTimeServer(const LapTimeServer&)[m[K’
[01m[K/home/razanhmede/session9_turtlebot3_razan/session9_turtlebot3_assignmentcpp/src/turtlebot3robotcpp/include/turtlebot3robotcpp/lap_time_server.hpp:17:14:[m[K [01;36m[Knote: [m[K                ‘[01m[KLapTimeServer::LapTimeServer(const rclcpp::NodeOptions&)[m[K’
   17 |     explicit [01;36m[KLapTimeServer[m[K(const rclcpp::NodeOptions & options = rclcpp::NodeOptions());
      |              [01;36m[K^~~~~~~~~~~~~[m[K
[01m[K/home/razanhmede/session9_turtlebot3_razan/session9_turtlebot3_assignmentcpp/src/turtlebot3robotcpp/include/turtlebot3robotcpp/lap_time_server.hpp:11:7:[m[K [01;36m[Knote: [m[K‘[01m[Kclass LapTimeServer[m[K’ defined here
   11 | class [01;36m[KLapTimeServer[m[K : public rclcpp::Node
      |       [01;36m[K^~~~~~~~~~~~~[m[K
[01m[K/home/razanhmede/session9_turtlebot3_razan/session9_turtlebot3_assignmentcpp/src/turtlebot3robotcpp/src/lap_time_server.cpp:[m[K In member function ‘[01m[Kvoid LapTimeServer::odometry_callback(geometry_msgs::msg::PoseWithCovarianceStamped_<std::allocator<void> >::SharedPtr)[m[K’:
[01m[K/home/razanhmede/session9_turtlebot3_razan/session9_turtlebot3_assignmentcpp/src/turtlebot3robotcpp/src/lap_time_server.cpp:41:93:[m[K [01;31m[Kerror: [m[Kno match for ‘[01m[Koperator=[m[K’ (operand types are ‘[01m[KLapTimeServer::Position[m[K’ and ‘[01m[Kstd::tuple<double, double>[m[K’)
   41 | ke_tuple(msg->pose.pose.position.x, msg->pose.pose.position.y[01;31m[K)[m[K;
      |                                                              [01;31m[K^[m[K

In file included from [01m[K/home/razanhmede/session9_turtlebot3_razan/session9_turtlebot3_assignmentcpp/src/turtlebot3robotcpp/src/lap_time_server.cpp:1[m[K:
[01m[K/home/razanhmede/session9_turtlebot3_razan/session9_turtlebot3_assignmentcpp/src/turtlebot3robotcpp/include/turtlebot3robotcpp/lap_time_server.hpp:26:12:[m[K [01;36m[Knote: [m[Kcandidate: ‘[01m[Kconstexpr LapTimeServer::Position& LapTimeServer::Position::operator=(const LapTimeServer::Position&)[m[K’
   26 |     struct [01;36m[KPosition[m[K
      |            [01;36m[K^~~~~~~~[m[K
[01m[K/home/razanhmede/session9_turtlebot3_razan/session9_turtlebot3_assignmentcpp/src/turtlebot3robotcpp/include/turtlebot3robotcpp/lap_time_server.hpp:26:12:[m[K [01;36m[Knote: [m[K  no known conversion for argument 1 from ‘[01m[Kstd::tuple<double, double>[m[K’ to ‘[01m[Kconst LapTimeServer::Position&[m[K’
[01m[K/home/razanhmede/session9_turtlebot3_razan/session9_turtlebot3_assignmentcpp/src/turtlebot3robotcpp/include/turtlebot3robotcpp/lap_time_server.hpp:26:12:[m[K [01;36m[Knote: [m[Kcandidate: ‘[01m[Kconstexpr LapTimeServer::Position& LapTimeServer::Position::operator=(LapTimeServer::Position&&)[m[K’
[01m[K/home/razanhmede/session9_turtlebot3_razan/session9_turtlebot3_assignmentcpp/src/turtlebot3robotcpp/include/turtlebot3robotcpp/lap_time_server.hpp:26:12:[m[K [01;36m[Knote: [m[K  no known conversion for argument 1 from ‘[01m[Kstd::tuple<double, double>[m[K’ to ‘[01m[KLapTimeServer::Position&&[m[K’
[01m[K/home/razanhmede/session9_turtlebot3_razan/session9_turtlebot3_assignmentcpp/src/turtlebot3robotcpp/src/lap_time_server.cpp:42:30:[m[K [01;31m[Kerror: [m[Kcannot convert ‘[01m[Krclcpp::Time[m[K’ to ‘[01m[Kdouble[m[K’ in assignment
   42 |     current_time_ = [01;31m[Kthis->now()[m[K;
      |                     [01;31m[K~~~~~~~~~^~[m[K
      |                              [01;31m[K|[m[K
      |                              [01;31m[Krclcpp::Time[m[K
[01m[K/home/razanhmede/session9_turtlebot3_razan/session9_turtlebot3_assignmentcpp/src/turtlebot3robotcpp/src/lap_time_server.cpp:[m[K At global scope:
[01m[K/home/razanhmede/session9_turtlebot3_razan/session9_turtlebot3_assignmentcpp/src/turtlebot3robotcpp/src/lap_time_server.cpp:45:44:[m[K [01;31m[Kerror: [m[K‘[01m[KGoalHandleMeasureLapTime[m[K’ does not name a type
   45 | void LapTimeServer::execute_callback(const [01;31m[KGoalHandleMeasureLapTime[m[K::SharedPtr goal_handle)
      |                                            [01;31m[K^~~~~~~~~~~~~~~~~~~~~~~~[m[K
[01m[K/home/razanhmede/session9_turtlebot3_razan/session9_turtlebot3_assignmentcpp/src/turtlebot3robotcpp/src/lap_time_server.cpp:45:80:[m[K [01;31m[Kerror: [m[Kexpected unqualified-id before ‘[01m[Kgoal_handle[m[K’
   45 | _callback(const GoalHandleMeasureLapTime::SharedPtr [01;31m[Kgoal_handle[m[K)
      |                                                     [01;31m[K^~~~~~~~~~~[m[K

[01m[K/home/razanhmede/session9_turtlebot3_razan/session9_turtlebot3_assignmentcpp/src/turtlebot3robotcpp/src/lap_time_server.cpp:45:79:[m[K [01;31m[Kerror: [m[Kexpected ‘[01m[K)[m[K’ before ‘[01m[Kgoal_handle[m[K’
   45 | e_callback[34m[K([m[Kconst GoalHandleMeasureLapTime::SharedPtr[01;31m[K [m[K[32m[Kgoal_handle[m[K)
      |           [34m[K~[m[K                                         [01;31m[K^[m[K[32m[K~~~~~~~~~~~[m[K
      |                                                     [32m[K)[m[K
[01m[K/home/razanhmede/session9_turtlebot3_razan/session9_turtlebot3_assignmentcpp/src/turtlebot3robotcpp/src/lap_time_server.cpp:45:80:[m[K [01;31m[Kerror: [m[Kexpected initializer before ‘[01m[Kgoal_handle[m[K’
   45 | _callback(const GoalHandleMeasureLapTime::SharedPtr [01;31m[Kgoal_handle[m[K)
      |                                                     [01;31m[K^~~~~~~~~~~[m[K

[01m[K/home/razanhmede/session9_turtlebot3_razan/session9_turtlebot3_assignmentcpp/src/turtlebot3robotcpp/src/lap_time_server.cpp:[m[K In member function ‘[01m[Kbool LapTimeServer::wait_for_starting_point()[m[K’:
[01m[K/home/razanhmede/session9_turtlebot3_razan/session9_turtlebot3_assignmentcpp/src/turtlebot3robotcpp/src/lap_time_server.cpp:85:34:[m[K [01;31m[Kerror: [m[Kno match for ‘[01m[Koperator=[m[K’ (operand types are ‘[01m[Kstd::tuple<float&, float&>[m[K’ and ‘[01m[KLapTimeServer::Position[m[K’)
   85 |     std::tie(start_x, start_y) = [01;31m[Kcurrent_position_[m[K;
      |                                  [01;31m[K^~~~~~~~~~~~~~~~~[m[K
In file included from [01m[K/usr/include/c++/11/bits/unique_ptr.h:37[m[K,
                 from [01m[K/usr/include/c++/11/memory:76[m[K,
                 from [01m[K/opt/ros/humble/include/rclcpp/rclcpp/rclcpp.hpp:153[m[K,
                 from [01m[K/home/razanhmede/session9_turtlebot3_razan/session9_turtlebot3_assignmentcpp/src/turtlebot3robotcpp/include/turtlebot3robotcpp/lap_time_server.hpp:4[m[K,
                 from [01m[K/home/razanhmede/session9_turtlebot3_razan/session9_turtlebot3_assignmentcpp/src/turtlebot3robotcpp/src/lap_time_server.cpp:1[m[K:
[01m[K/usr/include/c++/11/tuple:1290:9:[m[K [01;36m[Knote: [m[Kcandidate: ‘[01m[Ktemplate<class _U1, class _U2> std::__enable_if_t<__assignable<const _U1&, const _U2&>(), std::tuple<_T1, _T2>&> std::tuple<_T1, _T2>::operator=(const std::tuple<_U1, _U2>&) [with _U1 = _U1; _U2 = _U2; _T1 = float&; _T2 = float&][m[K’
 1290 |         [01;36m[Koperator[m[K=(const tuple<_U1, _U2>& __in)
      |         [01;36m[K^~~~~~~~[m[K
[01m[K/usr/include/c++/11/tuple:1290:9:[m[K [01;36m[Knote: [m[K  template argument deduction/substitution failed:
[01m[K/home/razanhmede/session9_turtlebot3_razan/session9_turtlebot3_assignmentcpp/src/turtlebot3robotcpp/src/lap_time_server.cpp:85:34:[m[K [01;36m[Knote: [m[K  ‘[01m[KLapTimeServer::Position[m[K’ is not derived from ‘[01m[Kconst std::tuple<_T1, _T2>[m[K’
   85 |     std::tie(start_x, start_y) = [01;36m[Kcurrent_position_[m[K;
      |                                  [01;36m[K^~~~~~~~~~~~~~~~~[m[K
In file included from [01m[K/usr/include/c++/11/bits/unique_ptr.h:37[m[K,
                 from [01m[K/usr/include/c++/11/memory:76[m[K,
                 from [01m[K/opt/ros/humble/include/rclcpp/rclcpp/rclcpp.hpp:153[m[K,
                 from [01m[K/home/razanhmede/session9_turtlebot3_razan/session9_turtlebot3_assignmentcpp/src/turtlebot3robotcpp/include/turtlebot3robotcpp/lap_time_server.hpp:4[m[K,
                 from [01m[K/home/razanhmede/session9_turtlebot3_razan/session9_turtlebot3_assignmentcpp/src/turtlebot3robotcpp/src/lap_time_server.cpp:1[m[K:
[01m[K/usr/include/c++/11/tuple:1300:9:[m[K [01;36m[Knote: [m[Kcandidate: ‘[01m[Ktemplate<class _U1, class _U2> std::__enable_if_t<__assignable<_U1, _U2>(), std::tuple<_T1, _T2>&> std::tuple<_T1, _T2>::operator=(std::tuple<_U1, _U2>&&) [with _U1 = _U1; _U2 = _U2; _T1 = float&; _T2 = float&][m[K’
 1300 |         [01;36m[Koperator[m[K=(tuple<_U1, _U2>&& __in)
      |         [01;36m[K^~~~~~~~[m[K
[01m[K/usr/include/c++/11/tuple:1300:9:[m[K [01;36m[Knote: [m[K  template argument deduction/substitution failed:
[01m[K/home/razanhmede/session9_turtlebot3_razan/session9_turtlebot3_assignmentcpp/src/turtlebot3robotcpp/src/lap_time_server.cpp:85:34:[m[K [01;36m[Knote: [m[K  ‘[01m[KLapTimeServer::Position[m[K’ is not derived from ‘[01m[Kstd::tuple<_T1, _T2>[m[K’
   85 |     std::tie(start_x, start_y) = [01;36m[Kcurrent_position_[m[K;
      |                                  [01;36m[K^~~~~~~~~~~~~~~~~[m[K
In file included from [01m[K/usr/include/c++/11/bits/unique_ptr.h:37[m[K,
                 from [01m[K/usr/include/c++/11/memory:76[m[K,
                 from [01m[K/opt/ros/humble/include/rclcpp/rclcpp/rclcpp.hpp:153[m[K,
                 from [01m[K/home/razanhmede/session9_turtlebot3_razan/session9_turtlebot3_assignmentcpp/src/turtlebot3robotcpp/include/turtlebot3robotcpp/lap_time_server.hpp:4[m[K,
                 from [01m[K/home/razanhmede/session9_turtlebot3_razan/session9_turtlebot3_assignmentcpp/src/turtlebot3robotcpp/src/lap_time_server.cpp:1[m[K:
[01m[K/usr/include/c++/11/tuple:1310:9:[m[K [01;36m[Knote: [m[Kcandidate: ‘[01m[Ktemplate<class _U1, class _U2> std::__enable_if_t<__assignable<const _U1&, const _U2&>(), std::tuple<_T1, _T2>&> std::tuple<_T1, _T2>::operator=(const std::pair<_U1, _U2>&) [with _U1 = _U1; _U2 = _U2; _T1 = float&; _T2 = float&][m[K’
 1310 |         [01;36m[Koperator[m[K=(const pair<_U1, _U2>& __in)
      |         [01;36m[K^~~~~~~~[m[K
[01m[K/usr/include/c++/11/tuple:1310:9:[m[K [01;36m[Knote: [m[K  template argument deduction/substitution failed:
[01m[K/home/razanhmede/session9_turtlebot3_razan/session9_turtlebot3_assignmentcpp/src/turtlebot3robotcpp/src/lap_time_server.cpp:85:34:[m[K [01;36m[Knote: [m[K  ‘[01m[KLapTimeServer::Position[m[K’ is not derived from ‘[01m[Kconst std::pair<_T1, _T2>[m[K’
   85 |     std::tie(start_x, start_y) = [01;36m[Kcurrent_position_[m[K;
      |                                  [01;36m[K^~~~~~~~~~~~~~~~~[m[K
In file included from [01m[K/usr/include/c++/11/bits/unique_ptr.h:37[m[K,
                 from [01m[K/usr/include/c++/11/memory:76[m[K,
                 from [01m[K/opt/ros/humble/include/rclcpp/rclcpp/rclcpp.hpp:153[m[K,
                 from [01m[K/home/razanhmede/session9_turtlebot3_razan/session9_turtlebot3_assignmentcpp/src/turtlebot3robotcpp/include/turtlebot3robotcpp/lap_time_server.hpp:4[m[K,
                 from [01m[K/home/razanhmede/session9_turtlebot3_razan/session9_turtlebot3_assignmentcpp/src/turtlebot3robotcpp/src/lap_time_server.cpp:1[m[K:
[01m[K/usr/include/c++/11/tuple:1321:9:[m[K [01;36m[Knote: [m[Kcandidate: ‘[01m[Ktemplate<class _U1, class _U2> std::__enable_if_t<__assignable<_U1, _U2>(), std::tuple<_T1, _T2>&> std::tuple<_T1, _T2>::operator=(std::pair<_U1, _U2>&&) [with _U1 = _U1; _U2 = _U2; _T1 = float&; _T2 = float&][m[K’
 1321 |         [01;36m[Koperator[m[K=(pair<_U1, _U2>&& __in)
      |         [01;36m[K^~~~~~~~[m[K
[01m[K/usr/include/c++/11/tuple:1321:9:[m[K [01;36m[Knote: [m[K  template argument deduction/substitution failed:
[01m[K/home/razanhmede/session9_turtlebot3_razan/session9_turtlebot3_assignmentcpp/src/turtlebot3robotcpp/src/lap_time_server.cpp:85:34:[m[K [01;36m[Knote: [m[K  ‘[01m[KLapTimeServer::Position[m[K’ is not derived from ‘[01m[Kstd::pair<_T1, _T2>[m[K’
   85 |     std::tie(start_x, start_y) = [01;36m[Kcurrent_position_[m[K;
      |                                  [01;36m[K^~~~~~~~~~~~~~~~~[m[K
In file included from [01m[K/usr/include/c++/11/bits/unique_ptr.h:37[m[K,
                 from [01m[K/usr/include/c++/11/memory:76[m[K,
                 from [01m[K/opt/ros/humble/include/rclcpp/rclcpp/rclcpp.hpp:153[m[K,
                 from [01m[K/home/razanhmede/session9_turtlebot3_razan/session9_turtlebot3_assignmentcpp/src/turtlebot3robotcpp/include/turtlebot3robotcpp/lap_time_server.hpp:4[m[K,
                 from [01m[K/home/razanhmede/session9_turtlebot3_razan/session9_turtlebot3_assignmentcpp/src/turtlebot3robotcpp/src/lap_time_server.cpp:1[m[K:
[01m[K/usr/include/c++/11/tuple:1267:7:[m[K [01;36m[Knote: [m[Kcandidate: ‘[01m[Kstd::tuple<_T1, _T2>& std::tuple<_T1, _T2>::operator=(typename std::conditional<__assignable<const _T1&, const _T2&>(), const std::tuple<_T1, _T2>&, const std::__nonesuch&>::type) [with _T1 = float&; _T2 = float&; typename std::conditional<__assignable<const _T1&, const _T2&>(), const std::tuple<_T1, _T2>&, const std::__nonesuch&>::type = const std::tuple<float&, float&>&][m[K’
 1267 |       [01;36m[Koperator[m[K=(typename conditional<__assignable<const _T1&, const _T2&>(),
      |       [01;36m[K^~~~~~~~[m[K
[01m[K/usr/include/c++/11/tuple:1269:63:[m[K [01;36m[Knote: [m[K  no known conversion for argument 1 from ‘[01m[KLapTimeServer::Position[m[K’ to ‘[01m[Kstd::conditional<true, const std::tuple<float&, float&>&, const std::__nonesuch&>::type[m[K’ {aka ‘[01m[Kconst std::tuple<float&, float&>&[m[K’}
 1267 |   operator=([01;36m[Ktypename conditional<__assignable<const _T1&, const _T2&>(),[m[K
      |             [01;36m[K~~~~~~~~~~~~~~~~~~~~~~~~~~~~~~~~~~~~~~~~~~~~~~~~~~~~~~~~~~~~[m[K

 1268 |     [01;36m[K                             const tuple&,[m[K
      |                                  [01;36m[K~~~~~~~~~~~~~[m[K             

 1269 |     [01;36m[K                             const __nonesuch&>::type __in[m[K)
      |                                  [01;36m[K~~~~~~~~~~~~~~~~~~~~~~~~~^~~~[m[K

[01m[K/usr/include/c++/11/tuple:1278:7:[m[K [01;36m[Knote: [m[Kcandidate: ‘[01m[Kstd::tuple<_T1, _T2>& std::tuple<_T1, _T2>::operator=(typename std::conditional<__assignable<_T1, _T2>(), std::tuple<_T1, _T2>&&, std::__nonesuch&&>::type) [with _T1 = float&; _T2 = float&; typename std::conditional<__assignable<_T1, _T2>(), std::tuple<_T1, _T2>&&, std::__nonesuch&&>::type = std::tuple<float&, float&>&&][m[K’
 1278 |       [01;36m[Koperator[m[K=(typename conditional<__assignable<_T1, _T2>(),
      |       [01;36m[K^~~~~~~~[m[K
[01m[K/usr/include/c++/11/tuple:1280:58:[m[K [01;36m[Knote: [m[K  no known conversion for argument 1 from ‘[01m[KLapTimeServer::Position[m[K’ to ‘[01m[Kstd::conditional<true, std::tuple<float&, float&>&&, std::__nonesuch&&>::type[m[K’ {aka ‘[01m[Kstd::tuple<float&, float&>&&[m[K’}
 1278 |       operator=([01;36m[Ktypename conditional<__assignable<_T1, _T2>(),[m[K
      |                 [01;36m[K~~~~~~~~~~~~~~~~~~~~~~~~~~~~~~~~~~~~~~~~~~~~~~[m[K
 1279 | [01;36m[K                                     tuple&&,[m[K
      |                                      [01;36m[K~~~~~~~~[m[K             
 1280 | [01;36m[K                                     __nonesuch&&>::type __in[m[K)
      |                                      [01;36m[K~~~~~~~~~~~~~~~~~~~~^~~~[m[K
[01m[K/home/razanhmede/session9_turtlebot3_razan/session9_turtlebot3_assignmentcpp/src/turtlebot3robotcpp/src/lap_time_server.cpp:[m[K At global scope:
[01m[K/home/razanhmede/session9_turtlebot3_razan/session9_turtlebot3_assignmentcpp/src/turtlebot3robotcpp/src/lap_time_server.cpp:95:6:[m[K [01;31m[Kerror: [m[Kno declaration matches ‘[01m[Kbool LapTimeServer::is_at_starting_point(float, float, float)[m[K’
   95 | bool [01;31m[KLapTimeServer[m[K::is_at_starting_point(float start_x, float start_y, float tolerance)
      |      [01;31m[K^~~~~~~~~~~~~[m[K
In file included from [01m[K/home/razanhmede/session9_turtlebot3_razan/session9_turtlebot3_assignmentcpp/src/turtlebot3robotcpp/src/lap_time_server.cpp:1[m[K:
[01m[K/home/razanhmede/session9_turtlebot3_razan/session9_turtlebot3_assignmentcpp/src/turtlebot3robotcpp/include/turtlebot3robotcpp/lap_time_server.hpp:37:10:[m[K [01;36m[Knote: [m[Kcandidate is: ‘[01m[Kbool LapTimeServer::is_at_starting_point(double, double, double)[m[K’
   37 |     bool [01;36m[Kis_at_starting_point[m[K(double start_x, double start_y, double tolerance = 0.1);
      |          [01;36m[K^~~~~~~~~~~~~~~~~~~~[m[K
In file included from [01m[K/home/razanhmede/session9_turtlebot3_razan/session9_turtlebot3_assignmentcpp/src/turtlebot3robotcpp/src/lap_time_server.cpp:1[m[K:
[01m[K/home/razanhmede/session9_turtlebot3_razan/session9_turtlebot3_assignmentcpp/src/turtlebot3robotcpp/include/turtlebot3robotcpp/lap_time_server.hpp:11:7:[m[K [01;36m[Knote: [m[K‘[01m[Kclass LapTimeServer[m[K’ defined here
   11 | class [01;36m[KLapTimeServer[m[K : public rclcpp::Node
      |       [01;36m[K^~~~~~~~~~~~~[m[K
[01m[K/home/razanhmede/session9_turtlebot3_razan/session9_turtlebot3_assignmentcpp/src/turtlebot3robotcpp/src/lap_time_server.cpp:[m[K In member function ‘[01m[Kbool LapTimeServer::wait_for_lap_completion()[m[K’:
[01m[K/home/razanhmede/session9_turtlebot3_razan/session9_turtlebot3_assignmentcpp/src/turtlebot3robotcpp/src/lap_time_server.cpp:106:34:[m[K [01;31m[Kerror: [m[Kno match for ‘[01m[Koperator=[m[K’ (operand types are ‘[01m[Kstd::tuple<float&, float&>[m[K’ and ‘[01m[KLapTimeServer::Position[m[K’)
  106 |     std::tie(start_x, start_y) = [01;31m[Kcurrent_position_[m[K;
      |                                  [01;31m[K^~~~~~~~~~~~~~~~~[m[K
In file included from [01m[K/usr/include/c++/11/bits/unique_ptr.h:37[m[K,
                 from [01m[K/usr/include/c++/11/memory:76[m[K,
                 from [01m[K/opt/ros/humble/include/rclcpp/rclcpp/rclcpp.hpp:153[m[K,
                 from [01m[K/home/razanhmede/session9_turtlebot3_razan/session9_turtlebot3_assignmentcpp/src/turtlebot3robotcpp/include/turtlebot3robotcpp/lap_time_server.hpp:4[m[K,
                 from [01m[K/home/razanhmede/session9_turtlebot3_razan/session9_turtlebot3_assignmentcpp/src/turtlebot3robotcpp/src/lap_time_server.cpp:1[m[K:
[01m[K/usr/include/c++/11/tuple:1290:9:[m[K [01;36m[Knote: [m[Kcandidate: ‘[01m[Ktemplate<class _U1, class _U2> std::__enable_if_t<__assignable<const _U1&, const _U2&>(), std::tuple<_T1, _T2>&> std::tuple<_T1, _T2>::operator=(const std::tuple<_U1, _U2>&) [with _U1 = _U1; _U2 = _U2; _T1 = float&; _T2 = float&][m[K’
 1290 |         [01;36m[Koperator[m[K=(const tuple<_U1, _U2>& __in)
      |         [01;36m[K^~~~~~~~[m[K
[01m[K/usr/include/c++/11/tuple:1290:9:[m[K [01;36m[Knote: [m[K  template argument deduction/substitution failed:
[01m[K/home/razanhmede/session9_turtlebot3_razan/session9_turtlebot3_assignmentcpp/src/turtlebot3robotcpp/src/lap_time_server.cpp:106:34:[m[K [01;36m[Knote: [m[K  ‘[01m[KLapTimeServer::Position[m[K’ is not derived from ‘[01m[Kconst std::tuple<_T1, _T2>[m[K’
  106 |     std::tie(start_x, start_y) = [01;36m[Kcurrent_position_[m[K;
      |                                  [01;36m[K^~~~~~~~~~~~~~~~~[m[K
In file included from [01m[K/usr/include/c++/11/bits/unique_ptr.h:37[m[K,
                 from [01m[K/usr/include/c++/11/memory:76[m[K,
                 from [01m[K/opt/ros/humble/include/rclcpp/rclcpp/rclcpp.hpp:153[m[K,
                 from [01m[K/home/razanhmede/session9_turtlebot3_razan/session9_turtlebot3_assignmentcpp/src/turtlebot3robotcpp/include/turtlebot3robotcpp/lap_time_server.hpp:4[m[K,
                 from [01m[K/home/razanhmede/session9_turtlebot3_razan/session9_turtlebot3_assignmentcpp/src/turtlebot3robotcpp/src/lap_time_server.cpp:1[m[K:
[01m[K/usr/include/c++/11/tuple:1300:9:[m[K [01;36m[Knote: [m[Kcandidate: ‘[01m[Ktemplate<class _U1, class _U2> std::__enable_if_t<__assignable<_U1, _U2>(), std::tuple<_T1, _T2>&> std::tuple<_T1, _T2>::operator=(std::tuple<_U1, _U2>&&) [with _U1 = _U1; _U2 = _U2; _T1 = float&; _T2 = float&][m[K’
 1300 |         [01;36m[Koperator[m[K=(tuple<_U1, _U2>&& __in)
      |         [01;36m[K^~~~~~~~[m[K
[01m[K/usr/include/c++/11/tuple:1300:9:[m[K [01;36m[Knote: [m[K  template argument deduction/substitution failed:
[01m[K/home/razanhmede/session9_turtlebot3_razan/session9_turtlebot3_assignmentcpp/src/turtlebot3robotcpp/src/lap_time_server.cpp:106:34:[m[K [01;36m[Knote: [m[K  ‘[01m[KLapTimeServer::Position[m[K’ is not derived from ‘[01m[Kstd::tuple<_T1, _T2>[m[K’
  106 |     std::tie(start_x, start_y) = [01;36m[Kcurrent_position_[m[K;
      |                                  [01;36m[K^~~~~~~~~~~~~~~~~[m[K
In file included from [01m[K/usr/include/c++/11/bits/unique_ptr.h:37[m[K,
                 from [01m[K/usr/include/c++/11/memory:76[m[K,
                 from [01m[K/opt/ros/humble/include/rclcpp/rclcpp/rclcpp.hpp:153[m[K,
                 from [01m[K/home/razanhmede/session9_turtlebot3_razan/session9_turtlebot3_assignmentcpp/src/turtlebot3robotcpp/include/turtlebot3robotcpp/lap_time_server.hpp:4[m[K,
                 from [01m[K/home/razanhmede/session9_turtlebot3_razan/session9_turtlebot3_assignmentcpp/src/turtlebot3robotcpp/src/lap_time_server.cpp:1[m[K:
[01m[K/usr/include/c++/11/tuple:1310:9:[m[K [01;36m[Knote: [m[Kcandidate: ‘[01m[Ktemplate<class _U1, class _U2> std::__enable_if_t<__assignable<const _U1&, const _U2&>(), std::tuple<_T1, _T2>&> std::tuple<_T1, _T2>::operator=(const std::pair<_U1, _U2>&) [with _U1 = _U1; _U2 = _U2; _T1 = float&; _T2 = float&][m[K’
 1310 |         [01;36m[Koperator[m[K=(const pair<_U1, _U2>& __in)
      |         [01;36m[K^~~~~~~~[m[K
[01m[K/usr/include/c++/11/tuple:1310:9:[m[K [01;36m[Knote: [m[K  template argument deduction/substitution failed:
[01m[K/home/razanhmede/session9_turtlebot3_razan/session9_turtlebot3_assignmentcpp/src/turtlebot3robotcpp/src/lap_time_server.cpp:106:34:[m[K [01;36m[Knote: [m[K  ‘[01m[KLapTimeServer::Position[m[K’ is not derived from ‘[01m[Kconst std::pair<_T1, _T2>[m[K’
  106 |     std::tie(start_x, start_y) = [01;36m[Kcurrent_position_[m[K;
      |                                  [01;36m[K^~~~~~~~~~~~~~~~~[m[K
In file included from [01m[K/usr/include/c++/11/bits/unique_ptr.h:37[m[K,
                 from [01m[K/usr/include/c++/11/memory:76[m[K,
                 from [01m[K/opt/ros/humble/include/rclcpp/rclcpp/rclcpp.hpp:153[m[K,
                 from [01m[K/home/razanhmede/session9_turtlebot3_razan/session9_turtlebot3_assignmentcpp/src/turtlebot3robotcpp/include/turtlebot3robotcpp/lap_time_server.hpp:4[m[K,
                 from [01m[K/home/razanhmede/session9_turtlebot3_razan/session9_turtlebot3_assignmentcpp/src/turtlebot3robotcpp/src/lap_time_server.cpp:1[m[K:
[01m[K/usr/include/c++/11/tuple:1321:9:[m[K [01;36m[Knote: [m[Kcandidate: ‘[01m[Ktemplate<class _U1, class _U2> std::__enable_if_t<__assignable<_U1, _U2>(), std::tuple<_T1, _T2>&> std::tuple<_T1, _T2>::operator=(std::pair<_U1, _U2>&&) [with _U1 = _U1; _U2 = _U2; _T1 = float&; _T2 = float&][m[K’
 1321 |         [01;36m[Koperator[m[K=(pair<_U1, _U2>&& __in)
      |         [01;36m[K^~~~~~~~[m[K
[01m[K/usr/include/c++/11/tuple:1321:9:[m[K [01;36m[Knote: [m[K  template argument deduction/substitution failed:
[01m[K/home/razanhmede/session9_turtlebot3_razan/session9_turtlebot3_assignmentcpp/src/turtlebot3robotcpp/src/lap_time_server.cpp:106:34:[m[K [01;36m[Knote: [m[K  ‘[01m[KLapTimeServer::Position[m[K’ is not derived from ‘[01m[Kstd::pair<_T1, _T2>[m[K’
  106 |     std::tie(start_x, start_y) = [01;36m[Kcurrent_position_[m[K;
      |                                  [01;36m[K^~~~~~~~~~~~~~~~~[m[K
In file included from [01m[K/usr/include/c++/11/bits/unique_ptr.h:37[m[K,
                 from [01m[K/usr/include/c++/11/memory:76[m[K,
                 from [01m[K/opt/ros/humble/include/rclcpp/rclcpp/rclcpp.hpp:153[m[K,
                 from [01m[K/home/razanhmede/session9_turtlebot3_razan/session9_turtlebot3_assignmentcpp/src/turtlebot3robotcpp/include/turtlebot3robotcpp/lap_time_server.hpp:4[m[K,
                 from [01m[K/home/razanhmede/session9_turtlebot3_razan/session9_turtlebot3_assignmentcpp/src/turtlebot3robotcpp/src/lap_time_server.cpp:1[m[K:
[01m[K/usr/include/c++/11/tuple:1267:7:[m[K [01;36m[Knote: [m[Kcandidate: ‘[01m[Kstd::tuple<_T1, _T2>& std::tuple<_T1, _T2>::operator=(typename std::conditional<__assignable<const _T1&, const _T2&>(), const std::tuple<_T1, _T2>&, const std::__nonesuch&>::type) [with _T1 = float&; _T2 = float&; typename std::conditional<__assignable<const _T1&, const _T2&>(), const std::tuple<_T1, _T2>&, const std::__nonesuch&>::type = const std::tuple<float&, float&>&][m[K’
 1267 |       [01;36m[Koperator[m[K=(typename conditional<__assignable<const _T1&, const _T2&>(),
      |       [01;36m[K^~~~~~~~[m[K
[01m[K/usr/include/c++/11/tuple:1269:63:[m[K [01;36m[Knote: [m[K  no known conversion for argument 1 from ‘[01m[KLapTimeServer::Position[m[K’ to ‘[01m[Kstd::conditional<true, const std::tuple<float&, float&>&, const std::__nonesuch&>::type[m[K’ {aka ‘[01m[Kconst std::tuple<float&, float&>&[m[K’}
 1267 |   operator=([01;36m[Ktypename conditional<__assignable<const _T1&, const _T2&>(),[m[K
      |             [01;36m[K~~~~~~~~~~~~~~~~~~~~~~~~~~~~~~~~~~~~~~~~~~~~~~~~~~~~~~~~~~~~[m[K

 1268 |     [01;36m[K                             const tuple&,[m[K
      |                                  [01;36m[K~~~~~~~~~~~~~[m[K             

 1269 |     [01;36m[K                             const __nonesuch&>::type __in[m[K)
      |                                  [01;36m[K~~~~~~~~~~~~~~~~~~~~~~~~~^~~~[m[K

[01m[K/usr/include/c++/11/tuple:1278:7:[m[K [01;36m[Knote: [m[Kcandidate: ‘[01m[Kstd::tuple<_T1, _T2>& std::tuple<_T1, _T2>::operator=(typename std::conditional<__assignable<_T1, _T2>(), std::tuple<_T1, _T2>&&, std::__nonesuch&&>::type) [with _T1 = float&; _T2 = float&; typename std::conditional<__assignable<_T1, _T2>(), std::tuple<_T1, _T2>&&, std::__nonesuch&&>::type = std::tuple<float&, float&>&&][m[K’
 1278 |       [01;36m[Koperator[m[K=(typename conditional<__assignable<_T1, _T2>(),
      |       [01;36m[K^~~~~~~~[m[K
[01m[K/usr/include/c++/11/tuple:1280:58:[m[K [01;36m[Knote: [m[K  no known conversion for argument 1 from ‘[01m[KLapTimeServer::Position[m[K’ to ‘[01m[Kstd::conditional<true, std::tuple<float&, float&>&&, std::__nonesuch&&>::type[m[K’ {aka ‘[01m[Kstd::tuple<float&, float&>&&[m[K’}
 1278 |       operator=([01;36m[Ktypename conditional<__assignable<_T1, _T2>(),[m[K
      |                 [01;36m[K~~~~~~~~~~~~~~~~~~~~~~~~~~~~~~~~~~~~~~~~~~~~~~[m[K
 1279 | [01;36m[K                                     tuple&&,[m[K
      |                                      [01;36m[K~~~~~~~~[m[K             
 1280 | [01;36m[K                                     __nonesuch&&>::type __in[m[K)
      |                                      [01;36m[K~~~~~~~~~~~~~~~~~~~~^~~~[m[K
gmake[2]: *** [CMakeFiles/lap_time_server.dir/build.make:76: CMakeFiles/lap_time_server.dir/src/lap_time_server.cpp.o] Error 1
gmake[1]: *** [CMakeFiles/Makefile2:193: CMakeFiles/lap_time_server.dir/all] Error 2
gmake: *** [Makefile:146: all] Error 2
