[0.090s] Invoking command in '/home/razanhmede/session9_turtlebot3_razan/session9_turtlebot3_assignmentcpp/build/turtlebot3robotcpp': CMAKE_PREFIX_PATH=/home/razanhmede/session9_turtlebot3_razan/session9_turtlebot3_assignmentcpp/install/navigation_robot_custom_interfaces:/home/razanhmede/session9_turtlebot3_razan/session9_turtlebot3_assignmentcpp/install/turtlebot3robotcpp:/opt/ros/humble /usr/bin/cmake --build /home/razanhmede/session9_turtlebot3_razan/session9_turtlebot3_assignmentcpp/build/turtlebot3robotcpp -- -j4 -l4
[0.354s] [ 25%] Built target robot_driver_node
[0.504s] [ 50%] Built target lap_time_client
[0.545s] [35m[1mConsolidate compiler generated dependencies of target lap_time_server[0m
[0.623s] [ 62%] [32mBuilding CXX object CMakeFiles/lap_time_server.dir/src/lap_time_server.cpp.o[0m
[25.192s] [ 75%] [32m[1mLinking CXX executable lap_time_server[0m
[27.516s] [ 75%] Built target lap_time_server
[27.612s] [100%] Built target wall_finder_server
[27.636s] Invoked command in '/home/razanhmede/session9_turtlebot3_razan/session9_turtlebot3_assignmentcpp/build/turtlebot3robotcpp' returned '0': CMAKE_PREFIX_PATH=/home/razanhmede/session9_turtlebot3_razan/session9_turtlebot3_assignmentcpp/install/navigation_robot_custom_interfaces:/home/razanhmede/session9_turtlebot3_razan/session9_turtlebot3_assignmentcpp/install/turtlebot3robotcpp:/opt/ros/humble /usr/bin/cmake --build /home/razanhmede/session9_turtlebot3_razan/session9_turtlebot3_assignmentcpp/build/turtlebot3robotcpp -- -j4 -l4
[27.870s] Invoking command in '/home/razanhmede/session9_turtlebot3_razan/session9_turtlebot3_assignmentcpp/build/turtlebot3robotcpp': CMAKE_PREFIX_PATH=/home/razanhmede/session9_turtlebot3_razan/session9_turtlebot3_assignmentcpp/install/navigation_robot_custom_interfaces:/home/razanhmede/session9_turtlebot3_razan/session9_turtlebot3_assignmentcpp/install/turtlebot3robotcpp:/opt/ros/humble /usr/bin/cmake --install /home/razanhmede/session9_turtlebot3_razan/session9_turtlebot3_assignmentcpp/build/turtlebot3robotcpp
[27.890s] -- Install configuration: ""
[27.931s] -- Up-to-date: /home/razanhmede/session9_turtlebot3_razan/session9_turtlebot3_assignmentcpp/install/turtlebot3robotcpp/lib/turtlebot3robotcpp/robot_driver_node
[27.959s] -- Up-to-date: /home/razanhmede/session9_turtlebot3_razan/session9_turtlebot3_assignmentcpp/install/turtlebot3robotcpp/lib/turtlebot3robotcpp/wall_finder_server
[27.974s] -- Installing: /home/razanhmede/session9_turtlebot3_razan/session9_turtlebot3_assignmentcpp/install/turtlebot3robotcpp/lib/turtlebot3robotcpp/lap_time_server
[28.025s] -- Set runtime path of "/home/razanhmede/session9_turtlebot3_razan/session9_turtlebot3_assignmentcpp/install/turtlebot3robotcpp/lib/turtlebot3robotcpp/lap_time_server" to ""
[28.062s] -- Up-to-date: /home/razanhmede/session9_turtlebot3_razan/session9_turtlebot3_assignmentcpp/install/turtlebot3robotcpp/lib/turtlebot3robotcpp/lap_time_client
[28.062s] -- Up-to-date: /home/razanhmede/session9_turtlebot3_razan/session9_turtlebot3_assignmentcpp/install/turtlebot3robotcpp/turtlebot3robotcpp/include/turtlebot3robotcpp
[28.063s] -- Up-to-date: /home/razanhmede/session9_turtlebot3_razan/session9_turtlebot3_assignmentcpp/install/turtlebot3robotcpp/turtlebot3robotcpp/include/turtlebot3robotcpp/turtlebot3robotcpp
[28.063s] -- Up-to-date: /home/razanhmede/session9_turtlebot3_razan/session9_turtlebot3_assignmentcpp/install/turtlebot3robotcpp/turtlebot3robotcpp/include/turtlebot3robotcpp/turtlebot3robotcpp/robot_driver_node.hpp
[28.063s] -- Up-to-date: /home/razanhmede/session9_turtlebot3_razan/session9_turtlebot3_assignmentcpp/install/turtlebot3robotcpp/turtlebot3robotcpp/include/turtlebot3robotcpp/turtlebot3robotcpp/wall_finder_server.hpp
[28.063s] -- Installing: /home/razanhmede/session9_turtlebot3_razan/session9_turtlebot3_assignmentcpp/install/turtlebot3robotcpp/turtlebot3robotcpp/include/turtlebot3robotcpp/turtlebot3robotcpp/lap_time_server.hpp
[28.074s] -- Up-to-date: /home/razanhmede/session9_turtlebot3_razan/session9_turtlebot3_assignmentcpp/install/turtlebot3robotcpp/turtlebot3robotcpp/include/turtlebot3robotcpp/turtlebot3robotcpp/lap_time_client.hpp
[28.074s] -- Up-to-date: /home/razanhmede/session9_turtlebot3_razan/session9_turtlebot3_assignmentcpp/install/turtlebot3robotcpp/share/turtlebot3robotcpp/launch
[28.075s] -- Up-to-date: /home/razanhmede/session9_turtlebot3_razan/session9_turtlebot3_assignmentcpp/install/turtlebot3robotcpp/share/turtlebot3robotcpp/launch/navigator_robot_launch.py
[28.075s] -- Up-to-date: /home/razanhmede/session9_turtlebot3_razan/session9_turtlebot3_assignmentcpp/install/turtlebot3robotcpp/share/ament_index/resource_index/package_run_dependencies/turtlebot3robotcpp
[28.075s] -- Up-to-date: /home/razanhmede/session9_turtlebot3_razan/session9_turtlebot3_assignmentcpp/install/turtlebot3robotcpp/share/ament_index/resource_index/parent_prefix_path/turtlebot3robotcpp
[28.075s] -- Up-to-date: /home/razanhmede/session9_turtlebot3_razan/session9_turtlebot3_assignmentcpp/install/turtlebot3robotcpp/share/turtlebot3robotcpp/environment/ament_prefix_path.sh
[28.075s] -- Up-to-date: /home/razanhmede/session9_turtlebot3_razan/session9_turtlebot3_assignmentcpp/install/turtlebot3robotcpp/share/turtlebot3robotcpp/environment/ament_prefix_path.dsv
[28.075s] -- Up-to-date: /home/razanhmede/session9_turtlebot3_razan/session9_turtlebot3_assignmentcpp/install/turtlebot3robotcpp/share/turtlebot3robotcpp/environment/path.sh
[28.075s] -- Up-to-date: /home/razanhmede/session9_turtlebot3_razan/session9_turtlebot3_assignmentcpp/install/turtlebot3robotcpp/share/turtlebot3robotcpp/environment/path.dsv
[28.077s] -- Up-to-date: /home/razanhmede/session9_turtlebot3_razan/session9_turtlebot3_assignmentcpp/install/turtlebot3robotcpp/share/turtlebot3robotcpp/local_setup.bash
[28.081s] -- Up-to-date: /home/razanhmede/session9_turtlebot3_razan/session9_turtlebot3_assignmentcpp/install/turtlebot3robotcpp/share/turtlebot3robotcpp/local_setup.sh
[28.082s] -- Up-to-date: /home/razanhmede/session9_turtlebot3_razan/session9_turtlebot3_assignmentcpp/install/turtlebot3robotcpp/share/turtlebot3robotcpp/local_setup.zsh
[28.082s] -- Up-to-date: /home/razanhmede/session9_turtlebot3_razan/session9_turtlebot3_assignmentcpp/install/turtlebot3robotcpp/share/turtlebot3robotcpp/local_setup.dsv
[28.082s] -- Installing: /home/razanhmede/session9_turtlebot3_razan/session9_turtlebot3_assignmentcpp/install/turtlebot3robotcpp/share/turtlebot3robotcpp/package.dsv
[28.082s] -- Up-to-date: /home/razanhmede/session9_turtlebot3_razan/session9_turtlebot3_assignmentcpp/install/turtlebot3robotcpp/share/ament_index/resource_index/packages/turtlebot3robotcpp
[28.082s] -- Up-to-date: /home/razanhmede/session9_turtlebot3_razan/session9_turtlebot3_assignmentcpp/install/turtlebot3robotcpp/share/turtlebot3robotcpp/cmake/turtlebot3robotcppConfig.cmake
[28.083s] -- Up-to-date: /home/razanhmede/session9_turtlebot3_razan/session9_turtlebot3_assignmentcpp/install/turtlebot3robotcpp/share/turtlebot3robotcpp/cmake/turtlebot3robotcppConfig-version.cmake
[28.083s] -- Up-to-date: /home/razanhmede/session9_turtlebot3_razan/session9_turtlebot3_assignmentcpp/install/turtlebot3robotcpp/share/turtlebot3robotcpp/package.xml
[28.083s] Invoked command in '/home/razanhmede/session9_turtlebot3_razan/session9_turtlebot3_assignmentcpp/build/turtlebot3robotcpp' returned '0': CMAKE_PREFIX_PATH=/home/razanhmede/session9_turtlebot3_razan/session9_turtlebot3_assignmentcpp/install/navigation_robot_custom_interfaces:/home/razanhmede/session9_turtlebot3_razan/session9_turtlebot3_assignmentcpp/install/turtlebot3robotcpp:/opt/ros/humble /usr/bin/cmake --install /home/razanhmede/session9_turtlebot3_razan/session9_turtlebot3_assignmentcpp/build/turtlebot3robotcpp
